Démarrage de la tâche 43 : Couche 5, P = 96
2025-03-25 13:18:09,792 - INFO - Logging initialized. Normal logs to .out, warnings/errors to .err
2025-03-25 13:18:09,792 - INFO - Model version: test
2025-03-25 13:18:09,792 - INFO - Logging initialized. Normal logs to .out, warnings/errors to .err
2025-03-25 13:18:09,792 - INFO - Model version: test
2025-03-25 13:18:09,826 - INFO - Starting job: Layer=5, P=96, Save Dir=results/projectors
2025-03-25 13:18:09,826 - INFO - Dataset: hmdb51, Root: ./data/HMDB51/videos, Output: ./data/HMDB51/preprocessed
2025-03-25 13:18:10,401 - INFO - Number of train videos: 4289
2025-03-25 13:18:10,516 - INFO - Loaded projectors for Layer 1 from results/projectors/projectors_layer_1_P96.pt
2025-03-25 13:18:10,518 - INFO - Loaded projectors for Layer 2 from results/projectors/projectors_layer_2_P96.pt
2025-03-25 13:18:10,519 - INFO - Loaded projectors for Layer 3 from results/projectors/projectors_layer_3_P96.pt
2025-03-25 13:18:10,521 - INFO - Loaded projectors for Layer 4 from results/projectors/projectors_layer_4_P96.pt
2025-03-25 13:18:10,586 - INFO - Initial memory usage: 0.68 GB
2025-03-25 13:18:10,586 - INFO - Starting projector computation for Layer 5, P=96
2025-03-25 13:18:10,586 - INFO - Extracting patches for Layer 5
2025-03-25 13:21:53,434 - INFO - Patches extracted: 6187 patches, Memory: 1.25 GB
2025-03-25 13:21:53,434 - INFO - Patches extracted: 6187 patches, Memory: 1.25 GB
2025-03-25 13:21:53,434 - INFO - Computing Nyström + RFF projectors
2025-03-25 13:21:53,434 - INFO - Starting kernel k-means for 48 projectors with 6187 samples
2025-03-25 13:21:54,093 - INFO - Nyström results: Sil=0.3783, Recon=2397.3977, Align=0.9985
2025-03-25 13:21:54,094 - INFO - Starting RFF for 48 projectors with 6187 samples
2025-03-25 13:21:54,484 - INFO - RFF results: Sil=0.3594, Recon=2211.7854, Align=1.0000
2025-03-25 13:21:54,486 - INFO - Computing random projectors
2025-03-25 13:21:54,486 - INFO - Computing random projectors for 96
2025-03-25 13:21:57,065 - INFO - Random projector results: Sil=0.2959, Recon=8994.2519, Align=0.4578
2025-03-25 13:21:57,127 - INFO - Saved to results/projectors/projectors_layer_5_P96.pt and results/projectors/metrics_layer_5_P96.npy, Memory: 1.30 GB
2025-03-25 13:21:57,128 - INFO - Job completed, Memory: 1.18 GB
Tâche 43 terminée : Couche 5, P = 96
