2025-03-25 14:17:54,761 - INFO - Logging initialized. Normal logs to .out, warnings/errors to .err
2025-03-25 14:17:54,761 - INFO - Model version: test
2025-03-25 14:17:54,762 - INFO - Logging initialized. Normal logs to .out, warnings/errors to .err
2025-03-25 14:17:54,763 - INFO - Model version: test
2025-03-25 14:17:54,838 - INFO - Logging initialized. Normal logs to .out, warnings/errors to .err
2025-03-25 14:17:54,839 - INFO - Model version: test
2025-03-25 14:17:54,848 - INFO - Using device: cuda:0
2025-03-25 14:17:54,849 - INFO - Dataset: hmdb51, Root: ./data/HMDB51/videos, Output: ./data/HMDB51/preprocessed
2025-03-25 14:17:55,838 - INFO - Number of train videos: 4289
2025-03-25 14:17:55,949 - INFO - Dataset: hmdb51, Root: ./data/HMDB51/videos, Output: ./data/HMDB51/preprocessed
2025-03-25 14:17:56,574 - INFO - Number of val videos: 1101
2025-03-25 14:17:56,581 - INFO - Dataset: hmdb51, Root: ./data/HMDB51/videos, Output: ./data/HMDB51/preprocessed
2025-03-25 14:17:57,223 - INFO - Number of test videos: 1376
2025-03-25 14:17:58,184 - INFO - Loaded projectors for layer 1 from results/projectors/projectors_layer_1_P24.pt
2025-03-25 14:17:58,194 - INFO - Loaded projectors for layer 2 from results/projectors/projectors_layer_2_P24.pt
2025-03-25 14:17:58,210 - INFO - Loaded projectors for layer 3 from results/projectors/projectors_layer_3_P24.pt
2025-03-25 14:17:58,237 - INFO - Loaded projectors for layer 4 from results/projectors/projectors_layer_4_P24.pt
2025-03-25 14:17:58,284 - INFO - Loaded projectors for layer 5 from results/projectors/projectors_layer_5_P24.pt
2025-03-25 14:17:58,828 - INFO - Model initialized with 24 projectors on cuda:0
2025-03-25 14:18:10,115 - INFO - Total parameters: 2839491
2025-03-25 14:26:40,332 - INFO - train Loss: 93.2489 Acc: 0.0256 Top-5 Acc: 0.1180
2025-03-25 14:26:40,334 - INFO - train epoch 1/100 took 510.22s
2025-03-25 14:28:55,559 - INFO - val Loss: 21.2566 Acc: 0.0227 Top-5 Acc: 0.1744
2025-03-25 14:28:55,562 - INFO - val epoch 1/100 took 135.23s
2025-03-25 14:28:55,673 - INFO - Epoch 1/100, Learning rate: 0.000280
2025-03-25 14:32:48,463 - INFO - train Loss: 90.2428 Acc: 0.0228 Top-5 Acc: 0.1247
2025-03-25 14:32:48,465 - INFO - train epoch 2/100 took 232.79s
2025-03-25 14:33:50,632 - INFO - val Loss: 31.8355 Acc: 0.0817 Top-5 Acc: 0.1626
2025-03-25 14:33:50,634 - INFO - val epoch 2/100 took 62.17s
2025-03-25 14:33:50,648 - INFO - Epoch 2/100, Learning rate: 0.000460
2025-03-25 14:37:45,460 - INFO - train Loss: 84.9041 Acc: 0.0254 Top-5 Acc: 0.1212
2025-03-25 14:37:45,462 - INFO - train epoch 3/100 took 234.81s
2025-03-25 14:38:44,906 - INFO - val Loss: 32.5794 Acc: 0.0345 Top-5 Acc: 0.1889
2025-03-25 14:38:44,907 - INFO - val epoch 3/100 took 59.44s
2025-03-25 14:38:44,919 - INFO - Epoch 3/100, Learning rate: 0.000640
2025-03-25 14:42:36,819 - INFO - train Loss: 80.7267 Acc: 0.0291 Top-5 Acc: 0.1231
2025-03-25 14:42:36,821 - INFO - train epoch 4/100 took 231.90s
2025-03-25 14:43:38,241 - INFO - val Loss: 30.3994 Acc: 0.0200 Top-5 Acc: 0.1063
2025-03-25 14:43:38,242 - INFO - val epoch 4/100 took 61.42s
2025-03-25 14:43:38,256 - INFO - Epoch 4/100, Learning rate: 0.000820
2025-03-25 14:47:25,886 - INFO - train Loss: 77.9020 Acc: 0.0254 Top-5 Acc: 0.1217
2025-03-25 14:47:25,887 - INFO - train epoch 5/100 took 227.63s
2025-03-25 14:48:26,800 - INFO - val Loss: 33.0352 Acc: 0.0772 Top-5 Acc: 0.1517
2025-03-25 14:48:26,801 - INFO - val epoch 5/100 took 60.91s
2025-03-25 14:48:26,827 - INFO - Epoch 5/100, Learning rate: 0.001000
2025-03-25 14:52:15,957 - INFO - train Loss: 72.1303 Acc: 0.0249 Top-5 Acc: 0.1257
2025-03-25 14:52:15,959 - INFO - train epoch 6/100 took 229.13s
2025-03-25 14:53:16,020 - INFO - val Loss: 27.8395 Acc: 0.0173 Top-5 Acc: 0.1108
2025-03-25 14:53:16,021 - INFO - val epoch 6/100 took 60.06s
2025-03-25 14:53:16,032 - INFO - Epoch 6/100, Learning rate: 0.001000
2025-03-25 14:57:05,952 - INFO - train Loss: 62.3740 Acc: 0.0259 Top-5 Acc: 0.1306
2025-03-25 14:57:05,953 - INFO - train epoch 7/100 took 229.92s
2025-03-25 14:58:06,843 - INFO - val Loss: 17.6007 Acc: 0.0209 Top-5 Acc: 0.1153
2025-03-25 14:58:06,844 - INFO - val epoch 7/100 took 60.89s
2025-03-25 14:58:06,856 - INFO - Epoch 7/100, Learning rate: 0.000999
2025-03-25 15:01:58,104 - INFO - train Loss: 52.6307 Acc: 0.0289 Top-5 Acc: 0.1233
2025-03-25 15:01:58,106 - INFO - train epoch 8/100 took 231.25s
2025-03-25 15:02:58,176 - INFO - val Loss: 12.3973 Acc: 0.0327 Top-5 Acc: 0.1299
2025-03-25 15:02:58,177 - INFO - val epoch 8/100 took 60.07s
2025-03-25 15:02:58,192 - INFO - Epoch 8/100, Learning rate: 0.000998
2025-03-25 15:06:45,406 - INFO - train Loss: 46.8730 Acc: 0.0298 Top-5 Acc: 0.1306
2025-03-25 15:06:45,407 - INFO - train epoch 9/100 took 227.21s
2025-03-25 15:07:45,674 - INFO - val Loss: 9.3765 Acc: 0.0354 Top-5 Acc: 0.0990
2025-03-25 15:07:45,675 - INFO - val epoch 9/100 took 60.27s
2025-03-25 15:07:45,693 - INFO - Epoch 9/100, Learning rate: 0.000996
2025-03-25 15:11:37,544 - INFO - train Loss: 40.2761 Acc: 0.0303 Top-5 Acc: 0.1259
2025-03-25 15:11:37,545 - INFO - train epoch 10/100 took 231.85s
2025-03-25 15:12:37,823 - INFO - val Loss: 8.8062 Acc: 0.0200 Top-5 Acc: 0.1553
2025-03-25 15:12:37,824 - INFO - val epoch 10/100 took 60.28s
2025-03-25 15:12:37,840 - INFO - Epoch 10/100, Learning rate: 0.000993
2025-03-25 15:12:37,840 - INFO - Test phase not implemented in this version.
2025-03-25 15:16:26,104 - INFO - train Loss: 35.4529 Acc: 0.0366 Top-5 Acc: 0.1376
2025-03-25 15:16:26,106 - INFO - train epoch 11/100 took 228.27s
2025-03-25 15:17:25,195 - INFO - val Loss: 6.8114 Acc: 0.0182 Top-5 Acc: 0.1499
2025-03-25 15:17:25,196 - INFO - val epoch 11/100 took 59.09s
2025-03-25 15:17:25,210 - INFO - Epoch 11/100, Learning rate: 0.000990
2025-03-25 15:21:17,580 - INFO - train Loss: 28.5284 Acc: 0.0315 Top-5 Acc: 0.1313
2025-03-25 15:21:17,581 - INFO - train epoch 12/100 took 232.37s
2025-03-25 15:22:16,456 - INFO - val Loss: 6.3039 Acc: 0.0345 Top-5 Acc: 0.1235
2025-03-25 15:22:16,457 - INFO - val epoch 12/100 took 58.88s
2025-03-25 15:22:16,470 - INFO - Epoch 12/100, Learning rate: 0.000987
2025-03-25 15:26:08,640 - INFO - train Loss: 23.0280 Acc: 0.0371 Top-5 Acc: 0.1427
2025-03-25 15:26:08,642 - INFO - train epoch 13/100 took 232.17s
2025-03-25 15:27:09,116 - INFO - val Loss: 5.6241 Acc: 0.0345 Top-5 Acc: 0.1826
2025-03-25 15:27:09,117 - INFO - val epoch 13/100 took 60.47s
2025-03-25 15:27:09,128 - INFO - Epoch 13/100, Learning rate: 0.000983
2025-03-25 15:30:58,316 - INFO - train Loss: 18.1760 Acc: 0.0422 Top-5 Acc: 0.1546
2025-03-25 15:30:58,317 - INFO - train epoch 14/100 took 229.19s
2025-03-25 15:31:56,891 - INFO - val Loss: 5.6596 Acc: 0.0345 Top-5 Acc: 0.1381
2025-03-25 15:31:56,892 - INFO - val epoch 14/100 took 58.57s
2025-03-25 15:31:56,903 - INFO - Epoch 14/100, Learning rate: 0.000978
2025-03-25 15:35:48,347 - INFO - train Loss: 14.2127 Acc: 0.0466 Top-5 Acc: 0.1548
2025-03-25 15:35:48,348 - INFO - train epoch 15/100 took 231.44s
2025-03-25 15:36:49,219 - INFO - val Loss: 4.4111 Acc: 0.0836 Top-5 Acc: 0.1807
2025-03-25 15:36:49,220 - INFO - val epoch 15/100 took 60.87s
2025-03-25 15:36:49,234 - INFO - Epoch 15/100, Learning rate: 0.000973
2025-03-25 15:40:36,512 - INFO - train Loss: 10.2432 Acc: 0.0511 Top-5 Acc: 0.1555
2025-03-25 15:40:36,514 - INFO - train epoch 16/100 took 227.28s
2025-03-25 15:41:37,501 - INFO - val Loss: 4.1355 Acc: 0.0808 Top-5 Acc: 0.1835
2025-03-25 15:41:37,502 - INFO - val epoch 16/100 took 60.99s
2025-03-25 15:41:37,518 - INFO - Epoch 16/100, Learning rate: 0.000967
2025-03-25 15:45:26,931 - INFO - train Loss: 7.0802 Acc: 0.0625 Top-5 Acc: 0.1732
2025-03-25 15:45:26,932 - INFO - train epoch 17/100 took 229.41s
2025-03-25 15:46:25,756 - INFO - val Loss: 3.9538 Acc: 0.0817 Top-5 Acc: 0.1780
2025-03-25 15:46:25,757 - INFO - val epoch 17/100 took 58.82s
2025-03-25 15:46:25,768 - INFO - Epoch 17/100, Learning rate: 0.000961
2025-03-25 15:50:19,753 - INFO - train Loss: 4.8869 Acc: 0.0737 Top-5 Acc: 0.1919
2025-03-25 15:50:19,754 - INFO - train epoch 18/100 took 233.99s
2025-03-25 15:51:19,773 - INFO - val Loss: 3.9186 Acc: 0.0799 Top-5 Acc: 0.1980
2025-03-25 15:51:19,774 - INFO - val epoch 18/100 took 60.02s
2025-03-25 15:51:19,786 - INFO - Epoch 18/100, Learning rate: 0.000955
2025-03-25 15:55:09,690 - INFO - train Loss: 4.0461 Acc: 0.0732 Top-5 Acc: 0.1788
2025-03-25 15:55:09,691 - INFO - train epoch 19/100 took 229.91s
2025-03-25 15:56:10,092 - INFO - val Loss: 3.8936 Acc: 0.0799 Top-5 Acc: 0.1826
2025-03-25 15:56:10,092 - INFO - val epoch 19/100 took 60.40s
2025-03-25 15:56:10,105 - INFO - Epoch 19/100, Learning rate: 0.000947
2025-03-25 15:59:55,428 - INFO - train Loss: 4.0096 Acc: 0.0727 Top-5 Acc: 0.1749
2025-03-25 15:59:55,429 - INFO - train epoch 20/100 took 225.32s
2025-03-25 16:00:54,209 - INFO - val Loss: 3.9078 Acc: 0.0827 Top-5 Acc: 0.1907
2025-03-25 16:00:54,209 - INFO - val epoch 20/100 took 58.78s
2025-03-25 16:00:54,221 - INFO - Epoch 20/100, Learning rate: 0.000940
2025-03-25 16:00:57,268 - INFO - Saved checkpoint: /usr/users/volterrakernel/lepretre_cle/volterra/models/default_version/RKHS_Five_Layers-hmdb51_epoch-19.pth.tar
2025-03-25 16:00:57,268 - INFO - Test phase not implemented in this version.
2025-03-25 16:04:50,085 - INFO - train Loss: 3.9713 Acc: 0.0739 Top-5 Acc: 0.1903
2025-03-25 16:04:50,087 - INFO - train epoch 21/100 took 232.82s
2025-03-25 16:05:49,649 - INFO - val Loss: 3.9035 Acc: 0.0808 Top-5 Acc: 0.1744
2025-03-25 16:05:49,650 - INFO - val epoch 21/100 took 59.56s
2025-03-25 16:05:49,665 - INFO - Epoch 21/100, Learning rate: 0.000932
2025-03-25 16:09:38,162 - INFO - train Loss: 3.9643 Acc: 0.0755 Top-5 Acc: 0.1879
2025-03-25 16:09:38,164 - INFO - train epoch 22/100 took 228.50s
2025-03-25 16:10:36,864 - INFO - val Loss: 3.8981 Acc: 0.0799 Top-5 Acc: 0.1862
2025-03-25 16:10:36,865 - INFO - val epoch 22/100 took 58.70s
2025-03-25 16:10:36,876 - INFO - Epoch 22/100, Learning rate: 0.000923
2025-03-25 16:14:21,534 - INFO - train Loss: 3.9470 Acc: 0.0741 Top-5 Acc: 0.1921
2025-03-25 16:14:21,535 - INFO - train epoch 23/100 took 224.66s
2025-03-25 16:15:21,673 - INFO - val Loss: 3.9123 Acc: 0.0808 Top-5 Acc: 0.1889
2025-03-25 16:15:21,674 - INFO - val epoch 23/100 took 60.14s
2025-03-25 16:15:21,687 - INFO - Epoch 23/100, Learning rate: 0.000914
2025-03-25 16:19:11,189 - INFO - train Loss: 3.9314 Acc: 0.0774 Top-5 Acc: 0.1938
2025-03-25 16:19:11,191 - INFO - train epoch 24/100 took 229.50s
2025-03-25 16:20:10,292 - INFO - val Loss: 3.9207 Acc: 0.0799 Top-5 Acc: 0.1762
2025-03-25 16:20:10,292 - INFO - val epoch 24/100 took 59.10s
2025-03-25 16:20:10,304 - INFO - Epoch 24/100, Learning rate: 0.000905
2025-03-25 16:23:56,910 - INFO - train Loss: 3.9293 Acc: 0.0786 Top-5 Acc: 0.1952
2025-03-25 16:23:56,911 - INFO - train epoch 25/100 took 226.61s
2025-03-25 16:24:56,254 - INFO - val Loss: 3.8987 Acc: 0.0799 Top-5 Acc: 0.1835
2025-03-25 16:24:56,256 - INFO - val epoch 25/100 took 59.34s
2025-03-25 16:24:56,266 - INFO - Epoch 25/100, Learning rate: 0.000895
2025-03-25 16:28:42,901 - INFO - train Loss: 3.9193 Acc: 0.0774 Top-5 Acc: 0.1870
2025-03-25 16:28:42,903 - INFO - train epoch 26/100 took 226.64s
2025-03-25 16:29:42,200 - INFO - val Loss: 3.9131 Acc: 0.0799 Top-5 Acc: 0.2007
2025-03-25 16:29:42,201 - INFO - val epoch 26/100 took 59.30s
2025-03-25 16:29:42,216 - INFO - Epoch 26/100, Learning rate: 0.000884
2025-03-25 16:33:29,975 - INFO - train Loss: 3.9050 Acc: 0.0753 Top-5 Acc: 0.1933
2025-03-25 16:33:29,976 - INFO - train epoch 27/100 took 227.76s
2025-03-25 16:34:32,900 - INFO - val Loss: 3.9341 Acc: 0.0345 Top-5 Acc: 0.1907
2025-03-25 16:34:32,900 - INFO - val epoch 27/100 took 62.92s
2025-03-25 16:34:32,914 - INFO - Epoch 27/100, Learning rate: 0.000873
2025-03-25 16:38:20,974 - INFO - train Loss: 3.9102 Acc: 0.0774 Top-5 Acc: 0.1891
2025-03-25 16:38:20,975 - INFO - train epoch 28/100 took 228.06s
2025-03-25 16:39:19,977 - INFO - val Loss: 3.8825 Acc: 0.0808 Top-5 Acc: 0.1998
2025-03-25 16:39:19,978 - INFO - val epoch 28/100 took 59.00s
2025-03-25 16:39:19,988 - INFO - Epoch 28/100, Learning rate: 0.000862
2025-03-25 16:43:06,706 - INFO - train Loss: 3.8968 Acc: 0.0737 Top-5 Acc: 0.1945
2025-03-25 16:43:06,707 - INFO - train epoch 29/100 took 226.72s
2025-03-25 16:44:05,743 - INFO - val Loss: 3.8855 Acc: 0.0808 Top-5 Acc: 0.1817
2025-03-25 16:44:05,743 - INFO - val epoch 29/100 took 59.04s
2025-03-25 16:44:05,753 - INFO - Epoch 29/100, Learning rate: 0.000851
2025-03-25 16:47:54,900 - INFO - train Loss: 3.8946 Acc: 0.0732 Top-5 Acc: 0.1896
2025-03-25 16:47:54,901 - INFO - train epoch 30/100 took 229.15s
2025-03-25 16:48:53,772 - INFO - val Loss: 3.8896 Acc: 0.0799 Top-5 Acc: 0.1989
2025-03-25 16:48:53,773 - INFO - val epoch 30/100 took 58.87s
2025-03-25 16:48:53,784 - INFO - Epoch 30/100, Learning rate: 0.000839
2025-03-25 16:48:53,784 - INFO - Test phase not implemented in this version.
2025-03-25 16:52:40,513 - INFO - train Loss: 3.8859 Acc: 0.0760 Top-5 Acc: 0.1991
2025-03-25 16:52:40,514 - INFO - train epoch 31/100 took 226.73s
2025-03-25 16:53:39,851 - INFO - val Loss: 3.8897 Acc: 0.0345 Top-5 Acc: 0.2053
2025-03-25 16:53:39,851 - INFO - val epoch 31/100 took 59.34s
2025-03-25 16:53:39,862 - INFO - Epoch 31/100, Learning rate: 0.000826
2025-03-25 16:57:26,203 - INFO - train Loss: 3.8785 Acc: 0.0718 Top-5 Acc: 0.1977
2025-03-25 16:57:26,205 - INFO - train epoch 32/100 took 226.34s
2025-03-25 16:58:26,197 - INFO - val Loss: 3.8418 Acc: 0.0863 Top-5 Acc: 0.2044
2025-03-25 16:58:26,198 - INFO - val epoch 32/100 took 59.99s
2025-03-25 16:58:26,210 - INFO - Epoch 32/100, Learning rate: 0.000814
2025-03-25 17:02:13,699 - INFO - train Loss: 3.8502 Acc: 0.0753 Top-5 Acc: 0.2084
2025-03-25 17:02:13,700 - INFO - train epoch 33/100 took 227.49s
2025-03-25 17:03:12,319 - INFO - val Loss: 3.8693 Acc: 0.0799 Top-5 Acc: 0.2035
2025-03-25 17:03:12,320 - INFO - val epoch 33/100 took 58.62s
2025-03-25 17:03:12,333 - INFO - Epoch 33/100, Learning rate: 0.000801
2025-03-25 17:07:01,761 - INFO - train Loss: 3.8214 Acc: 0.0748 Top-5 Acc: 0.2073
2025-03-25 17:07:01,763 - INFO - train epoch 34/100 took 229.43s
2025-03-25 17:08:01,917 - INFO - val Loss: 3.8205 Acc: 0.0836 Top-5 Acc: 0.2252
2025-03-25 17:08:01,918 - INFO - val epoch 34/100 took 60.15s
2025-03-25 17:08:01,929 - INFO - Epoch 34/100, Learning rate: 0.000787
2025-03-25 17:11:48,851 - INFO - train Loss: 3.8233 Acc: 0.0755 Top-5 Acc: 0.2091
2025-03-25 17:11:48,853 - INFO - train epoch 35/100 took 226.92s
2025-03-25 17:12:48,060 - INFO - val Loss: 3.7662 Acc: 0.0763 Top-5 Acc: 0.2252
2025-03-25 17:12:48,061 - INFO - val epoch 35/100 took 59.21s
2025-03-25 17:12:48,072 - INFO - Epoch 35/100, Learning rate: 0.000773
2025-03-25 17:16:33,663 - INFO - train Loss: 3.8086 Acc: 0.0760 Top-5 Acc: 0.2145
2025-03-25 17:16:33,665 - INFO - train epoch 36/100 took 225.59s
2025-03-25 17:17:33,599 - INFO - val Loss: 3.8195 Acc: 0.0645 Top-5 Acc: 0.2162
2025-03-25 17:17:33,600 - INFO - val epoch 36/100 took 59.93s
2025-03-25 17:17:33,611 - INFO - Epoch 36/100, Learning rate: 0.000759
2025-03-25 17:21:20,135 - INFO - train Loss: 3.8153 Acc: 0.0725 Top-5 Acc: 0.2117
2025-03-25 17:21:20,137 - INFO - train epoch 37/100 took 226.53s
2025-03-25 17:22:19,675 - INFO - val Loss: 3.7438 Acc: 0.0854 Top-5 Acc: 0.2252
2025-03-25 17:22:19,677 - INFO - val epoch 37/100 took 59.54s
2025-03-25 17:22:19,692 - INFO - Epoch 37/100, Learning rate: 0.000745
2025-03-25 17:26:02,840 - INFO - train Loss: 3.8146 Acc: 0.0720 Top-5 Acc: 0.2082
2025-03-25 17:26:02,841 - INFO - train epoch 38/100 took 223.15s
2025-03-25 17:27:01,996 - INFO - val Loss: 3.7889 Acc: 0.0808 Top-5 Acc: 0.1953
2025-03-25 17:27:01,997 - INFO - val epoch 38/100 took 59.16s
2025-03-25 17:27:02,009 - INFO - Epoch 38/100, Learning rate: 0.000731
2025-03-25 17:30:47,593 - INFO - train Loss: 3.7975 Acc: 0.0723 Top-5 Acc: 0.2192
2025-03-25 17:30:47,594 - INFO - train epoch 39/100 took 225.59s
2025-03-25 17:31:46,573 - INFO - val Loss: 3.7472 Acc: 0.0827 Top-5 Acc: 0.2234
2025-03-25 17:31:46,575 - INFO - val epoch 39/100 took 58.98s
2025-03-25 17:31:46,590 - INFO - Epoch 39/100, Learning rate: 0.000716
2025-03-25 17:35:33,552 - INFO - train Loss: 3.8024 Acc: 0.0720 Top-5 Acc: 0.2199
2025-03-25 17:35:33,553 - INFO - train epoch 40/100 took 226.96s
2025-03-25 17:36:33,177 - INFO - val Loss: 3.8087 Acc: 0.0718 Top-5 Acc: 0.1807
2025-03-25 17:36:33,178 - INFO - val epoch 40/100 took 59.63s
2025-03-25 17:36:33,194 - INFO - Epoch 40/100, Learning rate: 0.000701
2025-03-25 17:36:36,231 - INFO - Saved checkpoint: /usr/users/volterrakernel/lepretre_cle/volterra/models/default_version/RKHS_Five_Layers-hmdb51_epoch-39.pth.tar
2025-03-25 17:36:36,231 - INFO - Test phase not implemented in this version.
2025-03-25 17:40:23,734 - INFO - train Loss: 3.7899 Acc: 0.0774 Top-5 Acc: 0.2178
2025-03-25 17:40:23,735 - INFO - train epoch 41/100 took 227.50s
2025-03-25 17:41:23,333 - INFO - val Loss: 3.7998 Acc: 0.0400 Top-5 Acc: 0.2134
2025-03-25 17:41:23,334 - INFO - val epoch 41/100 took 59.60s
2025-03-25 17:41:23,344 - INFO - Epoch 41/100, Learning rate: 0.000686
2025-03-25 17:45:12,415 - INFO - train Loss: 3.7894 Acc: 0.0730 Top-5 Acc: 0.2119
2025-03-25 17:45:12,416 - INFO - train epoch 42/100 took 229.07s
2025-03-25 17:46:11,501 - INFO - val Loss: 3.7832 Acc: 0.0817 Top-5 Acc: 0.2134
2025-03-25 17:46:11,502 - INFO - val epoch 42/100 took 59.09s
2025-03-25 17:46:11,514 - INFO - Epoch 42/100, Learning rate: 0.000670
2025-03-25 17:49:59,220 - INFO - train Loss: 3.7947 Acc: 0.0739 Top-5 Acc: 0.2077
2025-03-25 17:49:59,222 - INFO - train epoch 43/100 took 227.71s
2025-03-25 17:50:59,602 - INFO - val Loss: 3.7706 Acc: 0.0845 Top-5 Acc: 0.2334
2025-03-25 17:50:59,603 - INFO - val epoch 43/100 took 60.38s
2025-03-25 17:50:59,616 - INFO - Epoch 43/100, Learning rate: 0.000655
2025-03-25 17:54:47,433 - INFO - train Loss: 3.7717 Acc: 0.0767 Top-5 Acc: 0.2262
2025-03-25 17:54:47,434 - INFO - train epoch 44/100 took 227.82s
2025-03-25 17:55:46,259 - INFO - val Loss: 3.8018 Acc: 0.0799 Top-5 Acc: 0.2207
2025-03-25 17:55:46,260 - INFO - val epoch 44/100 took 58.83s
2025-03-25 17:55:46,270 - INFO - Epoch 44/100, Learning rate: 0.000639
2025-03-25 17:59:33,715 - INFO - train Loss: 3.7806 Acc: 0.0797 Top-5 Acc: 0.2140
2025-03-25 17:59:33,716 - INFO - train epoch 45/100 took 227.45s
2025-03-25 18:00:32,938 - INFO - val Loss: 3.7684 Acc: 0.0808 Top-5 Acc: 0.2216
2025-03-25 18:00:32,939 - INFO - val epoch 45/100 took 59.22s
2025-03-25 18:00:32,950 - INFO - Epoch 45/100, Learning rate: 0.000623
2025-03-25 18:04:23,409 - INFO - train Loss: 3.7759 Acc: 0.0772 Top-5 Acc: 0.2264
2025-03-25 18:04:23,410 - INFO - train epoch 46/100 took 230.46s
2025-03-25 18:05:25,071 - INFO - val Loss: 3.7521 Acc: 0.0863 Top-5 Acc: 0.2407
2025-03-25 18:05:25,072 - INFO - val epoch 46/100 took 61.66s
2025-03-25 18:05:25,084 - INFO - Epoch 46/100, Learning rate: 0.000607
2025-03-25 18:09:13,506 - INFO - train Loss: 3.7647 Acc: 0.0762 Top-5 Acc: 0.2241
2025-03-25 18:09:13,508 - INFO - train epoch 47/100 took 228.42s
2025-03-25 18:10:12,842 - INFO - val Loss: 3.7480 Acc: 0.0845 Top-5 Acc: 0.2098
2025-03-25 18:10:12,844 - INFO - val epoch 47/100 took 59.34s
2025-03-25 18:10:12,857 - INFO - Epoch 47/100, Learning rate: 0.000590
2025-03-25 18:13:56,617 - INFO - train Loss: 3.7668 Acc: 0.0811 Top-5 Acc: 0.2283
2025-03-25 18:13:56,619 - INFO - train epoch 48/100 took 223.76s
2025-03-25 18:14:55,664 - INFO - val Loss: 3.7991 Acc: 0.0817 Top-5 Acc: 0.1971
2025-03-25 18:14:55,665 - INFO - val epoch 48/100 took 59.05s
2025-03-25 18:14:55,676 - INFO - Epoch 48/100, Learning rate: 0.000574
2025-03-25 18:18:40,966 - INFO - train Loss: 3.7688 Acc: 0.0776 Top-5 Acc: 0.2227
2025-03-25 18:18:40,967 - INFO - train epoch 49/100 took 225.29s
2025-03-25 18:19:40,465 - INFO - val Loss: 3.7793 Acc: 0.0854 Top-5 Acc: 0.2398
2025-03-25 18:19:40,466 - INFO - val epoch 49/100 took 59.50s
2025-03-25 18:19:40,476 - INFO - Epoch 49/100, Learning rate: 0.000558
2025-03-25 18:23:22,714 - INFO - train Loss: 3.7639 Acc: 0.0786 Top-5 Acc: 0.2339
2025-03-25 18:23:22,715 - INFO - train epoch 50/100 took 222.24s
2025-03-25 18:24:21,085 - INFO - val Loss: 3.8040 Acc: 0.0827 Top-5 Acc: 0.2171
2025-03-25 18:24:21,086 - INFO - val epoch 50/100 took 58.37s
2025-03-25 18:24:21,097 - INFO - Epoch 50/100, Learning rate: 0.000541
2025-03-25 18:24:21,097 - INFO - Test phase not implemented in this version.
2025-03-25 18:28:07,535 - INFO - train Loss: 3.7477 Acc: 0.0765 Top-5 Acc: 0.2355
2025-03-25 18:28:07,536 - INFO - train epoch 51/100 took 226.44s
2025-03-25 18:29:06,399 - INFO - val Loss: 3.7924 Acc: 0.0436 Top-5 Acc: 0.2198
2025-03-25 18:29:06,400 - INFO - val epoch 51/100 took 58.86s
2025-03-25 18:29:06,410 - INFO - Epoch 51/100, Learning rate: 0.000525
2025-03-25 18:32:51,341 - INFO - train Loss: 3.7514 Acc: 0.0795 Top-5 Acc: 0.2259
2025-03-25 18:32:51,343 - INFO - train epoch 52/100 took 224.93s
2025-03-25 18:33:50,255 - INFO - val Loss: 3.7674 Acc: 0.0863 Top-5 Acc: 0.2207
2025-03-25 18:33:50,256 - INFO - val epoch 52/100 took 58.91s
2025-03-25 18:33:50,270 - INFO - Epoch 52/100, Learning rate: 0.000508
2025-03-25 18:37:37,924 - INFO - train Loss: 3.7519 Acc: 0.0816 Top-5 Acc: 0.2278
2025-03-25 18:37:37,925 - INFO - train epoch 53/100 took 227.66s
2025-03-25 18:38:36,724 - INFO - val Loss: 3.7498 Acc: 0.0863 Top-5 Acc: 0.2343
2025-03-25 18:38:36,725 - INFO - val epoch 53/100 took 58.80s
2025-03-25 18:38:36,735 - INFO - Epoch 53/100, Learning rate: 0.000492
2025-03-25 18:42:23,234 - INFO - train Loss: 3.7449 Acc: 0.0816 Top-5 Acc: 0.2329
2025-03-25 18:42:23,235 - INFO - train epoch 54/100 took 226.50s
2025-03-25 18:43:22,427 - INFO - val Loss: 3.7934 Acc: 0.0808 Top-5 Acc: 0.2262
2025-03-25 18:43:22,427 - INFO - val epoch 54/100 took 59.19s
2025-03-25 18:43:22,438 - INFO - Epoch 54/100, Learning rate: 0.000475
2025-03-25 18:47:08,192 - INFO - train Loss: 3.7525 Acc: 0.0811 Top-5 Acc: 0.2313
2025-03-25 18:47:08,194 - INFO - train epoch 55/100 took 225.76s
2025-03-25 18:48:07,823 - INFO - val Loss: 3.7235 Acc: 0.0854 Top-5 Acc: 0.2470
2025-03-25 18:48:07,824 - INFO - val epoch 55/100 took 59.63s
2025-03-25 18:48:07,837 - INFO - Epoch 55/100, Learning rate: 0.000459
2025-03-25 18:51:53,578 - INFO - train Loss: 3.7409 Acc: 0.0814 Top-5 Acc: 0.2301
2025-03-25 18:51:53,579 - INFO - train epoch 56/100 took 225.74s
2025-03-25 18:52:52,401 - INFO - val Loss: 3.7650 Acc: 0.0836 Top-5 Acc: 0.2325
2025-03-25 18:52:52,402 - INFO - val epoch 56/100 took 58.82s
2025-03-25 18:52:52,413 - INFO - Epoch 56/100, Learning rate: 0.000442
2025-03-25 18:56:39,280 - INFO - train Loss: 3.7429 Acc: 0.0816 Top-5 Acc: 0.2299
2025-03-25 18:56:39,282 - INFO - train epoch 57/100 took 226.87s
2025-03-25 18:57:38,367 - INFO - val Loss: 3.7620 Acc: 0.0827 Top-5 Acc: 0.2271
2025-03-25 18:57:38,368 - INFO - val epoch 57/100 took 59.09s
2025-03-25 18:57:38,379 - INFO - Epoch 57/100, Learning rate: 0.000426
2025-03-25 19:01:21,823 - INFO - train Loss: 3.7414 Acc: 0.0795 Top-5 Acc: 0.2339
2025-03-25 19:01:21,824 - INFO - train epoch 58/100 took 223.44s
2025-03-25 19:02:22,124 - INFO - val Loss: 3.7608 Acc: 0.0854 Top-5 Acc: 0.2343
2025-03-25 19:02:22,125 - INFO - val epoch 58/100 took 60.30s
2025-03-25 19:02:22,136 - INFO - Epoch 58/100, Learning rate: 0.000410
2025-03-25 19:06:09,694 - INFO - train Loss: 3.7298 Acc: 0.0788 Top-5 Acc: 0.2353
2025-03-25 19:06:09,695 - INFO - train epoch 59/100 took 227.56s
2025-03-25 19:07:08,846 - INFO - val Loss: 3.7879 Acc: 0.0845 Top-5 Acc: 0.2307
2025-03-25 19:07:08,847 - INFO - val epoch 59/100 took 59.15s
2025-03-25 19:07:08,858 - INFO - Epoch 59/100, Learning rate: 0.000393
2025-03-25 19:10:56,960 - INFO - train Loss: 3.7410 Acc: 0.0790 Top-5 Acc: 0.2350
2025-03-25 19:10:56,961 - INFO - train epoch 60/100 took 228.10s
2025-03-25 19:11:56,431 - INFO - val Loss: 3.7201 Acc: 0.0872 Top-5 Acc: 0.2380
2025-03-25 19:11:56,431 - INFO - val epoch 60/100 took 59.47s
2025-03-25 19:11:56,443 - INFO - Epoch 60/100, Learning rate: 0.000377
2025-03-25 19:11:59,546 - INFO - Saved checkpoint: /usr/users/volterrakernel/lepretre_cle/volterra/models/default_version/RKHS_Five_Layers-hmdb51_epoch-59.pth.tar
2025-03-25 19:11:59,546 - INFO - Test phase not implemented in this version.
2025-03-25 19:15:41,775 - INFO - train Loss: 3.7300 Acc: 0.0809 Top-5 Acc: 0.2336
2025-03-25 19:15:41,776 - INFO - train epoch 61/100 took 222.23s
2025-03-25 19:16:41,831 - INFO - val Loss: 3.7546 Acc: 0.0908 Top-5 Acc: 0.2389
2025-03-25 19:16:41,832 - INFO - val epoch 61/100 took 60.06s
2025-03-25 19:16:41,844 - INFO - Epoch 61/100, Learning rate: 0.000361
2025-03-25 19:20:26,413 - INFO - train Loss: 3.7337 Acc: 0.0821 Top-5 Acc: 0.2406
2025-03-25 19:20:26,414 - INFO - train epoch 62/100 took 224.57s
2025-03-25 19:21:25,428 - INFO - val Loss: 3.7353 Acc: 0.0863 Top-5 Acc: 0.2252
2025-03-25 19:21:25,429 - INFO - val epoch 62/100 took 59.01s
2025-03-25 19:21:25,440 - INFO - Epoch 62/100, Learning rate: 0.000345
2025-03-25 19:25:11,114 - INFO - train Loss: 3.7143 Acc: 0.0870 Top-5 Acc: 0.2394
2025-03-25 19:25:11,115 - INFO - train epoch 63/100 took 225.67s
2025-03-25 19:26:10,024 - INFO - val Loss: 3.7440 Acc: 0.0854 Top-5 Acc: 0.2234
2025-03-25 19:26:10,025 - INFO - val epoch 63/100 took 58.91s
2025-03-25 19:26:10,035 - INFO - Epoch 63/100, Learning rate: 0.000330
2025-03-25 19:29:54,439 - INFO - train Loss: 3.7166 Acc: 0.0830 Top-5 Acc: 0.2415
2025-03-25 19:29:54,441 - INFO - train epoch 64/100 took 224.41s
2025-03-25 19:30:52,759 - INFO - val Loss: 3.7854 Acc: 0.0845 Top-5 Acc: 0.2234
2025-03-25 19:30:52,760 - INFO - val epoch 64/100 took 58.32s
2025-03-25 19:30:52,770 - INFO - Epoch 64/100, Learning rate: 0.000314
2025-03-25 19:34:36,843 - INFO - train Loss: 3.7228 Acc: 0.0837 Top-5 Acc: 0.2411
2025-03-25 19:34:36,844 - INFO - train epoch 65/100 took 224.07s
2025-03-25 19:35:35,987 - INFO - val Loss: 3.7787 Acc: 0.0863 Top-5 Acc: 0.2280
2025-03-25 19:35:35,989 - INFO - val epoch 65/100 took 59.14s
2025-03-25 19:35:36,002 - INFO - Epoch 65/100, Learning rate: 0.000299
2025-03-25 19:39:22,721 - INFO - train Loss: 3.7163 Acc: 0.0793 Top-5 Acc: 0.2394
2025-03-25 19:39:22,722 - INFO - train epoch 66/100 took 226.72s
2025-03-25 19:40:21,666 - INFO - val Loss: 3.7662 Acc: 0.0817 Top-5 Acc: 0.2298
2025-03-25 19:40:21,668 - INFO - val epoch 66/100 took 58.95s
2025-03-25 19:40:21,682 - INFO - Epoch 66/100, Learning rate: 0.000284
2025-03-25 19:44:07,457 - INFO - train Loss: 3.7101 Acc: 0.0818 Top-5 Acc: 0.2388
2025-03-25 19:44:07,458 - INFO - train epoch 67/100 took 225.78s
2025-03-25 19:45:06,543 - INFO - val Loss: 3.7696 Acc: 0.0827 Top-5 Acc: 0.2271
2025-03-25 19:45:06,544 - INFO - val epoch 67/100 took 59.09s
2025-03-25 19:45:06,556 - INFO - Epoch 67/100, Learning rate: 0.000269
2025-03-25 19:48:51,196 - INFO - train Loss: 3.7111 Acc: 0.0865 Top-5 Acc: 0.2483
2025-03-25 19:48:51,198 - INFO - train epoch 68/100 took 224.64s
2025-03-25 19:49:50,154 - INFO - val Loss: 3.7682 Acc: 0.0836 Top-5 Acc: 0.2343
2025-03-25 19:49:50,155 - INFO - val epoch 68/100 took 58.96s
2025-03-25 19:49:50,166 - INFO - Epoch 68/100, Learning rate: 0.000255
2025-03-25 19:53:33,072 - INFO - train Loss: 3.7069 Acc: 0.0821 Top-5 Acc: 0.2418
2025-03-25 19:53:33,074 - INFO - train epoch 69/100 took 222.91s
2025-03-25 19:54:32,349 - INFO - val Loss: 3.7435 Acc: 0.0817 Top-5 Acc: 0.2298
2025-03-25 19:54:32,350 - INFO - val epoch 69/100 took 59.28s
2025-03-25 19:54:32,361 - INFO - Epoch 69/100, Learning rate: 0.000241
2025-03-25 19:58:17,869 - INFO - train Loss: 3.7011 Acc: 0.0860 Top-5 Acc: 0.2460
2025-03-25 19:58:17,870 - INFO - train epoch 70/100 took 225.51s
2025-03-25 19:59:17,191 - INFO - val Loss: 3.7637 Acc: 0.0845 Top-5 Acc: 0.2443
2025-03-25 19:59:17,192 - INFO - val epoch 70/100 took 59.32s
2025-03-25 19:59:17,203 - INFO - Epoch 70/100, Learning rate: 0.000227
2025-03-25 19:59:17,203 - INFO - Test phase not implemented in this version.
2025-03-25 20:03:01,271 - INFO - train Loss: 3.6991 Acc: 0.0874 Top-5 Acc: 0.2476
2025-03-25 20:03:01,272 - INFO - train epoch 71/100 took 224.07s
2025-03-25 20:03:59,684 - INFO - val Loss: 3.7626 Acc: 0.0854 Top-5 Acc: 0.2307
2025-03-25 20:03:59,684 - INFO - val epoch 71/100 took 58.41s
2025-03-25 20:03:59,696 - INFO - Epoch 71/100, Learning rate: 0.000213
2025-03-25 20:07:45,403 - INFO - train Loss: 3.7042 Acc: 0.0832 Top-5 Acc: 0.2453
2025-03-25 20:07:45,404 - INFO - train epoch 72/100 took 225.71s
2025-03-25 20:08:44,329 - INFO - val Loss: 3.7905 Acc: 0.0799 Top-5 Acc: 0.2298
2025-03-25 20:08:44,330 - INFO - val epoch 72/100 took 58.93s
2025-03-25 20:08:44,340 - INFO - Epoch 72/100, Learning rate: 0.000199
2025-03-25 20:12:31,194 - INFO - train Loss: 3.6946 Acc: 0.0865 Top-5 Acc: 0.2625
2025-03-25 20:12:31,195 - INFO - train epoch 73/100 took 226.85s
2025-03-25 20:13:30,710 - INFO - val Loss: 3.7920 Acc: 0.0817 Top-5 Acc: 0.2262
2025-03-25 20:13:30,712 - INFO - val epoch 73/100 took 59.52s
2025-03-25 20:13:30,723 - INFO - Epoch 73/100, Learning rate: 0.000186
2025-03-25 20:17:19,184 - INFO - train Loss: 3.6908 Acc: 0.0856 Top-5 Acc: 0.2532
2025-03-25 20:17:19,185 - INFO - train epoch 74/100 took 228.46s
2025-03-25 20:18:17,226 - INFO - val Loss: 3.7696 Acc: 0.0890 Top-5 Acc: 0.2234
2025-03-25 20:18:17,227 - INFO - val epoch 74/100 took 58.04s
2025-03-25 20:18:17,236 - INFO - Epoch 74/100, Learning rate: 0.000174
2025-03-25 20:22:06,700 - INFO - train Loss: 3.6958 Acc: 0.0858 Top-5 Acc: 0.2534
2025-03-25 20:22:06,702 - INFO - train epoch 75/100 took 229.47s
2025-03-25 20:23:05,077 - INFO - val Loss: 3.7863 Acc: 0.0808 Top-5 Acc: 0.2271
2025-03-25 20:23:05,078 - INFO - val epoch 75/100 took 58.38s
2025-03-25 20:23:05,088 - INFO - Epoch 75/100, Learning rate: 0.000161
2025-03-25 20:26:50,951 - INFO - train Loss: 3.6969 Acc: 0.0830 Top-5 Acc: 0.2546
2025-03-25 20:26:50,952 - INFO - train epoch 76/100 took 225.86s
2025-03-25 20:27:50,050 - INFO - val Loss: 3.7735 Acc: 0.0808 Top-5 Acc: 0.2243
2025-03-25 20:27:50,051 - INFO - val epoch 76/100 took 59.10s
2025-03-25 20:27:50,063 - INFO - Epoch 76/100, Learning rate: 0.000149
2025-03-25 20:31:36,283 - INFO - train Loss: 3.6966 Acc: 0.0832 Top-5 Acc: 0.2530
2025-03-25 20:31:36,285 - INFO - train epoch 77/100 took 226.22s
2025-03-25 20:32:35,756 - INFO - val Loss: 3.7672 Acc: 0.0817 Top-5 Acc: 0.2225
2025-03-25 20:32:35,757 - INFO - val epoch 77/100 took 59.47s
2025-03-25 20:32:35,767 - INFO - Epoch 77/100, Learning rate: 0.000138
2025-03-25 20:36:21,009 - INFO - train Loss: 3.6801 Acc: 0.0816 Top-5 Acc: 0.2611
2025-03-25 20:36:21,010 - INFO - train epoch 78/100 took 225.24s
2025-03-25 20:37:20,482 - INFO - val Loss: 3.7627 Acc: 0.0827 Top-5 Acc: 0.2307
2025-03-25 20:37:20,483 - INFO - val epoch 78/100 took 59.47s
2025-03-25 20:37:20,493 - INFO - Epoch 78/100, Learning rate: 0.000127
2025-03-25 20:41:07,237 - INFO - train Loss: 3.6885 Acc: 0.0886 Top-5 Acc: 0.2511
2025-03-25 20:41:07,238 - INFO - train epoch 79/100 took 226.74s
2025-03-25 20:42:06,069 - INFO - val Loss: 3.7554 Acc: 0.0836 Top-5 Acc: 0.2243
2025-03-25 20:42:06,070 - INFO - val epoch 79/100 took 58.83s
2025-03-25 20:42:06,080 - INFO - Epoch 79/100, Learning rate: 0.000116
2025-03-25 20:45:49,922 - INFO - train Loss: 3.6753 Acc: 0.0891 Top-5 Acc: 0.2611
2025-03-25 20:45:49,923 - INFO - train epoch 80/100 took 223.84s
2025-03-25 20:46:48,275 - INFO - val Loss: 3.7575 Acc: 0.0817 Top-5 Acc: 0.2398
2025-03-25 20:46:48,276 - INFO - val epoch 80/100 took 58.35s
2025-03-25 20:46:48,288 - INFO - Epoch 80/100, Learning rate: 0.000105
2025-03-25 20:46:51,287 - INFO - Saved checkpoint: /usr/users/volterrakernel/lepretre_cle/volterra/models/default_version/RKHS_Five_Layers-hmdb51_epoch-79.pth.tar
2025-03-25 20:46:51,287 - INFO - Test phase not implemented in this version.
2025-03-25 20:50:36,365 - INFO - train Loss: 3.6907 Acc: 0.0825 Top-5 Acc: 0.2520
2025-03-25 20:50:36,367 - INFO - train epoch 81/100 took 225.08s
2025-03-25 20:51:35,760 - INFO - val Loss: 3.7677 Acc: 0.0845 Top-5 Acc: 0.2280
2025-03-25 20:51:35,761 - INFO - val epoch 81/100 took 59.39s
2025-03-25 20:51:35,773 - INFO - Epoch 81/100, Learning rate: 0.000095
2025-03-25 20:55:21,611 - INFO - train Loss: 3.6773 Acc: 0.0895 Top-5 Acc: 0.2588
2025-03-25 20:55:21,613 - INFO - train epoch 82/100 took 225.84s
2025-03-25 20:56:20,857 - INFO - val Loss: 3.7792 Acc: 0.0827 Top-5 Acc: 0.2289
2025-03-25 20:56:20,858 - INFO - val epoch 82/100 took 59.24s
2025-03-25 20:56:20,868 - INFO - Epoch 82/100, Learning rate: 0.000086
2025-03-25 21:00:06,773 - INFO - train Loss: 3.6743 Acc: 0.0874 Top-5 Acc: 0.2595
2025-03-25 21:00:06,774 - INFO - train epoch 83/100 took 225.91s
2025-03-25 21:01:05,908 - INFO - val Loss: 3.7792 Acc: 0.0808 Top-5 Acc: 0.2298
2025-03-25 21:01:05,909 - INFO - val epoch 83/100 took 59.13s
2025-03-25 21:01:05,922 - INFO - Epoch 83/100, Learning rate: 0.000077
2025-03-25 21:04:51,914 - INFO - train Loss: 3.6789 Acc: 0.0884 Top-5 Acc: 0.2544
2025-03-25 21:04:51,915 - INFO - train epoch 84/100 took 225.99s
2025-03-25 21:05:51,051 - INFO - val Loss: 3.7769 Acc: 0.0863 Top-5 Acc: 0.2352
2025-03-25 21:05:51,052 - INFO - val epoch 84/100 took 59.14s
2025-03-25 21:05:51,064 - INFO - Epoch 84/100, Learning rate: 0.000068
2025-03-25 21:09:37,440 - INFO - train Loss: 3.6839 Acc: 0.0825 Top-5 Acc: 0.2560
2025-03-25 21:09:37,443 - INFO - train epoch 85/100 took 226.38s
2025-03-25 21:10:36,326 - INFO - val Loss: 3.7807 Acc: 0.0845 Top-5 Acc: 0.2289
2025-03-25 21:10:36,327 - INFO - val epoch 85/100 took 58.88s
2025-03-25 21:10:36,341 - INFO - Epoch 85/100, Learning rate: 0.000060
2025-03-25 21:14:20,361 - INFO - train Loss: 3.6737 Acc: 0.0907 Top-5 Acc: 0.2621
2025-03-25 21:14:20,362 - INFO - train epoch 86/100 took 224.02s
2025-03-25 21:15:19,624 - INFO - val Loss: 3.7760 Acc: 0.0863 Top-5 Acc: 0.2334
2025-03-25 21:15:19,625 - INFO - val epoch 86/100 took 59.26s
2025-03-25 21:15:19,636 - INFO - Epoch 86/100, Learning rate: 0.000053
2025-03-25 21:19:03,337 - INFO - train Loss: 3.6758 Acc: 0.0867 Top-5 Acc: 0.2611
2025-03-25 21:19:03,339 - INFO - train epoch 87/100 took 223.70s
2025-03-25 21:20:02,442 - INFO - val Loss: 3.7889 Acc: 0.0836 Top-5 Acc: 0.2307
2025-03-25 21:20:02,443 - INFO - val epoch 87/100 took 59.10s
2025-03-25 21:20:02,464 - INFO - Epoch 87/100, Learning rate: 0.000045
2025-03-25 21:23:46,889 - INFO - train Loss: 3.6657 Acc: 0.0853 Top-5 Acc: 0.2656
2025-03-25 21:23:46,891 - INFO - train epoch 88/100 took 224.43s
2025-03-25 21:24:45,590 - INFO - val Loss: 3.7890 Acc: 0.0863 Top-5 Acc: 0.2252
2025-03-25 21:24:45,591 - INFO - val epoch 88/100 took 58.70s
2025-03-25 21:24:45,606 - INFO - Epoch 88/100, Learning rate: 0.000039
2025-03-25 21:28:30,279 - INFO - train Loss: 3.6791 Acc: 0.0865 Top-5 Acc: 0.2555
2025-03-25 21:28:30,280 - INFO - train epoch 89/100 took 224.67s
2025-03-25 21:29:29,147 - INFO - val Loss: 3.8176 Acc: 0.0808 Top-5 Acc: 0.2162
2025-03-25 21:29:29,149 - INFO - val epoch 89/100 took 58.87s
2025-03-25 21:29:29,161 - INFO - Epoch 89/100, Learning rate: 0.000033
2025-03-25 21:33:13,632 - INFO - train Loss: 3.6638 Acc: 0.0865 Top-5 Acc: 0.2702
2025-03-25 21:33:13,634 - INFO - train epoch 90/100 took 224.47s
2025-03-25 21:34:12,697 - INFO - val Loss: 3.7747 Acc: 0.0817 Top-5 Acc: 0.2207
2025-03-25 21:34:12,698 - INFO - val epoch 90/100 took 59.06s
2025-03-25 21:34:12,708 - INFO - Epoch 90/100, Learning rate: 0.000027
2025-03-25 21:34:12,708 - INFO - Test phase not implemented in this version.
2025-03-25 21:37:58,565 - INFO - train Loss: 3.6722 Acc: 0.0893 Top-5 Acc: 0.2677
2025-03-25 21:37:58,566 - INFO - train epoch 91/100 took 225.86s
2025-03-25 21:38:58,096 - INFO - val Loss: 3.7562 Acc: 0.0845 Top-5 Acc: 0.2398
2025-03-25 21:38:58,097 - INFO - val epoch 91/100 took 59.53s
2025-03-25 21:38:58,108 - INFO - Epoch 91/100, Learning rate: 0.000022
2025-03-25 21:42:43,239 - INFO - train Loss: 3.6562 Acc: 0.0907 Top-5 Acc: 0.2698
2025-03-25 21:42:43,241 - INFO - train epoch 92/100 took 225.13s
2025-03-25 21:43:42,617 - INFO - val Loss: 3.7976 Acc: 0.0845 Top-5 Acc: 0.2271
2025-03-25 21:43:42,618 - INFO - val epoch 92/100 took 59.38s
2025-03-25 21:43:42,629 - INFO - Epoch 92/100, Learning rate: 0.000017
2025-03-25 21:47:29,472 - INFO - train Loss: 3.6703 Acc: 0.0877 Top-5 Acc: 0.2642
2025-03-25 21:47:29,473 - INFO - train epoch 93/100 took 226.84s
2025-03-25 21:48:28,666 - INFO - val Loss: 3.7980 Acc: 0.0863 Top-5 Acc: 0.2262
2025-03-25 21:48:28,667 - INFO - val epoch 93/100 took 59.19s
2025-03-25 21:48:28,679 - INFO - Epoch 93/100, Learning rate: 0.000013
2025-03-25 21:52:12,719 - INFO - train Loss: 3.6689 Acc: 0.0926 Top-5 Acc: 0.2686
2025-03-25 21:52:12,720 - INFO - train epoch 94/100 took 224.04s
2025-03-25 21:53:11,363 - INFO - val Loss: 3.7929 Acc: 0.0836 Top-5 Acc: 0.2289
2025-03-25 21:53:11,364 - INFO - val epoch 94/100 took 58.64s
2025-03-25 21:53:11,376 - INFO - Epoch 94/100, Learning rate: 0.000010
2025-03-25 21:56:55,394 - INFO - train Loss: 3.6628 Acc: 0.0912 Top-5 Acc: 0.2670
2025-03-25 21:56:55,395 - INFO - train epoch 95/100 took 224.02s
2025-03-25 21:57:53,931 - INFO - val Loss: 3.8038 Acc: 0.0863 Top-5 Acc: 0.2252
2025-03-25 21:57:53,931 - INFO - val epoch 95/100 took 58.54s
2025-03-25 21:57:53,944 - INFO - Epoch 95/100, Learning rate: 0.000007
2025-03-25 22:01:36,197 - INFO - train Loss: 3.6636 Acc: 0.0898 Top-5 Acc: 0.2656
2025-03-25 22:01:36,199 - INFO - train epoch 96/100 took 222.25s
2025-03-25 22:02:34,585 - INFO - val Loss: 3.7879 Acc: 0.0863 Top-5 Acc: 0.2352
2025-03-25 22:02:34,585 - INFO - val epoch 96/100 took 58.39s
2025-03-25 22:02:34,596 - INFO - Epoch 96/100, Learning rate: 0.000004
2025-03-25 22:06:17,540 - INFO - train Loss: 3.6717 Acc: 0.0900 Top-5 Acc: 0.2621
2025-03-25 22:06:17,541 - INFO - train epoch 97/100 took 222.94s
2025-03-25 22:07:17,938 - INFO - val Loss: 3.8252 Acc: 0.0799 Top-5 Acc: 0.2189
2025-03-25 22:07:17,939 - INFO - val epoch 97/100 took 60.40s
2025-03-25 22:07:17,950 - INFO - Epoch 97/100, Learning rate: 0.000002
2025-03-25 22:11:01,722 - INFO - train Loss: 3.6631 Acc: 0.0888 Top-5 Acc: 0.2665
2025-03-25 22:11:01,723 - INFO - train epoch 98/100 took 223.77s
2025-03-25 22:12:00,448 - INFO - val Loss: 3.7812 Acc: 0.0854 Top-5 Acc: 0.2316
2025-03-25 22:12:00,449 - INFO - val epoch 98/100 took 58.73s
2025-03-25 22:12:00,460 - INFO - Epoch 98/100, Learning rate: 0.000001
2025-03-25 22:15:50,488 - INFO - train Loss: 3.6606 Acc: 0.0888 Top-5 Acc: 0.2691
2025-03-25 22:15:50,489 - INFO - train epoch 99/100 took 230.03s
2025-03-25 22:16:48,984 - INFO - val Loss: 3.8255 Acc: 0.0827 Top-5 Acc: 0.2162
2025-03-25 22:16:48,986 - INFO - val epoch 99/100 took 58.50s
2025-03-25 22:16:48,998 - INFO - Epoch 99/100, Learning rate: 0.000000
2025-03-25 22:20:35,181 - INFO - train Loss: 3.6632 Acc: 0.0888 Top-5 Acc: 0.2688
2025-03-25 22:20:35,182 - INFO - train epoch 100/100 took 226.18s
2025-03-25 22:21:34,818 - INFO - val Loss: 3.8243 Acc: 0.0845 Top-5 Acc: 0.2216
2025-03-25 22:21:34,819 - INFO - val epoch 100/100 took 59.64s
2025-03-25 22:21:34,830 - INFO - Epoch 100/100, Learning rate: 0.000000
2025-03-25 22:21:37,851 - INFO - Saved checkpoint: /usr/users/volterrakernel/lepretre_cle/volterra/models/default_version/RKHS_Five_Layers-hmdb51_epoch-99.pth.tar
2025-03-25 22:21:37,852 - INFO - Test phase not implemented in this version.
