2025-03-27 19:30:13,850 - INFO - Logging initialized. Normal logs to .out, warnings/errors to .err
2025-03-27 19:30:13,850 - INFO - Model version: test
2025-03-27 19:30:13,850 - INFO - Logging initialized. Normal logs to .out, warnings/errors to .err
2025-03-27 19:30:13,850 - INFO - Model version: test
2025-03-27 19:30:13,898 - INFO - Logging initialized. Normal logs to .out, warnings/errors to .err
2025-03-27 19:30:13,898 - INFO - Model version: test
2025-03-27 19:30:13,905 - INFO - Using device: cuda:0
2025-03-27 19:30:13,905 - INFO - Dataset: hmdb51, Root: ./data/HMDB51/videos, Output: ./data/HMDB51/preprocessed
2025-03-27 19:30:14,252 - INFO - Number of train videos: 4289
2025-03-27 19:30:14,257 - INFO - Dataset: hmdb51, Root: ./data/HMDB51/videos, Output: ./data/HMDB51/preprocessed
2025-03-27 19:30:14,507 - INFO - Number of val videos: 1101
2025-03-27 19:30:14,512 - INFO - Dataset: hmdb51, Root: ./data/HMDB51/videos, Output: ./data/HMDB51/preprocessed
2025-03-27 19:30:14,801 - INFO - Number of test videos: 1376
2025-03-27 19:30:15,130 - INFO - Loaded projectors for layer 1 from results/projectors/projectors_layer_1_P24.pt
2025-03-27 19:30:15,132 - INFO - Loaded projectors for layer 2 from results/projectors/projectors_layer_2_P24.pt
2025-03-27 19:30:15,135 - INFO - Loaded projectors for layer 3 from results/projectors/projectors_layer_3_P24.pt
2025-03-27 19:30:15,138 - INFO - Loaded projectors for layer 4 from results/projectors/projectors_layer_4_P24.pt
2025-03-27 19:30:15,143 - INFO - Loaded projectors for layer 5 from results/projectors/projectors_layer_5_P24.pt
2025-03-27 19:30:15,438 - INFO - Model initialized with 24 projectors on cuda:0
2025-03-27 19:30:18,288 - INFO - Total parameters: 28475843
2025-03-27 19:32:11,713 - INFO - train Loss: 121.6634 Acc: 0.0240 Top-5 Acc: 0.1133
2025-03-27 19:32:11,715 - INFO - train epoch 1/100 took 113.43s
2025-03-27 19:32:42,532 - INFO - val Loss: 49.0889 Acc: 0.0518 Top-5 Acc: 0.1535
2025-03-27 19:32:42,532 - INFO - val epoch 1/100 took 30.82s
2025-03-27 19:32:42,554 - INFO - Epoch 1/100, Learning rate: 0.000028
2025-03-27 19:35:02,998 - INFO - train Loss: 81.4144 Acc: 0.0287 Top-5 Acc: 0.1261
2025-03-27 19:35:02,999 - INFO - train epoch 2/100 took 137.90s
2025-03-27 19:35:36,348 - INFO - val Loss: 30.0996 Acc: 0.0245 Top-5 Acc: 0.1453
2025-03-27 19:35:36,349 - INFO - val epoch 2/100 took 33.35s
2025-03-27 19:35:36,357 - INFO - Epoch 2/100, Learning rate: 0.000046
2025-03-27 19:37:48,718 - INFO - train Loss: 53.1588 Acc: 0.0256 Top-5 Acc: 0.1224
2025-03-27 19:37:48,719 - INFO - train epoch 3/100 took 130.11s
2025-03-27 19:38:23,155 - INFO - val Loss: 17.4772 Acc: 0.0445 Top-5 Acc: 0.1617
2025-03-27 19:38:23,156 - INFO - val epoch 3/100 took 34.44s
2025-03-27 19:38:23,163 - INFO - Epoch 3/100, Learning rate: 0.000064
2025-03-27 19:40:26,558 - INFO - train Loss: 29.8870 Acc: 0.0249 Top-5 Acc: 0.1226
2025-03-27 19:40:26,559 - INFO - train epoch 4/100 took 121.71s
2025-03-27 19:40:59,884 - INFO - val Loss: 4.0354 Acc: 0.0327 Top-5 Acc: 0.1317
2025-03-27 19:40:59,885 - INFO - val epoch 4/100 took 33.33s
2025-03-27 19:40:59,893 - INFO - Epoch 4/100, Learning rate: 0.000082
2025-03-27 19:43:01,738 - INFO - train Loss: 9.1057 Acc: 0.0420 Top-5 Acc: 0.1280
2025-03-27 19:43:01,739 - INFO - train epoch 5/100 took 119.69s
2025-03-27 19:43:34,664 - INFO - val Loss: 3.9272 Acc: 0.0799 Top-5 Acc: 0.1789
2025-03-27 19:43:34,665 - INFO - val epoch 5/100 took 32.93s
2025-03-27 19:43:34,675 - INFO - Epoch 5/100, Learning rate: 0.000100
2025-03-27 19:45:37,409 - INFO - train Loss: 4.5726 Acc: 0.0690 Top-5 Acc: 0.1770
2025-03-27 19:45:37,410 - INFO - train epoch 6/100 took 120.64s
2025-03-27 19:46:10,151 - INFO - val Loss: 3.9235 Acc: 0.0799 Top-5 Acc: 0.1944
2025-03-27 19:46:10,151 - INFO - val epoch 6/100 took 32.74s
2025-03-27 19:46:10,158 - INFO - Epoch 6/100, Learning rate: 0.000100
2025-03-27 19:48:12,231 - INFO - train Loss: 4.1732 Acc: 0.0779 Top-5 Acc: 0.1889
2025-03-27 19:48:12,232 - INFO - train epoch 7/100 took 120.08s
2025-03-27 19:48:45,627 - INFO - val Loss: 4.3546 Acc: 0.0727 Top-5 Acc: 0.1935
2025-03-27 19:48:45,628 - INFO - val epoch 7/100 took 33.40s
2025-03-27 19:48:45,635 - INFO - Epoch 7/100, Learning rate: 0.000100
2025-03-27 19:50:45,265 - INFO - train Loss: 4.0500 Acc: 0.0786 Top-5 Acc: 0.1940
2025-03-27 19:50:45,266 - INFO - train epoch 8/100 took 119.63s
2025-03-27 19:51:18,744 - INFO - val Loss: 3.9168 Acc: 0.0799 Top-5 Acc: 0.1962
2025-03-27 19:51:18,746 - INFO - val epoch 8/100 took 33.48s
2025-03-27 19:51:18,757 - INFO - Epoch 8/100, Learning rate: 0.000100
2025-03-27 19:53:23,378 - INFO - train Loss: 3.9909 Acc: 0.0802 Top-5 Acc: 0.1961
2025-03-27 19:53:23,379 - INFO - train epoch 9/100 took 122.58s
2025-03-27 19:53:58,078 - INFO - val Loss: 3.9160 Acc: 0.0799 Top-5 Acc: 0.1962
2025-03-27 19:53:58,079 - INFO - val epoch 9/100 took 34.70s
2025-03-27 19:53:58,087 - INFO - Epoch 9/100, Learning rate: 0.000100
2025-03-27 19:56:01,471 - INFO - train Loss: 3.9734 Acc: 0.0795 Top-5 Acc: 0.1958
2025-03-27 19:56:01,472 - INFO - train epoch 10/100 took 121.30s
2025-03-27 19:56:35,212 - INFO - val Loss: 3.9120 Acc: 0.0799 Top-5 Acc: 0.1962
2025-03-27 19:56:35,213 - INFO - val epoch 10/100 took 33.74s
2025-03-27 19:56:35,222 - INFO - Epoch 10/100, Learning rate: 0.000099
2025-03-27 19:56:35,222 - INFO - Test phase not implemented in this version.
2025-03-27 19:58:37,873 - INFO - train Loss: 4.0120 Acc: 0.0811 Top-5 Acc: 0.1984
2025-03-27 19:58:37,874 - INFO - train epoch 11/100 took 120.77s
2025-03-27 19:59:11,368 - INFO - val Loss: 3.9098 Acc: 0.0799 Top-5 Acc: 0.1962
2025-03-27 19:59:11,369 - INFO - val epoch 11/100 took 33.49s
2025-03-27 19:59:11,376 - INFO - Epoch 11/100, Learning rate: 0.000099
2025-03-27 20:01:14,922 - INFO - train Loss: 3.9669 Acc: 0.0818 Top-5 Acc: 0.1984
2025-03-27 20:01:14,923 - INFO - train epoch 12/100 took 121.42s
2025-03-27 20:01:49,322 - INFO - val Loss: 3.9077 Acc: 0.0799 Top-5 Acc: 0.1962
2025-03-27 20:01:49,323 - INFO - val epoch 12/100 took 34.40s
2025-03-27 20:01:49,331 - INFO - Epoch 12/100, Learning rate: 0.000099
2025-03-27 20:03:54,873 - INFO - train Loss: 3.9542 Acc: 0.0816 Top-5 Acc: 0.1972
2025-03-27 20:03:54,874 - INFO - train epoch 13/100 took 123.42s
2025-03-27 20:04:28,900 - INFO - val Loss: 3.9057 Acc: 0.0799 Top-5 Acc: 0.1962
2025-03-27 20:04:28,900 - INFO - val epoch 13/100 took 34.03s
2025-03-27 20:04:28,908 - INFO - Epoch 13/100, Learning rate: 0.000098
2025-03-27 20:06:32,496 - INFO - train Loss: 3.9306 Acc: 0.0811 Top-5 Acc: 0.1979
2025-03-27 20:06:32,497 - INFO - train epoch 14/100 took 121.37s
2025-03-27 20:07:06,316 - INFO - val Loss: 3.9038 Acc: 0.0799 Top-5 Acc: 0.1962
2025-03-27 20:07:06,317 - INFO - val epoch 14/100 took 33.82s
2025-03-27 20:07:06,325 - INFO - Epoch 14/100, Learning rate: 0.000098
2025-03-27 20:09:10,051 - INFO - train Loss: 3.9636 Acc: 0.0809 Top-5 Acc: 0.1965
2025-03-27 20:09:10,051 - INFO - train epoch 15/100 took 121.31s
2025-03-27 20:09:43,176 - INFO - val Loss: 3.9019 Acc: 0.0799 Top-5 Acc: 0.1962
2025-03-27 20:09:43,177 - INFO - val epoch 15/100 took 33.12s
2025-03-27 20:09:43,184 - INFO - Epoch 15/100, Learning rate: 0.000097
2025-03-27 20:11:47,240 - INFO - train Loss: 3.9801 Acc: 0.0816 Top-5 Acc: 0.1968
2025-03-27 20:11:47,241 - INFO - train epoch 16/100 took 122.30s
2025-03-27 20:12:20,375 - INFO - val Loss: 3.9003 Acc: 0.0799 Top-5 Acc: 0.1971
2025-03-27 20:12:20,376 - INFO - val epoch 16/100 took 33.14s
2025-03-27 20:12:20,385 - INFO - Epoch 16/100, Learning rate: 0.000097
2025-03-27 20:14:21,879 - INFO - train Loss: 3.9664 Acc: 0.0804 Top-5 Acc: 0.1986
2025-03-27 20:14:21,881 - INFO - train epoch 17/100 took 119.76s
2025-03-27 20:14:55,071 - INFO - val Loss: 3.8985 Acc: 0.0799 Top-5 Acc: 0.1971
2025-03-27 20:14:55,073 - INFO - val epoch 17/100 took 33.19s
2025-03-27 20:14:55,085 - INFO - Epoch 17/100, Learning rate: 0.000096
2025-03-27 20:16:59,863 - INFO - train Loss: 3.9082 Acc: 0.0814 Top-5 Acc: 0.2003
2025-03-27 20:16:59,864 - INFO - train epoch 18/100 took 122.72s
2025-03-27 20:17:33,398 - INFO - val Loss: 3.8968 Acc: 0.0799 Top-5 Acc: 0.1971
2025-03-27 20:17:33,399 - INFO - val epoch 18/100 took 33.53s
2025-03-27 20:17:33,407 - INFO - Epoch 18/100, Learning rate: 0.000095
2025-03-27 20:19:36,730 - INFO - train Loss: 3.9098 Acc: 0.0809 Top-5 Acc: 0.1989
2025-03-27 20:19:36,731 - INFO - train epoch 19/100 took 121.65s
2025-03-27 20:20:10,128 - INFO - val Loss: 3.8952 Acc: 0.0799 Top-5 Acc: 0.1971
2025-03-27 20:20:10,129 - INFO - val epoch 19/100 took 33.40s
2025-03-27 20:20:10,136 - INFO - Epoch 19/100, Learning rate: 0.000095
2025-03-27 20:22:14,902 - INFO - train Loss: 3.9491 Acc: 0.0818 Top-5 Acc: 0.2000
2025-03-27 20:22:14,903 - INFO - train epoch 20/100 took 122.77s
2025-03-27 20:22:48,819 - INFO - val Loss: 3.8937 Acc: 0.0799 Top-5 Acc: 0.1971
2025-03-27 20:22:48,820 - INFO - val epoch 20/100 took 33.92s
2025-03-27 20:22:48,828 - INFO - Epoch 20/100, Learning rate: 0.000094
2025-03-27 20:22:50,926 - INFO - Saved checkpoint: /usr/users/volterrakernel/lepretre_cle/volterra/models/default_version/RKHS_Five_Layers-hmdb51_epoch-19.pth.tar
2025-03-27 20:22:50,926 - INFO - Test phase not implemented in this version.
2025-03-27 20:24:54,828 - INFO - train Loss: 3.9039 Acc: 0.0809 Top-5 Acc: 0.1991
2025-03-27 20:24:54,829 - INFO - train epoch 21/100 took 121.68s
2025-03-27 20:25:27,984 - INFO - val Loss: 3.8923 Acc: 0.0799 Top-5 Acc: 0.1971
2025-03-27 20:25:27,985 - INFO - val epoch 21/100 took 33.16s
2025-03-27 20:25:27,993 - INFO - Epoch 21/100, Learning rate: 0.000093
2025-03-27 20:27:30,070 - INFO - train Loss: 3.9160 Acc: 0.0814 Top-5 Acc: 0.1993
2025-03-27 20:27:30,072 - INFO - train epoch 22/100 took 120.22s
2025-03-27 20:28:03,706 - INFO - val Loss: 3.8909 Acc: 0.0799 Top-5 Acc: 0.1971
2025-03-27 20:28:03,707 - INFO - val epoch 22/100 took 33.63s
2025-03-27 20:28:03,715 - INFO - Epoch 22/100, Learning rate: 0.000092
2025-03-27 20:30:08,212 - INFO - train Loss: 3.9127 Acc: 0.0816 Top-5 Acc: 0.1993
2025-03-27 20:30:08,213 - INFO - train epoch 23/100 took 122.05s
2025-03-27 20:30:41,852 - INFO - val Loss: 3.8895 Acc: 0.0799 Top-5 Acc: 0.1971
2025-03-27 20:30:41,853 - INFO - val epoch 23/100 took 33.64s
2025-03-27 20:30:41,860 - INFO - Epoch 23/100, Learning rate: 0.000091
2025-03-27 20:32:44,858 - INFO - train Loss: 3.9633 Acc: 0.0814 Top-5 Acc: 0.2000
2025-03-27 20:32:44,859 - INFO - train epoch 24/100 took 120.95s
2025-03-27 20:33:17,991 - INFO - val Loss: 3.8882 Acc: 0.0799 Top-5 Acc: 0.1971
2025-03-27 20:33:17,992 - INFO - val epoch 24/100 took 33.13s
2025-03-27 20:33:18,000 - INFO - Epoch 24/100, Learning rate: 0.000091
2025-03-27 20:35:20,240 - INFO - train Loss: 3.9036 Acc: 0.0814 Top-5 Acc: 0.1993
2025-03-27 20:35:20,241 - INFO - train epoch 25/100 took 120.22s
2025-03-27 20:35:53,975 - INFO - val Loss: 3.8870 Acc: 0.0799 Top-5 Acc: 0.1971
2025-03-27 20:35:53,975 - INFO - val epoch 25/100 took 33.73s
2025-03-27 20:35:53,984 - INFO - Epoch 25/100, Learning rate: 0.000090
2025-03-27 20:37:57,326 - INFO - train Loss: 3.8939 Acc: 0.0816 Top-5 Acc: 0.2005
2025-03-27 20:37:57,327 - INFO - train epoch 26/100 took 121.50s
2025-03-27 20:38:30,192 - INFO - val Loss: 3.8856 Acc: 0.0799 Top-5 Acc: 0.1971
2025-03-27 20:38:30,193 - INFO - val epoch 26/100 took 32.87s
2025-03-27 20:38:30,200 - INFO - Epoch 26/100, Learning rate: 0.000089
2025-03-27 20:40:34,222 - INFO - train Loss: 3.8986 Acc: 0.0816 Top-5 Acc: 0.1998
2025-03-27 20:40:34,224 - INFO - train epoch 27/100 took 121.93s
2025-03-27 20:41:08,035 - INFO - val Loss: 3.8845 Acc: 0.0799 Top-5 Acc: 0.1971
2025-03-27 20:41:08,036 - INFO - val epoch 27/100 took 33.81s
2025-03-27 20:41:08,044 - INFO - Epoch 27/100, Learning rate: 0.000087
2025-03-27 20:43:13,130 - INFO - train Loss: 3.8983 Acc: 0.0816 Top-5 Acc: 0.1993
2025-03-27 20:43:13,131 - INFO - train epoch 28/100 took 122.91s
2025-03-27 20:43:46,427 - INFO - val Loss: 3.8835 Acc: 0.0799 Top-5 Acc: 0.1971
2025-03-27 20:43:46,427 - INFO - val epoch 28/100 took 33.30s
2025-03-27 20:43:46,435 - INFO - Epoch 28/100, Learning rate: 0.000086
2025-03-27 20:45:49,473 - INFO - train Loss: 3.9148 Acc: 0.0814 Top-5 Acc: 0.1998
2025-03-27 20:45:49,474 - INFO - train epoch 29/100 took 120.78s
2025-03-27 20:46:23,259 - INFO - val Loss: 3.8823 Acc: 0.0799 Top-5 Acc: 0.1971
2025-03-27 20:46:23,260 - INFO - val epoch 29/100 took 33.79s
2025-03-27 20:46:23,268 - INFO - Epoch 29/100, Learning rate: 0.000085
2025-03-27 20:48:24,160 - INFO - train Loss: 3.8802 Acc: 0.0816 Top-5 Acc: 0.2000
2025-03-27 20:48:24,161 - INFO - train epoch 30/100 took 119.01s
2025-03-27 20:48:56,810 - INFO - val Loss: 3.8812 Acc: 0.0799 Top-5 Acc: 0.1971
2025-03-27 20:48:56,812 - INFO - val epoch 30/100 took 32.65s
2025-03-27 20:48:56,823 - INFO - Epoch 30/100, Learning rate: 0.000084
2025-03-27 20:48:56,823 - INFO - Test phase not implemented in this version.
2025-03-27 20:50:57,417 - INFO - train Loss: 3.8905 Acc: 0.0816 Top-5 Acc: 0.2003
2025-03-27 20:50:57,418 - INFO - train epoch 31/100 took 118.59s
2025-03-27 20:51:30,961 - INFO - val Loss: 3.8805 Acc: 0.0799 Top-5 Acc: 0.1971
2025-03-27 20:51:30,962 - INFO - val epoch 31/100 took 33.54s
2025-03-27 20:51:30,969 - INFO - Epoch 31/100, Learning rate: 0.000083
2025-03-27 20:53:30,280 - INFO - train Loss: 3.8841 Acc: 0.0816 Top-5 Acc: 0.2000
2025-03-27 20:53:30,282 - INFO - train epoch 32/100 took 117.48s
2025-03-27 20:54:02,977 - INFO - val Loss: 3.8794 Acc: 0.0799 Top-5 Acc: 0.1971
2025-03-27 20:54:02,978 - INFO - val epoch 32/100 took 32.70s
2025-03-27 20:54:02,987 - INFO - Epoch 32/100, Learning rate: 0.000082
2025-03-27 20:56:03,514 - INFO - train Loss: 3.8772 Acc: 0.0816 Top-5 Acc: 0.2000
2025-03-27 20:56:03,515 - INFO - train epoch 33/100 took 118.49s
2025-03-27 20:56:36,125 - INFO - val Loss: 3.8785 Acc: 0.0799 Top-5 Acc: 0.1971
2025-03-27 20:56:36,126 - INFO - val epoch 33/100 took 32.61s
2025-03-27 20:56:36,134 - INFO - Epoch 33/100, Learning rate: 0.000080
2025-03-27 20:58:20,180 - INFO - train Loss: 3.9234 Acc: 0.0821 Top-5 Acc: 0.2003
2025-03-27 20:58:20,182 - INFO - train epoch 34/100 took 101.98s
2025-03-27 20:58:46,031 - INFO - val Loss: 3.8778 Acc: 0.0799 Top-5 Acc: 0.1971
2025-03-27 20:58:46,031 - INFO - val epoch 34/100 took 25.85s
2025-03-27 20:58:46,039 - INFO - Epoch 34/100, Learning rate: 0.000079
2025-03-27 21:00:20,817 - INFO - train Loss: 3.8763 Acc: 0.0811 Top-5 Acc: 0.1996
2025-03-27 21:00:20,818 - INFO - train epoch 35/100 took 92.61s
2025-03-27 21:00:54,262 - INFO - val Loss: 3.8768 Acc: 0.0799 Top-5 Acc: 0.1971
2025-03-27 21:00:54,263 - INFO - val epoch 35/100 took 33.44s
2025-03-27 21:00:54,271 - INFO - Epoch 35/100, Learning rate: 0.000078
2025-03-27 21:02:57,486 - INFO - train Loss: 3.8767 Acc: 0.0816 Top-5 Acc: 0.2000
2025-03-27 21:02:57,488 - INFO - train epoch 36/100 took 121.11s
2025-03-27 21:03:30,656 - INFO - val Loss: 3.8764 Acc: 0.0799 Top-5 Acc: 0.1971
2025-03-27 21:03:30,657 - INFO - val epoch 36/100 took 33.17s
2025-03-27 21:03:30,666 - INFO - Epoch 36/100, Learning rate: 0.000076
2025-03-27 21:05:30,999 - INFO - train Loss: 3.9001 Acc: 0.0816 Top-5 Acc: 0.2000
2025-03-27 21:05:30,999 - INFO - train epoch 37/100 took 118.34s
2025-03-27 21:06:03,459 - INFO - val Loss: 3.8754 Acc: 0.0799 Top-5 Acc: 0.1971
2025-03-27 21:06:03,460 - INFO - val epoch 37/100 took 32.46s
2025-03-27 21:06:03,468 - INFO - Epoch 37/100, Learning rate: 0.000075
2025-03-27 21:08:03,662 - INFO - train Loss: 3.8731 Acc: 0.0816 Top-5 Acc: 0.2000
2025-03-27 21:08:03,664 - INFO - train epoch 38/100 took 117.94s
2025-03-27 21:08:36,334 - INFO - val Loss: 3.8748 Acc: 0.0799 Top-5 Acc: 0.1971
2025-03-27 21:08:36,335 - INFO - val epoch 38/100 took 32.67s
2025-03-27 21:08:36,344 - INFO - Epoch 38/100, Learning rate: 0.000073
2025-03-27 21:10:34,898 - INFO - train Loss: 3.8745 Acc: 0.0816 Top-5 Acc: 0.1996
2025-03-27 21:10:34,899 - INFO - train epoch 39/100 took 116.25s
2025-03-27 21:11:07,150 - INFO - val Loss: 3.8745 Acc: 0.0799 Top-5 Acc: 0.1971
2025-03-27 21:11:07,151 - INFO - val epoch 39/100 took 32.25s
2025-03-27 21:11:07,158 - INFO - Epoch 39/100, Learning rate: 0.000072
2025-03-27 21:13:08,856 - INFO - train Loss: 3.8765 Acc: 0.0816 Top-5 Acc: 0.2000
2025-03-27 21:13:08,857 - INFO - train epoch 40/100 took 119.75s
2025-03-27 21:13:41,865 - INFO - val Loss: 3.8734 Acc: 0.0799 Top-5 Acc: 0.1971
2025-03-27 21:13:41,866 - INFO - val epoch 40/100 took 33.01s
2025-03-27 21:13:41,873 - INFO - Epoch 40/100, Learning rate: 0.000070
2025-03-27 21:13:44,229 - INFO - Saved checkpoint: /usr/users/volterrakernel/lepretre_cle/volterra/models/default_version/RKHS_Five_Layers-hmdb51_epoch-39.pth.tar
2025-03-27 21:13:44,229 - INFO - Test phase not implemented in this version.
2025-03-27 21:15:45,827 - INFO - train Loss: 3.8933 Acc: 0.0816 Top-5 Acc: 0.2000
2025-03-27 21:15:45,828 - INFO - train epoch 41/100 took 119.37s
2025-03-27 21:16:19,355 - INFO - val Loss: 3.8730 Acc: 0.0799 Top-5 Acc: 0.1971
2025-03-27 21:16:19,356 - INFO - val epoch 41/100 took 33.53s
2025-03-27 21:16:19,364 - INFO - Epoch 41/100, Learning rate: 0.000069
2025-03-27 21:18:20,979 - INFO - train Loss: 3.8762 Acc: 0.0816 Top-5 Acc: 0.2000
2025-03-27 21:18:20,980 - INFO - train epoch 42/100 took 119.14s
2025-03-27 21:18:54,037 - INFO - val Loss: 3.8723 Acc: 0.0799 Top-5 Acc: 0.1971
2025-03-27 21:18:54,038 - INFO - val epoch 42/100 took 33.06s
2025-03-27 21:18:54,045 - INFO - Epoch 42/100, Learning rate: 0.000067
2025-03-27 21:20:53,083 - INFO - train Loss: 3.8758 Acc: 0.0816 Top-5 Acc: 0.1998
2025-03-27 21:20:53,084 - INFO - train epoch 43/100 took 116.72s
2025-03-27 21:21:25,894 - INFO - val Loss: 3.8720 Acc: 0.0799 Top-5 Acc: 0.1971
2025-03-27 21:21:25,895 - INFO - val epoch 43/100 took 32.81s
2025-03-27 21:21:25,905 - INFO - Epoch 43/100, Learning rate: 0.000066
2025-03-27 21:23:25,748 - INFO - train Loss: 3.8825 Acc: 0.0814 Top-5 Acc: 0.1998
2025-03-27 21:23:25,749 - INFO - train epoch 44/100 took 117.55s
2025-03-27 21:23:58,220 - INFO - val Loss: 3.8712 Acc: 0.0799 Top-5 Acc: 0.1971
2025-03-27 21:23:58,221 - INFO - val epoch 44/100 took 32.47s
2025-03-27 21:23:58,230 - INFO - Epoch 44/100, Learning rate: 0.000064
2025-03-27 21:25:57,609 - INFO - train Loss: 3.8688 Acc: 0.0816 Top-5 Acc: 0.2000
2025-03-27 21:25:57,610 - INFO - train epoch 45/100 took 117.36s
2025-03-27 21:26:30,778 - INFO - val Loss: 3.8709 Acc: 0.0799 Top-5 Acc: 0.1971
2025-03-27 21:26:30,779 - INFO - val epoch 45/100 took 33.17s
2025-03-27 21:26:30,788 - INFO - Epoch 45/100, Learning rate: 0.000063
2025-03-27 21:28:30,263 - INFO - train Loss: 3.8705 Acc: 0.0816 Top-5 Acc: 0.2000
2025-03-27 21:28:30,263 - INFO - train epoch 46/100 took 117.11s
2025-03-27 21:29:03,619 - INFO - val Loss: 3.8705 Acc: 0.0799 Top-5 Acc: 0.1971
2025-03-27 21:29:03,620 - INFO - val epoch 46/100 took 33.36s
2025-03-27 21:29:03,628 - INFO - Epoch 46/100, Learning rate: 0.000061
2025-03-27 21:31:01,627 - INFO - train Loss: 3.8741 Acc: 0.0816 Top-5 Acc: 0.1996
2025-03-27 21:31:01,628 - INFO - train epoch 47/100 took 115.84s
2025-03-27 21:31:34,128 - INFO - val Loss: 3.8699 Acc: 0.0799 Top-5 Acc: 0.1971
2025-03-27 21:31:34,129 - INFO - val epoch 47/100 took 32.50s
2025-03-27 21:31:34,136 - INFO - Epoch 47/100, Learning rate: 0.000059
2025-03-27 21:33:34,688 - INFO - train Loss: 3.8676 Acc: 0.0816 Top-5 Acc: 0.2000
2025-03-27 21:33:34,689 - INFO - train epoch 48/100 took 117.89s
2025-03-27 21:34:07,056 - INFO - val Loss: 3.8697 Acc: 0.0799 Top-5 Acc: 0.1971
2025-03-27 21:34:07,058 - INFO - val epoch 48/100 took 32.37s
2025-03-27 21:34:07,071 - INFO - Epoch 48/100, Learning rate: 0.000058
2025-03-27 21:36:08,903 - INFO - train Loss: 3.8672 Acc: 0.0816 Top-5 Acc: 0.2000
2025-03-27 21:36:08,904 - INFO - train epoch 49/100 took 119.36s
2025-03-27 21:36:41,415 - INFO - val Loss: 3.8694 Acc: 0.0799 Top-5 Acc: 0.1971
2025-03-27 21:36:41,416 - INFO - val epoch 49/100 took 32.51s
2025-03-27 21:36:41,424 - INFO - Epoch 49/100, Learning rate: 0.000056
2025-03-27 21:38:43,088 - INFO - train Loss: 3.8666 Acc: 0.0816 Top-5 Acc: 0.2000
2025-03-27 21:38:43,089 - INFO - train epoch 50/100 took 119.27s
2025-03-27 21:39:15,457 - INFO - val Loss: 3.8687 Acc: 0.0799 Top-5 Acc: 0.1971
2025-03-27 21:39:15,459 - INFO - val epoch 50/100 took 32.37s
2025-03-27 21:39:15,472 - INFO - Epoch 50/100, Learning rate: 0.000055
2025-03-27 21:39:15,472 - INFO - Test phase not implemented in this version.
2025-03-27 21:41:13,724 - INFO - train Loss: 3.8670 Acc: 0.0816 Top-5 Acc: 0.2000
2025-03-27 21:41:13,725 - INFO - train epoch 51/100 took 116.01s
2025-03-27 21:41:46,627 - INFO - val Loss: 3.8686 Acc: 0.0799 Top-5 Acc: 0.1971
2025-03-27 21:41:46,628 - INFO - val epoch 51/100 took 32.90s
2025-03-27 21:41:46,637 - INFO - Epoch 51/100, Learning rate: 0.000053
2025-03-27 21:43:51,049 - INFO - train Loss: 3.9015 Acc: 0.0816 Top-5 Acc: 0.2003
2025-03-27 21:43:51,051 - INFO - train epoch 52/100 took 122.25s
2025-03-27 21:44:23,990 - INFO - val Loss: 3.8685 Acc: 0.0799 Top-5 Acc: 0.1971
2025-03-27 21:44:23,991 - INFO - val epoch 52/100 took 32.94s
2025-03-27 21:44:24,000 - INFO - Epoch 52/100, Learning rate: 0.000051
2025-03-27 21:46:24,913 - INFO - train Loss: 3.8656 Acc: 0.0816 Top-5 Acc: 0.2000
2025-03-27 21:46:24,914 - INFO - train epoch 53/100 took 118.47s
2025-03-27 21:46:56,614 - INFO - val Loss: 3.8679 Acc: 0.0799 Top-5 Acc: 0.1971
2025-03-27 21:46:56,615 - INFO - val epoch 53/100 took 31.70s
2025-03-27 21:46:56,623 - INFO - Epoch 53/100, Learning rate: 0.000050
2025-03-27 21:48:47,088 - INFO - train Loss: 3.8850 Acc: 0.0814 Top-5 Acc: 0.1996
2025-03-27 21:48:47,089 - INFO - train epoch 54/100 took 108.16s
2025-03-27 21:49:13,619 - INFO - val Loss: 3.8676 Acc: 0.0799 Top-5 Acc: 0.1971
2025-03-27 21:49:13,620 - INFO - val epoch 54/100 took 26.53s
2025-03-27 21:49:13,628 - INFO - Epoch 54/100, Learning rate: 0.000048
2025-03-27 21:51:17,486 - INFO - train Loss: 3.8650 Acc: 0.0816 Top-5 Acc: 0.2000
2025-03-27 21:51:17,487 - INFO - train epoch 55/100 took 121.55s
2025-03-27 21:51:50,024 - INFO - val Loss: 3.8674 Acc: 0.0799 Top-5 Acc: 0.1971
2025-03-27 21:51:50,026 - INFO - val epoch 55/100 took 32.54s
2025-03-27 21:51:50,038 - INFO - Epoch 55/100, Learning rate: 0.000046
2025-03-27 21:53:52,350 - INFO - train Loss: 3.8656 Acc: 0.0816 Top-5 Acc: 0.2000
2025-03-27 21:53:52,351 - INFO - train epoch 56/100 took 119.92s
2025-03-27 21:54:24,839 - INFO - val Loss: 3.8673 Acc: 0.0799 Top-5 Acc: 0.1971
2025-03-27 21:54:24,840 - INFO - val epoch 56/100 took 32.49s
2025-03-27 21:54:24,849 - INFO - Epoch 56/100, Learning rate: 0.000045
2025-03-27 21:55:56,743 - INFO - train Loss: 3.8645 Acc: 0.0816 Top-5 Acc: 0.2000
2025-03-27 21:55:56,744 - INFO - train epoch 57/100 took 89.97s
2025-03-27 21:56:20,865 - INFO - val Loss: 3.8669 Acc: 0.0799 Top-5 Acc: 0.1971
2025-03-27 21:56:20,866 - INFO - val epoch 57/100 took 24.12s
2025-03-27 21:56:20,876 - INFO - Epoch 57/100, Learning rate: 0.000043
2025-03-27 21:58:26,518 - INFO - train Loss: 3.8642 Acc: 0.0816 Top-5 Acc: 0.2000
2025-03-27 21:58:26,519 - INFO - train epoch 58/100 took 123.26s
2025-03-27 21:59:00,182 - INFO - val Loss: 3.8665 Acc: 0.0799 Top-5 Acc: 0.1971
2025-03-27 21:59:00,183 - INFO - val epoch 58/100 took 33.66s
2025-03-27 21:59:00,191 - INFO - Epoch 58/100, Learning rate: 0.000042
2025-03-27 22:01:03,990 - INFO - train Loss: 3.8647 Acc: 0.0816 Top-5 Acc: 0.2000
2025-03-27 22:01:03,991 - INFO - train epoch 59/100 took 120.89s
2025-03-27 22:01:37,010 - INFO - val Loss: 3.8664 Acc: 0.0799 Top-5 Acc: 0.1971
2025-03-27 22:01:37,012 - INFO - val epoch 59/100 took 33.02s
2025-03-27 22:01:37,024 - INFO - Epoch 59/100, Learning rate: 0.000040
2025-03-27 22:03:14,965 - INFO - train Loss: 3.8712 Acc: 0.0816 Top-5 Acc: 0.2000
2025-03-27 22:03:14,967 - INFO - train epoch 60/100 took 95.35s
2025-03-27 22:03:39,873 - INFO - val Loss: 3.8665 Acc: 0.0799 Top-5 Acc: 0.1971
2025-03-27 22:03:39,874 - INFO - val epoch 60/100 took 24.91s
2025-03-27 22:03:39,882 - INFO - Epoch 60/100, Learning rate: 0.000038
2025-03-27 22:03:42,525 - INFO - Saved checkpoint: /usr/users/volterrakernel/lepretre_cle/volterra/models/default_version/RKHS_Five_Layers-hmdb51_epoch-59.pth.tar
2025-03-27 22:03:42,526 - INFO - Test phase not implemented in this version.
2025-03-27 22:05:44,601 - INFO - train Loss: 3.8637 Acc: 0.0816 Top-5 Acc: 0.2000
2025-03-27 22:05:44,602 - INFO - train epoch 61/100 took 122.08s
2025-03-27 22:06:17,077 - INFO - val Loss: 3.8663 Acc: 0.0799 Top-5 Acc: 0.1971
2025-03-27 22:06:17,079 - INFO - val epoch 61/100 took 32.48s
2025-03-27 22:06:17,090 - INFO - Epoch 61/100, Learning rate: 0.000037
2025-03-27 22:08:20,731 - INFO - train Loss: 3.8634 Acc: 0.0816 Top-5 Acc: 0.2000
2025-03-27 22:08:20,732 - INFO - train epoch 62/100 took 121.20s
2025-03-27 22:08:52,874 - INFO - val Loss: 3.8658 Acc: 0.0799 Top-5 Acc: 0.1971
2025-03-27 22:08:52,875 - INFO - val epoch 62/100 took 32.14s
2025-03-27 22:08:52,883 - INFO - Epoch 62/100, Learning rate: 0.000035
2025-03-27 22:10:50,641 - INFO - train Loss: 3.8700 Acc: 0.0816 Top-5 Acc: 0.1998
2025-03-27 22:10:50,642 - INFO - train epoch 63/100 took 115.17s
2025-03-27 22:11:16,712 - INFO - val Loss: 3.8657 Acc: 0.0799 Top-5 Acc: 0.1971
2025-03-27 22:11:16,713 - INFO - val epoch 63/100 took 26.07s
2025-03-27 22:11:16,721 - INFO - Epoch 63/100, Learning rate: 0.000034
2025-03-27 22:13:17,197 - INFO - train Loss: 3.8636 Acc: 0.0816 Top-5 Acc: 0.2000
2025-03-27 22:13:17,198 - INFO - train epoch 64/100 took 118.14s
2025-03-27 22:13:49,042 - INFO - val Loss: 3.8657 Acc: 0.0799 Top-5 Acc: 0.1971
2025-03-27 22:13:49,043 - INFO - val epoch 64/100 took 31.84s
2025-03-27 22:13:49,052 - INFO - Epoch 64/100, Learning rate: 0.000032
2025-03-27 22:15:51,183 - INFO - train Loss: 3.8664 Acc: 0.0814 Top-5 Acc: 0.1998
2025-03-27 22:15:51,184 - INFO - train epoch 65/100 took 119.38s
2025-03-27 22:16:23,996 - INFO - val Loss: 3.8656 Acc: 0.0799 Top-5 Acc: 0.1971
2025-03-27 22:16:23,997 - INFO - val epoch 65/100 took 32.81s
2025-03-27 22:16:24,005 - INFO - Epoch 65/100, Learning rate: 0.000031
2025-03-27 22:18:28,543 - INFO - train Loss: 3.8627 Acc: 0.0816 Top-5 Acc: 0.2000
2025-03-27 22:18:28,544 - INFO - train epoch 66/100 took 121.37s
2025-03-27 22:19:00,440 - INFO - val Loss: 3.8653 Acc: 0.0799 Top-5 Acc: 0.1971
2025-03-27 22:19:00,441 - INFO - val epoch 66/100 took 31.90s
2025-03-27 22:19:00,450 - INFO - Epoch 66/100, Learning rate: 0.000029
2025-03-27 22:21:00,917 - INFO - train Loss: 3.8666 Acc: 0.0814 Top-5 Acc: 0.1998
2025-03-27 22:21:00,918 - INFO - train epoch 67/100 took 117.96s
2025-03-27 22:21:33,107 - INFO - val Loss: 3.8654 Acc: 0.0799 Top-5 Acc: 0.1971
2025-03-27 22:21:33,107 - INFO - val epoch 67/100 took 32.19s
2025-03-27 22:21:33,117 - INFO - Epoch 67/100, Learning rate: 0.000028
2025-03-27 22:23:28,507 - INFO - train Loss: 3.8666 Acc: 0.0816 Top-5 Acc: 0.2000
2025-03-27 22:23:28,509 - INFO - train epoch 68/100 took 115.39s
2025-03-27 22:24:01,730 - INFO - val Loss: 3.8651 Acc: 0.0799 Top-5 Acc: 0.1971
2025-03-27 22:24:01,731 - INFO - val epoch 68/100 took 33.22s
2025-03-27 22:24:01,739 - INFO - Epoch 68/100, Learning rate: 0.000026
2025-03-27 22:26:05,614 - INFO - train Loss: 3.8849 Acc: 0.0816 Top-5 Acc: 0.2000
2025-03-27 22:26:05,616 - INFO - train epoch 69/100 took 120.85s
2025-03-27 22:26:38,747 - INFO - val Loss: 3.8650 Acc: 0.0799 Top-5 Acc: 0.1971
2025-03-27 22:26:38,748 - INFO - val epoch 69/100 took 33.13s
2025-03-27 22:26:38,756 - INFO - Epoch 69/100, Learning rate: 0.000025
2025-03-27 22:28:37,161 - INFO - train Loss: 3.8627 Acc: 0.0816 Top-5 Acc: 0.2000
2025-03-27 22:28:37,162 - INFO - train epoch 70/100 took 115.73s
2025-03-27 22:29:06,596 - INFO - val Loss: 3.8649 Acc: 0.0799 Top-5 Acc: 0.1971
2025-03-27 22:29:06,597 - INFO - val epoch 70/100 took 29.43s
2025-03-27 22:29:06,608 - INFO - Epoch 70/100, Learning rate: 0.000023
2025-03-27 22:29:06,608 - INFO - Test phase not implemented in this version.
2025-03-27 22:31:05,421 - INFO - train Loss: 3.8621 Acc: 0.0816 Top-5 Acc: 0.2000
2025-03-27 22:31:05,421 - INFO - train epoch 71/100 took 116.15s
2025-03-27 22:31:37,178 - INFO - val Loss: 3.8649 Acc: 0.0799 Top-5 Acc: 0.1971
2025-03-27 22:31:37,179 - INFO - val epoch 71/100 took 31.76s
2025-03-27 22:31:37,188 - INFO - Epoch 71/100, Learning rate: 0.000022
2025-03-27 22:33:11,427 - INFO - train Loss: 3.8620 Acc: 0.0816 Top-5 Acc: 0.2000
2025-03-27 22:33:11,429 - INFO - train epoch 72/100 took 94.24s
2025-03-27 22:33:45,422 - INFO - val Loss: 3.8646 Acc: 0.0799 Top-5 Acc: 0.1971
2025-03-27 22:33:45,424 - INFO - val epoch 72/100 took 33.99s
2025-03-27 22:33:45,435 - INFO - Epoch 72/100, Learning rate: 0.000021
2025-03-27 22:35:16,069 - INFO - train Loss: 3.8618 Acc: 0.0816 Top-5 Acc: 0.2000
2025-03-27 22:35:16,070 - INFO - train epoch 73/100 took 88.28s
2025-03-27 22:35:46,357 - INFO - val Loss: 3.8645 Acc: 0.0799 Top-5 Acc: 0.1971
2025-03-27 22:35:46,358 - INFO - val epoch 73/100 took 30.29s
2025-03-27 22:35:46,367 - INFO - Epoch 73/100, Learning rate: 0.000019
2025-03-27 22:37:37,165 - INFO - train Loss: 3.8617 Acc: 0.0816 Top-5 Acc: 0.2000
2025-03-27 22:37:37,166 - INFO - train epoch 74/100 took 108.56s
2025-03-27 22:38:08,237 - INFO - val Loss: 3.8645 Acc: 0.0799 Top-5 Acc: 0.1971
2025-03-27 22:38:08,238 - INFO - val epoch 74/100 took 31.07s
2025-03-27 22:38:08,246 - INFO - Epoch 74/100, Learning rate: 0.000018
2025-03-27 22:40:03,134 - INFO - train Loss: 3.8609 Acc: 0.0818 Top-5 Acc: 0.2003
2025-03-27 22:40:03,135 - INFO - train epoch 75/100 took 114.89s
2025-03-27 22:40:34,603 - INFO - val Loss: 3.8645 Acc: 0.0799 Top-5 Acc: 0.1971
2025-03-27 22:40:34,603 - INFO - val epoch 75/100 took 31.47s
2025-03-27 22:40:34,612 - INFO - Epoch 75/100, Learning rate: 0.000017
2025-03-27 22:42:34,580 - INFO - train Loss: 3.8619 Acc: 0.0814 Top-5 Acc: 0.1998
2025-03-27 22:42:34,581 - INFO - train epoch 76/100 took 119.97s
2025-03-27 22:43:06,739 - INFO - val Loss: 3.8643 Acc: 0.0799 Top-5 Acc: 0.1971
2025-03-27 22:43:06,741 - INFO - val epoch 76/100 took 32.16s
2025-03-27 22:43:06,752 - INFO - Epoch 76/100, Learning rate: 0.000016
2025-03-27 22:45:07,992 - INFO - train Loss: 3.8613 Acc: 0.0816 Top-5 Acc: 0.2000
2025-03-27 22:45:07,994 - INFO - train epoch 77/100 took 118.28s
2025-03-27 22:45:40,672 - INFO - val Loss: 3.8641 Acc: 0.0799 Top-5 Acc: 0.1971
2025-03-27 22:45:40,673 - INFO - val epoch 77/100 took 32.68s
2025-03-27 22:45:40,681 - INFO - Epoch 77/100, Learning rate: 0.000015
2025-03-27 22:47:40,719 - INFO - train Loss: 3.8605 Acc: 0.0818 Top-5 Acc: 0.2003
2025-03-27 22:47:40,720 - INFO - train epoch 78/100 took 116.67s
2025-03-27 22:48:13,903 - INFO - val Loss: 3.8643 Acc: 0.0799 Top-5 Acc: 0.1971
2025-03-27 22:48:13,905 - INFO - val epoch 78/100 took 33.18s
2025-03-27 22:48:13,912 - INFO - Epoch 78/100, Learning rate: 0.000014
2025-03-27 22:50:11,076 - INFO - train Loss: 3.8641 Acc: 0.0816 Top-5 Acc: 0.2000
2025-03-27 22:50:11,077 - INFO - train epoch 79/100 took 117.16s
2025-03-27 22:50:43,754 - INFO - val Loss: 3.8643 Acc: 0.0799 Top-5 Acc: 0.1971
2025-03-27 22:50:43,755 - INFO - val epoch 79/100 took 32.68s
2025-03-27 22:50:43,767 - INFO - Epoch 79/100, Learning rate: 0.000012
2025-03-27 22:52:40,375 - INFO - train Loss: 3.8631 Acc: 0.0814 Top-5 Acc: 0.1998
2025-03-27 22:52:40,376 - INFO - train epoch 80/100 took 116.61s
2025-03-27 22:53:13,275 - INFO - val Loss: 3.8644 Acc: 0.0799 Top-5 Acc: 0.1971
2025-03-27 22:53:13,276 - INFO - val epoch 80/100 took 32.90s
2025-03-27 22:53:13,285 - INFO - Epoch 80/100, Learning rate: 0.000011
2025-03-27 22:53:16,307 - INFO - Saved checkpoint: /usr/users/volterrakernel/lepretre_cle/volterra/models/default_version/RKHS_Five_Layers-hmdb51_epoch-79.pth.tar
2025-03-27 22:53:16,307 - INFO - Test phase not implemented in this version.
2025-03-27 22:55:13,561 - INFO - train Loss: 3.8615 Acc: 0.0816 Top-5 Acc: 0.2000
2025-03-27 22:55:13,563 - INFO - train epoch 81/100 took 117.26s
2025-03-27 22:55:46,130 - INFO - val Loss: 3.8642 Acc: 0.0799 Top-5 Acc: 0.1971
2025-03-27 22:55:46,130 - INFO - val epoch 81/100 took 32.57s
2025-03-27 22:55:46,139 - INFO - Epoch 81/100, Learning rate: 0.000010
2025-03-27 22:57:44,933 - INFO - train Loss: 3.8615 Acc: 0.0816 Top-5 Acc: 0.2000
2025-03-27 22:57:44,934 - INFO - train epoch 82/100 took 118.80s
2025-03-27 22:58:17,305 - INFO - val Loss: 3.8642 Acc: 0.0799 Top-5 Acc: 0.1971
2025-03-27 22:58:17,307 - INFO - val epoch 82/100 took 32.37s
2025-03-27 22:58:17,319 - INFO - Epoch 82/100, Learning rate: 0.000010
2025-03-27 23:00:14,917 - INFO - train Loss: 3.8614 Acc: 0.0816 Top-5 Acc: 0.2000
2025-03-27 23:00:14,918 - INFO - train epoch 83/100 took 117.60s
2025-03-27 23:00:47,632 - INFO - val Loss: 3.8643 Acc: 0.0799 Top-5 Acc: 0.1971
2025-03-27 23:00:47,633 - INFO - val epoch 83/100 took 32.71s
2025-03-27 23:00:47,641 - INFO - Epoch 83/100, Learning rate: 0.000009
2025-03-27 23:02:46,164 - INFO - train Loss: 3.8613 Acc: 0.0816 Top-5 Acc: 0.2000
2025-03-27 23:02:46,166 - INFO - train epoch 84/100 took 118.53s
2025-03-27 23:03:19,168 - INFO - val Loss: 3.8641 Acc: 0.0799 Top-5 Acc: 0.1971
2025-03-27 23:03:19,169 - INFO - val epoch 84/100 took 33.00s
2025-03-27 23:03:19,178 - INFO - Epoch 84/100, Learning rate: 0.000008
2025-03-27 23:05:16,788 - INFO - train Loss: 3.8614 Acc: 0.0816 Top-5 Acc: 0.2000
2025-03-27 23:05:16,789 - INFO - train epoch 85/100 took 117.61s
2025-03-27 23:05:49,358 - INFO - val Loss: 3.8643 Acc: 0.0799 Top-5 Acc: 0.1971
2025-03-27 23:05:49,359 - INFO - val epoch 85/100 took 32.57s
2025-03-27 23:05:49,367 - INFO - Epoch 85/100, Learning rate: 0.000007
2025-03-27 23:07:46,610 - INFO - train Loss: 3.8613 Acc: 0.0816 Top-5 Acc: 0.2000
2025-03-27 23:07:46,611 - INFO - train epoch 86/100 took 117.24s
2025-03-27 23:08:19,297 - INFO - val Loss: 3.8641 Acc: 0.0799 Top-5 Acc: 0.1971
2025-03-27 23:08:19,298 - INFO - val epoch 86/100 took 32.69s
2025-03-27 23:08:19,308 - INFO - Epoch 86/100, Learning rate: 0.000006
2025-03-27 23:10:19,036 - INFO - train Loss: 3.8619 Acc: 0.0816 Top-5 Acc: 0.2000
2025-03-27 23:10:19,037 - INFO - train epoch 87/100 took 116.84s
2025-03-27 23:10:51,523 - INFO - val Loss: 3.8641 Acc: 0.0799 Top-5 Acc: 0.1971
2025-03-27 23:10:51,524 - INFO - val epoch 87/100 took 32.49s
2025-03-27 23:10:51,533 - INFO - Epoch 87/100, Learning rate: 0.000006
2025-03-27 23:12:48,378 - INFO - train Loss: 3.8613 Acc: 0.0816 Top-5 Acc: 0.2000
2025-03-27 23:12:48,380 - INFO - train epoch 88/100 took 116.85s
2025-03-27 23:13:20,500 - INFO - val Loss: 3.8641 Acc: 0.0799 Top-5 Acc: 0.1971
2025-03-27 23:13:20,501 - INFO - val epoch 88/100 took 32.12s
2025-03-27 23:13:20,510 - INFO - Epoch 88/100, Learning rate: 0.000005
2025-03-27 23:15:18,417 - INFO - train Loss: 3.8612 Acc: 0.0816 Top-5 Acc: 0.2000
2025-03-27 23:15:18,419 - INFO - train epoch 89/100 took 117.91s
2025-03-27 23:15:50,816 - INFO - val Loss: 3.8640 Acc: 0.0799 Top-5 Acc: 0.1971
2025-03-27 23:15:50,817 - INFO - val epoch 89/100 took 32.40s
2025-03-27 23:15:50,825 - INFO - Epoch 89/100, Learning rate: 0.000004
2025-03-27 23:17:50,430 - INFO - train Loss: 3.8689 Acc: 0.0816 Top-5 Acc: 0.2000
2025-03-27 23:17:50,431 - INFO - train epoch 90/100 took 116.06s
2025-03-27 23:18:22,703 - INFO - val Loss: 3.8639 Acc: 0.0799 Top-5 Acc: 0.1971
2025-03-27 23:18:22,704 - INFO - val epoch 90/100 took 32.27s
2025-03-27 23:18:22,712 - INFO - Epoch 90/100, Learning rate: 0.000004
2025-03-27 23:18:22,712 - INFO - Test phase not implemented in this version.
2025-03-27 23:20:24,032 - INFO - train Loss: 3.8627 Acc: 0.0816 Top-5 Acc: 0.2000
2025-03-27 23:20:24,033 - INFO - train epoch 91/100 took 117.74s
2025-03-27 23:20:56,868 - INFO - val Loss: 3.8641 Acc: 0.0799 Top-5 Acc: 0.1971
2025-03-27 23:20:56,869 - INFO - val epoch 91/100 took 32.84s
2025-03-27 23:20:56,876 - INFO - Epoch 91/100, Learning rate: 0.000003
2025-03-27 23:22:53,458 - INFO - train Loss: 3.8617 Acc: 0.0816 Top-5 Acc: 0.2000
2025-03-27 23:22:53,459 - INFO - train epoch 92/100 took 116.58s
2025-03-27 23:23:25,127 - INFO - val Loss: 3.8641 Acc: 0.0799 Top-5 Acc: 0.1971
2025-03-27 23:23:25,127 - INFO - val epoch 92/100 took 31.67s
2025-03-27 23:23:25,136 - INFO - Epoch 92/100, Learning rate: 0.000003
2025-03-27 23:25:21,917 - INFO - train Loss: 3.8632 Acc: 0.0816 Top-5 Acc: 0.2000
2025-03-27 23:25:21,918 - INFO - train epoch 93/100 took 116.78s
2025-03-27 23:25:54,842 - INFO - val Loss: 3.8640 Acc: 0.0799 Top-5 Acc: 0.1971
2025-03-27 23:25:54,843 - INFO - val epoch 93/100 took 32.92s
2025-03-27 23:25:54,852 - INFO - Epoch 93/100, Learning rate: 0.000002
2025-03-27 23:27:53,135 - INFO - train Loss: 3.8620 Acc: 0.0816 Top-5 Acc: 0.2000
2025-03-27 23:27:53,136 - INFO - train epoch 94/100 took 118.28s
2025-03-27 23:28:25,794 - INFO - val Loss: 3.8640 Acc: 0.0799 Top-5 Acc: 0.1971
2025-03-27 23:28:25,794 - INFO - val epoch 94/100 took 32.66s
2025-03-27 23:28:25,802 - INFO - Epoch 94/100, Learning rate: 0.000002
2025-03-27 23:30:22,060 - INFO - train Loss: 3.8611 Acc: 0.0816 Top-5 Acc: 0.2000
2025-03-27 23:30:22,062 - INFO - train epoch 95/100 took 116.26s
2025-03-27 23:30:54,828 - INFO - val Loss: 3.8640 Acc: 0.0799 Top-5 Acc: 0.1971
2025-03-27 23:30:54,829 - INFO - val epoch 95/100 took 32.77s
2025-03-27 23:30:54,841 - INFO - Epoch 95/100, Learning rate: 0.000002
2025-03-27 23:32:52,388 - INFO - train Loss: 3.8611 Acc: 0.0816 Top-5 Acc: 0.2000
2025-03-27 23:32:52,389 - INFO - train epoch 96/100 took 117.55s
2025-03-27 23:33:25,030 - INFO - val Loss: 3.8639 Acc: 0.0799 Top-5 Acc: 0.1971
2025-03-27 23:33:25,031 - INFO - val epoch 96/100 took 32.64s
2025-03-27 23:33:25,040 - INFO - Epoch 96/100, Learning rate: 0.000001
2025-03-27 23:35:22,732 - INFO - train Loss: 3.8611 Acc: 0.0816 Top-5 Acc: 0.2000
2025-03-27 23:35:22,733 - INFO - train epoch 97/100 took 117.69s
2025-03-27 23:35:55,171 - INFO - val Loss: 3.8640 Acc: 0.0799 Top-5 Acc: 0.1971
2025-03-27 23:35:55,172 - INFO - val epoch 97/100 took 32.44s
2025-03-27 23:35:55,179 - INFO - Epoch 97/100, Learning rate: 0.000001
2025-03-27 23:37:53,186 - INFO - train Loss: 3.8608 Acc: 0.0816 Top-5 Acc: 0.2003
2025-03-27 23:37:53,187 - INFO - train epoch 98/100 took 118.01s
2025-03-27 23:38:25,847 - INFO - val Loss: 3.8640 Acc: 0.0799 Top-5 Acc: 0.1971
2025-03-27 23:38:25,848 - INFO - val epoch 98/100 took 32.66s
2025-03-27 23:38:25,856 - INFO - Epoch 98/100, Learning rate: 0.000001
2025-03-27 23:40:22,913 - INFO - train Loss: 3.8648 Acc: 0.0816 Top-5 Acc: 0.2000
2025-03-27 23:40:22,914 - INFO - train epoch 99/100 took 117.06s
2025-03-27 23:40:55,320 - INFO - val Loss: 3.8640 Acc: 0.0799 Top-5 Acc: 0.1971
2025-03-27 23:40:55,321 - INFO - val epoch 99/100 took 32.41s
2025-03-27 23:40:55,330 - INFO - Epoch 99/100, Learning rate: 0.000001
2025-03-27 23:42:53,391 - INFO - train Loss: 3.8678 Acc: 0.0816 Top-5 Acc: 0.2003
2025-03-27 23:42:53,392 - INFO - train epoch 100/100 took 118.06s
2025-03-27 23:43:26,139 - INFO - val Loss: 3.8639 Acc: 0.0799 Top-5 Acc: 0.1971
2025-03-27 23:43:26,139 - INFO - val epoch 100/100 took 32.75s
2025-03-27 23:43:26,148 - INFO - Epoch 100/100, Learning rate: 0.000001
2025-03-27 23:43:29,011 - INFO - Saved checkpoint: /usr/users/volterrakernel/lepretre_cle/volterra/models/default_version/RKHS_Five_Layers-hmdb51_epoch-99.pth.tar
2025-03-27 23:43:29,011 - INFO - Test phase not implemented in this version.
2025-03-27 23:43:29,011 - INFO - Early stopping triggered after 100 epochs
