2025-03-26 09:17:39,594 - INFO - Logging initialized. Normal logs to .out, warnings/errors to .err
2025-03-26 09:17:39,594 - INFO - Model version: test
2025-03-26 09:17:39,595 - INFO - Logging initialized. Normal logs to .out, warnings/errors to .err
2025-03-26 09:17:39,595 - INFO - Model version: test
2025-03-26 09:17:39,644 - INFO - Logging initialized. Normal logs to .out, warnings/errors to .err
2025-03-26 09:17:39,644 - INFO - Model version: test
2025-03-26 09:17:39,644 - INFO - Using device: cuda:0
2025-03-26 09:17:42,007 - INFO - Total parameters: 14250643
2025-03-26 09:17:42,007 - INFO - Dataset: hmdb51, Root: ./data/HMDB51/videos, Output: ./data/HMDB51/preprocessed
2025-03-26 09:17:43,143 - INFO - Number of train videos: 4289
2025-03-26 09:17:43,251 - INFO - Dataset: hmdb51, Root: ./data/HMDB51/videos, Output: ./data/HMDB51/preprocessed
2025-03-26 09:17:43,511 - INFO - Number of val videos: 1101
2025-03-26 09:17:43,516 - INFO - Dataset: hmdb51, Root: ./data/HMDB51/videos, Output: ./data/HMDB51/preprocessed
2025-03-26 09:17:44,020 - INFO - Number of test videos: 1376
2025-03-26 09:21:55,768 - INFO - train Loss: 7.0138 Acc: 0.0198 Top-5 Acc: 0.1063
2025-03-26 09:21:55,770 - INFO - train epoch 1/100 took 251.74s
2025-03-26 09:22:29,001 - INFO - val Loss: 4348.7317 Acc: 0.0118 Top-5 Acc: 0.0808
2025-03-26 09:22:29,002 - INFO - val epoch 1/100 took 33.23s
2025-03-26 09:22:29,019 - INFO - Epoch 1/100, Learning rate: 0.000280
2025-03-26 09:26:43,096 - INFO - train Loss: 6.9554 Acc: 0.0201 Top-5 Acc: 0.0909
2025-03-26 09:26:43,096 - INFO - train epoch 2/100 took 254.08s
2025-03-26 09:27:13,458 - INFO - val Loss: 8.6138 Acc: 0.0272 Top-5 Acc: 0.1090
2025-03-26 09:27:13,459 - INFO - val epoch 2/100 took 30.36s
2025-03-26 09:27:13,467 - INFO - Epoch 2/100, Learning rate: 0.000460
2025-03-26 09:31:25,109 - INFO - train Loss: 6.8872 Acc: 0.0245 Top-5 Acc: 0.1096
2025-03-26 09:31:25,111 - INFO - train epoch 3/100 took 251.64s
2025-03-26 09:31:55,284 - INFO - val Loss: 18.0068 Acc: 0.0163 Top-5 Acc: 0.0908
2025-03-26 09:31:55,285 - INFO - val epoch 3/100 took 30.17s
2025-03-26 09:31:55,295 - INFO - Epoch 3/100, Learning rate: 0.000640
2025-03-26 09:36:07,343 - INFO - train Loss: 6.6533 Acc: 0.0221 Top-5 Acc: 0.1073
2025-03-26 09:36:07,344 - INFO - train epoch 4/100 took 252.05s
2025-03-26 09:36:36,856 - INFO - val Loss: 10.5457 Acc: 0.0173 Top-5 Acc: 0.1099
2025-03-26 09:36:36,857 - INFO - val epoch 4/100 took 29.51s
2025-03-26 09:36:36,866 - INFO - Epoch 4/100, Learning rate: 0.000820
2025-03-26 09:40:48,679 - INFO - train Loss: 6.3248 Acc: 0.0203 Top-5 Acc: 0.1063
2025-03-26 09:40:48,680 - INFO - train epoch 5/100 took 251.81s
2025-03-26 09:41:17,662 - INFO - val Loss: 6.0875 Acc: 0.0282 Top-5 Acc: 0.1299
2025-03-26 09:41:17,663 - INFO - val epoch 5/100 took 28.98s
2025-03-26 09:41:17,673 - INFO - Epoch 5/100, Learning rate: 0.001000
2025-03-26 09:45:29,069 - INFO - train Loss: 6.1048 Acc: 0.0219 Top-5 Acc: 0.1084
2025-03-26 09:45:29,070 - INFO - train epoch 6/100 took 251.40s
2025-03-26 09:45:58,895 - INFO - val Loss: 7.0826 Acc: 0.0209 Top-5 Acc: 0.0990
2025-03-26 09:45:58,896 - INFO - val epoch 6/100 took 29.82s
2025-03-26 09:45:58,905 - INFO - Epoch 6/100, Learning rate: 0.001000
2025-03-26 09:50:11,204 - INFO - train Loss: 5.7388 Acc: 0.0254 Top-5 Acc: 0.1229
2025-03-26 09:50:11,205 - INFO - train epoch 7/100 took 252.30s
2025-03-26 09:50:40,878 - INFO - val Loss: 6.8196 Acc: 0.0263 Top-5 Acc: 0.1081
2025-03-26 09:50:40,880 - INFO - val epoch 7/100 took 29.67s
2025-03-26 09:50:40,891 - INFO - Epoch 7/100, Learning rate: 0.000999
2025-03-26 09:54:52,568 - INFO - train Loss: 5.2702 Acc: 0.0343 Top-5 Acc: 0.1397
2025-03-26 09:54:52,569 - INFO - train epoch 8/100 took 251.68s
2025-03-26 09:55:22,049 - INFO - val Loss: 5.1315 Acc: 0.0372 Top-5 Acc: 0.1508
2025-03-26 09:55:22,050 - INFO - val epoch 8/100 took 29.48s
2025-03-26 09:55:22,059 - INFO - Epoch 8/100, Learning rate: 0.000998
2025-03-26 09:59:34,043 - INFO - train Loss: 4.4042 Acc: 0.0599 Top-5 Acc: 0.1795
2025-03-26 09:59:34,044 - INFO - train epoch 9/100 took 251.98s
2025-03-26 10:00:05,012 - INFO - val Loss: 4.2759 Acc: 0.0527 Top-5 Acc: 0.1862
2025-03-26 10:00:05,013 - INFO - val epoch 9/100 took 30.97s
2025-03-26 10:00:05,023 - INFO - Epoch 9/100, Learning rate: 0.000996
2025-03-26 10:04:17,478 - INFO - train Loss: 4.0745 Acc: 0.0683 Top-5 Acc: 0.2073
2025-03-26 10:04:17,479 - INFO - train epoch 10/100 took 252.46s
2025-03-26 10:04:47,968 - INFO - val Loss: 4.1230 Acc: 0.0518 Top-5 Acc: 0.1789
2025-03-26 10:04:47,970 - INFO - val epoch 10/100 took 30.49s
2025-03-26 10:04:47,982 - INFO - Epoch 10/100, Learning rate: 0.000993
2025-03-26 10:04:47,982 - INFO - Test phase not implemented in this version.
2025-03-26 10:09:00,787 - INFO - train Loss: 3.9636 Acc: 0.0751 Top-5 Acc: 0.2171
2025-03-26 10:09:00,788 - INFO - train epoch 11/100 took 252.81s
2025-03-26 10:09:31,205 - INFO - val Loss: 4.0428 Acc: 0.0736 Top-5 Acc: 0.2107
2025-03-26 10:09:31,206 - INFO - val epoch 11/100 took 30.42s
2025-03-26 10:09:31,213 - INFO - Epoch 11/100, Learning rate: 0.000990
2025-03-26 10:13:44,159 - INFO - train Loss: 3.9006 Acc: 0.0802 Top-5 Acc: 0.2201
2025-03-26 10:13:44,160 - INFO - train epoch 12/100 took 252.95s
2025-03-26 10:14:15,225 - INFO - val Loss: 3.9694 Acc: 0.0781 Top-5 Acc: 0.1916
2025-03-26 10:14:15,227 - INFO - val epoch 12/100 took 31.07s
2025-03-26 10:14:15,238 - INFO - Epoch 12/100, Learning rate: 0.000987
2025-03-26 10:19:13,442 - INFO - train Loss: 3.8655 Acc: 0.0823 Top-5 Acc: 0.2203
2025-03-26 10:19:13,444 - INFO - train epoch 13/100 took 298.21s
2025-03-26 10:20:04,239 - INFO - val Loss: 4.0010 Acc: 0.0663 Top-5 Acc: 0.1953
2025-03-26 10:20:04,240 - INFO - val epoch 13/100 took 50.80s
2025-03-26 10:20:04,252 - INFO - Epoch 13/100, Learning rate: 0.000983
2025-03-26 10:24:20,887 - INFO - train Loss: 3.8256 Acc: 0.0832 Top-5 Acc: 0.2301
2025-03-26 10:24:20,888 - INFO - train epoch 14/100 took 256.64s
2025-03-26 10:24:50,890 - INFO - val Loss: 3.9447 Acc: 0.0690 Top-5 Acc: 0.2016
2025-03-26 10:24:50,891 - INFO - val epoch 14/100 took 30.00s
2025-03-26 10:24:50,898 - INFO - Epoch 14/100, Learning rate: 0.000978
2025-03-26 10:29:02,793 - INFO - train Loss: 3.8148 Acc: 0.0891 Top-5 Acc: 0.2413
2025-03-26 10:29:02,794 - INFO - train epoch 15/100 took 251.90s
2025-03-26 10:29:33,295 - INFO - val Loss: 3.8961 Acc: 0.0890 Top-5 Acc: 0.2207
2025-03-26 10:29:33,296 - INFO - val epoch 15/100 took 30.50s
2025-03-26 10:29:33,303 - INFO - Epoch 15/100, Learning rate: 0.000973
2025-03-26 10:33:48,657 - INFO - train Loss: 3.7958 Acc: 0.0844 Top-5 Acc: 0.2527
2025-03-26 10:33:48,659 - INFO - train epoch 16/100 took 255.36s
2025-03-26 10:34:23,675 - INFO - val Loss: 3.9209 Acc: 0.0881 Top-5 Acc: 0.2144
2025-03-26 10:34:23,676 - INFO - val epoch 16/100 took 35.02s
2025-03-26 10:34:23,685 - INFO - Epoch 16/100, Learning rate: 0.000967
2025-03-26 10:38:38,984 - INFO - train Loss: 3.7870 Acc: 0.0835 Top-5 Acc: 0.2504
2025-03-26 10:38:38,985 - INFO - train epoch 17/100 took 255.30s
2025-03-26 10:39:10,450 - INFO - val Loss: 3.9072 Acc: 0.0899 Top-5 Acc: 0.2280
2025-03-26 10:39:10,451 - INFO - val epoch 17/100 took 31.47s
2025-03-26 10:39:10,459 - INFO - Epoch 17/100, Learning rate: 0.000961
2025-03-26 10:43:26,815 - INFO - train Loss: 3.7681 Acc: 0.0886 Top-5 Acc: 0.2530
2025-03-26 10:43:26,816 - INFO - train epoch 18/100 took 256.36s
2025-03-26 10:43:57,164 - INFO - val Loss: 3.8834 Acc: 0.0908 Top-5 Acc: 0.2053
2025-03-26 10:43:57,165 - INFO - val epoch 18/100 took 30.35s
2025-03-26 10:43:57,173 - INFO - Epoch 18/100, Learning rate: 0.000955
2025-03-26 10:48:12,037 - INFO - train Loss: 3.7676 Acc: 0.0879 Top-5 Acc: 0.2572
2025-03-26 10:48:12,038 - INFO - train epoch 19/100 took 254.86s
2025-03-26 10:48:42,752 - INFO - val Loss: 3.9177 Acc: 0.0781 Top-5 Acc: 0.2107
2025-03-26 10:48:42,753 - INFO - val epoch 19/100 took 30.71s
2025-03-26 10:48:42,761 - INFO - Epoch 19/100, Learning rate: 0.000947
2025-03-26 10:52:57,693 - INFO - train Loss: 3.7625 Acc: 0.0909 Top-5 Acc: 0.2516
2025-03-26 10:52:57,694 - INFO - train epoch 20/100 took 254.93s
2025-03-26 10:53:27,604 - INFO - val Loss: 3.8508 Acc: 0.0854 Top-5 Acc: 0.2044
2025-03-26 10:53:27,605 - INFO - val epoch 20/100 took 29.91s
2025-03-26 10:53:27,614 - INFO - Epoch 20/100, Learning rate: 0.000940
2025-03-26 10:53:28,226 - INFO - Saved checkpoint: /usr/users/volterrakernel/lepretre_cle/volterra/models/default_version/Basic_rgb_vnn_Five_Layers-hmdb51_epoch-19.pth.tar
2025-03-26 10:53:28,226 - INFO - Test phase not implemented in this version.
2025-03-26 10:57:40,607 - INFO - train Loss: 3.7513 Acc: 0.0874 Top-5 Acc: 0.2581
2025-03-26 10:57:40,608 - INFO - train epoch 21/100 took 252.38s
2025-03-26 10:58:10,567 - INFO - val Loss: 4.0042 Acc: 0.0545 Top-5 Acc: 0.1871
2025-03-26 10:58:10,568 - INFO - val epoch 21/100 took 29.96s
2025-03-26 10:58:10,580 - INFO - Epoch 21/100, Learning rate: 0.000932
2025-03-26 11:02:22,659 - INFO - train Loss: 3.7567 Acc: 0.0905 Top-5 Acc: 0.2548
2025-03-26 11:02:22,660 - INFO - train epoch 22/100 took 252.08s
2025-03-26 11:02:52,692 - INFO - val Loss: 3.8535 Acc: 0.0881 Top-5 Acc: 0.2307
2025-03-26 11:02:52,692 - INFO - val epoch 22/100 took 30.03s
2025-03-26 11:02:52,708 - INFO - Epoch 22/100, Learning rate: 0.000923
2025-03-26 11:07:05,655 - INFO - train Loss: 3.7523 Acc: 0.0905 Top-5 Acc: 0.2551
2025-03-26 11:07:05,656 - INFO - train epoch 23/100 took 252.95s
2025-03-26 11:07:35,729 - INFO - val Loss: 3.8995 Acc: 0.0863 Top-5 Acc: 0.2171
2025-03-26 11:07:35,729 - INFO - val epoch 23/100 took 30.07s
2025-03-26 11:07:35,736 - INFO - Epoch 23/100, Learning rate: 0.000914
2025-03-26 11:11:49,921 - INFO - train Loss: 3.7512 Acc: 0.0874 Top-5 Acc: 0.2525
2025-03-26 11:11:49,922 - INFO - train epoch 24/100 took 254.19s
2025-03-26 11:12:20,159 - INFO - val Loss: 3.9009 Acc: 0.0899 Top-5 Acc: 0.2162
2025-03-26 11:12:20,160 - INFO - val epoch 24/100 took 30.24s
2025-03-26 11:12:20,168 - INFO - Epoch 24/100, Learning rate: 0.000905
2025-03-26 11:16:32,475 - INFO - train Loss: 3.7360 Acc: 0.0893 Top-5 Acc: 0.2611
2025-03-26 11:16:32,476 - INFO - train epoch 25/100 took 252.31s
2025-03-26 11:17:04,177 - INFO - val Loss: 3.8239 Acc: 0.0954 Top-5 Acc: 0.2380
2025-03-26 11:17:04,178 - INFO - val epoch 25/100 took 31.70s
2025-03-26 11:17:04,186 - INFO - Epoch 25/100, Learning rate: 0.000895
2025-03-26 11:21:19,758 - INFO - train Loss: 3.7251 Acc: 0.0935 Top-5 Acc: 0.2656
2025-03-26 11:21:19,760 - INFO - train epoch 26/100 took 255.57s
2025-03-26 11:21:50,534 - INFO - val Loss: 3.9034 Acc: 0.0890 Top-5 Acc: 0.1907
2025-03-26 11:21:50,535 - INFO - val epoch 26/100 took 30.77s
2025-03-26 11:21:50,542 - INFO - Epoch 26/100, Learning rate: 0.000884
2025-03-26 11:26:06,662 - INFO - train Loss: 3.7264 Acc: 0.0898 Top-5 Acc: 0.2730
2025-03-26 11:26:06,663 - INFO - train epoch 27/100 took 256.12s
2025-03-26 11:26:38,952 - INFO - val Loss: 3.9552 Acc: 0.0872 Top-5 Acc: 0.2044
2025-03-26 11:26:38,952 - INFO - val epoch 27/100 took 32.29s
2025-03-26 11:26:38,959 - INFO - Epoch 27/100, Learning rate: 0.000873
2025-03-26 11:30:51,631 - INFO - train Loss: 3.7197 Acc: 0.0977 Top-5 Acc: 0.2705
2025-03-26 11:30:51,632 - INFO - train epoch 28/100 took 252.67s
2025-03-26 11:31:22,589 - INFO - val Loss: 3.9415 Acc: 0.0963 Top-5 Acc: 0.2352
2025-03-26 11:31:22,590 - INFO - val epoch 28/100 took 30.96s
2025-03-26 11:31:22,601 - INFO - Epoch 28/100, Learning rate: 0.000862
2025-03-26 11:35:35,028 - INFO - train Loss: 3.7090 Acc: 0.0940 Top-5 Acc: 0.2749
2025-03-26 11:35:35,028 - INFO - train epoch 29/100 took 252.43s
2025-03-26 11:36:05,146 - INFO - val Loss: 3.8922 Acc: 0.0926 Top-5 Acc: 0.2144
2025-03-26 11:36:05,147 - INFO - val epoch 29/100 took 30.12s
2025-03-26 11:36:05,154 - INFO - Epoch 29/100, Learning rate: 0.000851
2025-03-26 11:40:17,183 - INFO - train Loss: 3.7124 Acc: 0.0900 Top-5 Acc: 0.2719
2025-03-26 11:40:17,184 - INFO - train epoch 30/100 took 252.03s
2025-03-26 11:40:47,918 - INFO - val Loss: 3.9450 Acc: 0.0690 Top-5 Acc: 0.1907
2025-03-26 11:40:47,919 - INFO - val epoch 30/100 took 30.73s
2025-03-26 11:40:47,928 - INFO - Epoch 30/100, Learning rate: 0.000839
2025-03-26 11:40:47,928 - INFO - Test phase not implemented in this version.
2025-03-26 11:44:59,622 - INFO - train Loss: 3.7052 Acc: 0.0944 Top-5 Acc: 0.2789
2025-03-26 11:44:59,623 - INFO - train epoch 31/100 took 251.70s
2025-03-26 11:45:29,626 - INFO - val Loss: 3.8392 Acc: 0.0936 Top-5 Acc: 0.2407
2025-03-26 11:45:29,627 - INFO - val epoch 31/100 took 30.00s
2025-03-26 11:45:29,637 - INFO - Epoch 31/100, Learning rate: 0.000826
2025-03-26 11:49:43,653 - INFO - train Loss: 3.6988 Acc: 0.0947 Top-5 Acc: 0.2782
2025-03-26 11:49:43,655 - INFO - train epoch 32/100 took 254.02s
2025-03-26 11:50:13,461 - INFO - val Loss: 3.9162 Acc: 0.0509 Top-5 Acc: 0.1889
2025-03-26 11:50:13,462 - INFO - val epoch 32/100 took 29.81s
2025-03-26 11:50:13,473 - INFO - Epoch 32/100, Learning rate: 0.000814
2025-03-26 11:54:27,449 - INFO - train Loss: 3.6882 Acc: 0.0958 Top-5 Acc: 0.2868
2025-03-26 11:54:27,450 - INFO - train epoch 33/100 took 253.98s
2025-03-26 11:54:58,158 - INFO - val Loss: 3.8903 Acc: 0.0899 Top-5 Acc: 0.2062
2025-03-26 11:54:58,159 - INFO - val epoch 33/100 took 30.71s
2025-03-26 11:54:58,167 - INFO - Epoch 33/100, Learning rate: 0.000801
2025-03-26 11:59:11,587 - INFO - train Loss: 3.6869 Acc: 0.1007 Top-5 Acc: 0.2821
2025-03-26 11:59:11,588 - INFO - train epoch 34/100 took 253.42s
2025-03-26 11:59:44,954 - INFO - val Loss: 3.9000 Acc: 0.0872 Top-5 Acc: 0.2162
2025-03-26 11:59:44,956 - INFO - val epoch 34/100 took 33.37s
2025-03-26 11:59:44,967 - INFO - Epoch 34/100, Learning rate: 0.000787
2025-03-26 12:03:57,512 - INFO - train Loss: 3.6788 Acc: 0.0977 Top-5 Acc: 0.2938
2025-03-26 12:03:57,513 - INFO - train epoch 35/100 took 252.55s
2025-03-26 12:04:29,913 - INFO - val Loss: 3.9032 Acc: 0.0917 Top-5 Acc: 0.2180
2025-03-26 12:04:29,914 - INFO - val epoch 35/100 took 32.40s
2025-03-26 12:04:29,921 - INFO - Epoch 35/100, Learning rate: 0.000773
2025-03-26 12:08:43,663 - INFO - train Loss: 3.6782 Acc: 0.0986 Top-5 Acc: 0.2903
2025-03-26 12:08:43,664 - INFO - train epoch 36/100 took 253.74s
2025-03-26 12:09:13,557 - INFO - val Loss: 3.8997 Acc: 0.0863 Top-5 Acc: 0.2207
2025-03-26 12:09:13,558 - INFO - val epoch 36/100 took 29.89s
2025-03-26 12:09:13,566 - INFO - Epoch 36/100, Learning rate: 0.000759
2025-03-26 12:13:28,823 - INFO - train Loss: 3.6722 Acc: 0.1033 Top-5 Acc: 0.2821
2025-03-26 12:13:28,825 - INFO - train epoch 37/100 took 255.26s
2025-03-26 12:14:15,432 - INFO - val Loss: 3.8953 Acc: 0.0727 Top-5 Acc: 0.2307
2025-03-26 12:14:15,433 - INFO - val epoch 37/100 took 46.61s
2025-03-26 12:14:15,447 - INFO - Epoch 37/100, Learning rate: 0.000745
2025-03-26 12:18:28,810 - INFO - train Loss: 3.6749 Acc: 0.1026 Top-5 Acc: 0.2854
2025-03-26 12:18:28,811 - INFO - train epoch 38/100 took 253.36s
2025-03-26 12:19:08,096 - INFO - val Loss: 3.8705 Acc: 0.0817 Top-5 Acc: 0.2062
2025-03-26 12:19:08,097 - INFO - val epoch 38/100 took 39.29s
2025-03-26 12:19:08,104 - INFO - Epoch 38/100, Learning rate: 0.000731
2025-03-26 12:24:33,734 - INFO - train Loss: 3.6679 Acc: 0.1019 Top-5 Acc: 0.2912
2025-03-26 12:24:33,735 - INFO - train epoch 39/100 took 325.63s
2025-03-26 12:25:18,313 - INFO - val Loss: 3.8292 Acc: 0.0845 Top-5 Acc: 0.2416
2025-03-26 12:25:18,314 - INFO - val epoch 39/100 took 44.58s
2025-03-26 12:25:18,329 - INFO - Epoch 39/100, Learning rate: 0.000716
2025-03-26 12:29:31,010 - INFO - train Loss: 3.6606 Acc: 0.1031 Top-5 Acc: 0.2938
2025-03-26 12:29:31,012 - INFO - train epoch 40/100 took 252.68s
2025-03-26 12:30:18,740 - INFO - val Loss: 3.9511 Acc: 0.0681 Top-5 Acc: 0.2343
2025-03-26 12:30:18,741 - INFO - val epoch 40/100 took 47.73s
2025-03-26 12:30:18,748 - INFO - Epoch 40/100, Learning rate: 0.000701
2025-03-26 12:30:19,559 - INFO - Saved checkpoint: /usr/users/volterrakernel/lepretre_cle/volterra/models/default_version/Basic_rgb_vnn_Five_Layers-hmdb51_epoch-39.pth.tar
2025-03-26 12:30:19,559 - INFO - Test phase not implemented in this version.
2025-03-26 12:34:31,554 - INFO - train Loss: 3.6551 Acc: 0.1021 Top-5 Acc: 0.2959
2025-03-26 12:34:31,556 - INFO - train epoch 41/100 took 252.00s
2025-03-26 12:35:12,988 - INFO - val Loss: 3.9351 Acc: 0.0863 Top-5 Acc: 0.2361
2025-03-26 12:35:12,989 - INFO - val epoch 41/100 took 41.43s
2025-03-26 12:35:12,997 - INFO - Epoch 41/100, Learning rate: 0.000686
2025-03-26 12:39:26,993 - INFO - train Loss: 3.6529 Acc: 0.1021 Top-5 Acc: 0.2912
2025-03-26 12:39:26,995 - INFO - train epoch 42/100 took 254.00s
2025-03-26 12:39:58,087 - INFO - val Loss: 3.8630 Acc: 0.0981 Top-5 Acc: 0.2316
2025-03-26 12:39:58,088 - INFO - val epoch 42/100 took 31.09s
2025-03-26 12:39:58,098 - INFO - Epoch 42/100, Learning rate: 0.000670
2025-03-26 12:44:10,278 - INFO - train Loss: 3.6478 Acc: 0.1021 Top-5 Acc: 0.2935
2025-03-26 12:44:10,279 - INFO - train epoch 43/100 took 252.18s
2025-03-26 12:44:40,483 - INFO - val Loss: 3.8846 Acc: 0.0917 Top-5 Acc: 0.2289
2025-03-26 12:44:40,484 - INFO - val epoch 43/100 took 30.20s
2025-03-26 12:44:40,491 - INFO - Epoch 43/100, Learning rate: 0.000655
2025-03-26 12:48:52,341 - INFO - train Loss: 3.6526 Acc: 0.1054 Top-5 Acc: 0.2912
2025-03-26 12:48:52,342 - INFO - train epoch 44/100 took 251.85s
2025-03-26 12:49:21,935 - INFO - val Loss: 3.8743 Acc: 0.0936 Top-5 Acc: 0.2307
2025-03-26 12:49:21,936 - INFO - val epoch 44/100 took 29.59s
2025-03-26 12:49:21,947 - INFO - Epoch 44/100, Learning rate: 0.000639
2025-03-26 12:53:33,946 - INFO - train Loss: 3.6409 Acc: 0.1021 Top-5 Acc: 0.3033
2025-03-26 12:53:33,947 - INFO - train epoch 45/100 took 252.00s
2025-03-26 12:54:03,428 - INFO - val Loss: 3.8747 Acc: 0.0945 Top-5 Acc: 0.2343
2025-03-26 12:54:03,428 - INFO - val epoch 45/100 took 29.48s
2025-03-26 12:54:03,436 - INFO - Epoch 45/100, Learning rate: 0.000623
2025-03-26 12:58:15,400 - INFO - train Loss: 3.6350 Acc: 0.1089 Top-5 Acc: 0.3024
2025-03-26 12:58:15,401 - INFO - train epoch 46/100 took 251.97s
2025-03-26 12:58:45,165 - INFO - val Loss: 3.9431 Acc: 0.0481 Top-5 Acc: 0.1880
2025-03-26 12:58:45,166 - INFO - val epoch 46/100 took 29.76s
2025-03-26 12:58:45,174 - INFO - Epoch 46/100, Learning rate: 0.000607
2025-03-26 13:02:58,890 - INFO - train Loss: 3.6296 Acc: 0.1080 Top-5 Acc: 0.3036
2025-03-26 13:02:58,892 - INFO - train epoch 47/100 took 253.72s
2025-03-26 13:03:30,016 - INFO - val Loss: 3.8675 Acc: 0.0799 Top-5 Acc: 0.2134
2025-03-26 13:03:30,017 - INFO - val epoch 47/100 took 31.12s
2025-03-26 13:03:30,025 - INFO - Epoch 47/100, Learning rate: 0.000590
2025-03-26 13:07:42,292 - INFO - train Loss: 3.6159 Acc: 0.1098 Top-5 Acc: 0.3185
2025-03-26 13:07:42,293 - INFO - train epoch 48/100 took 252.27s
2025-03-26 13:08:12,408 - INFO - val Loss: 3.9575 Acc: 0.0727 Top-5 Acc: 0.2071
2025-03-26 13:08:12,409 - INFO - val epoch 48/100 took 30.12s
2025-03-26 13:08:12,417 - INFO - Epoch 48/100, Learning rate: 0.000574
2025-03-26 13:12:24,615 - INFO - train Loss: 3.6199 Acc: 0.1084 Top-5 Acc: 0.3115
2025-03-26 13:12:24,616 - INFO - train epoch 49/100 took 252.20s
2025-03-26 13:12:54,927 - INFO - val Loss: 3.8814 Acc: 0.0872 Top-5 Acc: 0.2262
2025-03-26 13:12:54,928 - INFO - val epoch 49/100 took 30.31s
2025-03-26 13:12:54,937 - INFO - Epoch 49/100, Learning rate: 0.000558
2025-03-26 13:17:07,061 - INFO - train Loss: 3.6175 Acc: 0.1142 Top-5 Acc: 0.3075
2025-03-26 13:17:07,062 - INFO - train epoch 50/100 took 252.12s
2025-03-26 13:17:37,895 - INFO - val Loss: 3.8877 Acc: 0.0799 Top-5 Acc: 0.2153
2025-03-26 13:17:37,896 - INFO - val epoch 50/100 took 30.83s
2025-03-26 13:17:37,904 - INFO - Epoch 50/100, Learning rate: 0.000541
2025-03-26 13:17:37,905 - INFO - Test phase not implemented in this version.
2025-03-26 13:21:49,608 - INFO - train Loss: 3.6187 Acc: 0.1080 Top-5 Acc: 0.3022
2025-03-26 13:21:49,609 - INFO - train epoch 51/100 took 251.70s
2025-03-26 13:22:18,919 - INFO - val Loss: 3.8571 Acc: 0.0945 Top-5 Acc: 0.2325
2025-03-26 13:22:18,920 - INFO - val epoch 51/100 took 29.31s
2025-03-26 13:22:18,930 - INFO - Epoch 51/100, Learning rate: 0.000525
2025-03-26 13:26:33,941 - INFO - train Loss: 3.6072 Acc: 0.1142 Top-5 Acc: 0.3085
2025-03-26 13:26:33,942 - INFO - train epoch 52/100 took 255.01s
2025-03-26 13:27:03,913 - INFO - val Loss: 3.8716 Acc: 0.0881 Top-5 Acc: 0.2243
2025-03-26 13:27:03,914 - INFO - val epoch 52/100 took 29.97s
2025-03-26 13:27:03,921 - INFO - Epoch 52/100, Learning rate: 0.000508
2025-03-26 13:31:15,594 - INFO - train Loss: 3.6049 Acc: 0.1147 Top-5 Acc: 0.3208
2025-03-26 13:31:15,595 - INFO - train epoch 53/100 took 251.67s
2025-03-26 13:31:45,631 - INFO - val Loss: 3.8569 Acc: 0.0827 Top-5 Acc: 0.2480
2025-03-26 13:31:45,632 - INFO - val epoch 53/100 took 30.04s
2025-03-26 13:31:45,640 - INFO - Epoch 53/100, Learning rate: 0.000492
2025-03-26 13:35:58,324 - INFO - train Loss: 3.5999 Acc: 0.1198 Top-5 Acc: 0.3157
2025-03-26 13:35:58,325 - INFO - train epoch 54/100 took 252.68s
2025-03-26 13:36:28,168 - INFO - val Loss: 3.8623 Acc: 0.0881 Top-5 Acc: 0.2289
2025-03-26 13:36:28,169 - INFO - val epoch 54/100 took 29.84s
2025-03-26 13:36:28,177 - INFO - Epoch 54/100, Learning rate: 0.000475
2025-03-26 13:40:41,834 - INFO - train Loss: 3.5833 Acc: 0.1189 Top-5 Acc: 0.3232
2025-03-26 13:40:41,835 - INFO - train epoch 55/100 took 253.66s
2025-03-26 13:41:11,318 - INFO - val Loss: 3.8685 Acc: 0.0863 Top-5 Acc: 0.2407
2025-03-26 13:41:11,319 - INFO - val epoch 55/100 took 29.48s
2025-03-26 13:41:11,327 - INFO - Epoch 55/100, Learning rate: 0.000459
2025-03-26 13:45:23,775 - INFO - train Loss: 3.5782 Acc: 0.1128 Top-5 Acc: 0.3336
2025-03-26 13:45:23,776 - INFO - train epoch 56/100 took 252.45s
2025-03-26 13:45:55,004 - INFO - val Loss: 3.8796 Acc: 0.0936 Top-5 Acc: 0.2262
2025-03-26 13:45:55,004 - INFO - val epoch 56/100 took 31.23s
2025-03-26 13:45:55,012 - INFO - Epoch 56/100, Learning rate: 0.000442
2025-03-26 13:50:11,236 - INFO - train Loss: 3.5893 Acc: 0.1177 Top-5 Acc: 0.3190
2025-03-26 13:50:11,237 - INFO - train epoch 57/100 took 256.22s
2025-03-26 13:50:42,572 - INFO - val Loss: 3.9219 Acc: 0.0563 Top-5 Acc: 0.1998
2025-03-26 13:50:42,572 - INFO - val epoch 57/100 took 31.34s
2025-03-26 13:50:42,579 - INFO - Epoch 57/100, Learning rate: 0.000426
2025-03-26 13:54:55,844 - INFO - train Loss: 3.5772 Acc: 0.1271 Top-5 Acc: 0.3332
2025-03-26 13:54:55,846 - INFO - train epoch 58/100 took 253.27s
2025-03-26 13:55:26,076 - INFO - val Loss: 3.8921 Acc: 0.0808 Top-5 Acc: 0.2352
2025-03-26 13:55:26,076 - INFO - val epoch 58/100 took 30.23s
2025-03-26 13:55:26,085 - INFO - Epoch 58/100, Learning rate: 0.000410
2025-03-26 13:59:38,733 - INFO - train Loss: 3.5734 Acc: 0.1203 Top-5 Acc: 0.3271
2025-03-26 13:59:38,734 - INFO - train epoch 59/100 took 252.65s
2025-03-26 14:00:08,446 - INFO - val Loss: 3.8404 Acc: 0.0872 Top-5 Acc: 0.2652
2025-03-26 14:00:08,447 - INFO - val epoch 59/100 took 29.71s
2025-03-26 14:00:08,454 - INFO - Epoch 59/100, Learning rate: 0.000393
2025-03-26 14:04:21,523 - INFO - train Loss: 3.5692 Acc: 0.1201 Top-5 Acc: 0.3278
2025-03-26 14:04:21,524 - INFO - train epoch 60/100 took 253.07s
2025-03-26 14:04:51,505 - INFO - val Loss: 3.8079 Acc: 0.0972 Top-5 Acc: 0.2407
2025-03-26 14:04:51,505 - INFO - val epoch 60/100 took 29.98s
2025-03-26 14:04:51,514 - INFO - Epoch 60/100, Learning rate: 0.000377
2025-03-26 14:04:52,175 - INFO - Saved checkpoint: /usr/users/volterrakernel/lepretre_cle/volterra/models/default_version/Basic_rgb_vnn_Five_Layers-hmdb51_epoch-59.pth.tar
2025-03-26 14:04:52,175 - INFO - Test phase not implemented in this version.
2025-03-26 14:09:04,091 - INFO - train Loss: 3.5783 Acc: 0.1243 Top-5 Acc: 0.3234
2025-03-26 14:09:04,091 - INFO - train epoch 61/100 took 251.92s
2025-03-26 14:09:33,913 - INFO - val Loss: 3.8735 Acc: 0.0936 Top-5 Acc: 0.2207
2025-03-26 14:09:33,913 - INFO - val epoch 61/100 took 29.82s
2025-03-26 14:09:33,921 - INFO - Epoch 61/100, Learning rate: 0.000361
2025-03-26 14:13:46,355 - INFO - train Loss: 3.5635 Acc: 0.1210 Top-5 Acc: 0.3383
2025-03-26 14:13:46,356 - INFO - train epoch 62/100 took 252.43s
2025-03-26 14:14:19,553 - INFO - val Loss: 3.8393 Acc: 0.0890 Top-5 Acc: 0.2334
2025-03-26 14:14:19,555 - INFO - val epoch 62/100 took 33.20s
2025-03-26 14:14:19,567 - INFO - Epoch 62/100, Learning rate: 0.000345
2025-03-26 14:18:31,658 - INFO - train Loss: 3.5547 Acc: 0.1245 Top-5 Acc: 0.3353
2025-03-26 14:18:31,659 - INFO - train epoch 63/100 took 252.09s
2025-03-26 14:19:01,735 - INFO - val Loss: 3.8584 Acc: 0.0817 Top-5 Acc: 0.2316
2025-03-26 14:19:01,736 - INFO - val epoch 63/100 took 30.08s
2025-03-26 14:19:01,745 - INFO - Epoch 63/100, Learning rate: 0.000330
2025-03-26 14:23:14,610 - INFO - train Loss: 3.5506 Acc: 0.1180 Top-5 Acc: 0.3402
2025-03-26 14:23:14,611 - INFO - train epoch 64/100 took 252.87s
2025-03-26 14:23:49,871 - INFO - val Loss: 3.8566 Acc: 0.0899 Top-5 Acc: 0.2134
2025-03-26 14:23:49,871 - INFO - val epoch 64/100 took 35.26s
2025-03-26 14:23:49,880 - INFO - Epoch 64/100, Learning rate: 0.000314
2025-03-26 14:28:04,418 - INFO - train Loss: 3.5475 Acc: 0.1247 Top-5 Acc: 0.3327
2025-03-26 14:28:04,419 - INFO - train epoch 65/100 took 254.54s
2025-03-26 14:28:35,123 - INFO - val Loss: 3.8839 Acc: 0.0936 Top-5 Acc: 0.2234
2025-03-26 14:28:35,124 - INFO - val epoch 65/100 took 30.70s
2025-03-26 14:28:35,134 - INFO - Epoch 65/100, Learning rate: 0.000299
2025-03-26 14:32:47,702 - INFO - train Loss: 3.5370 Acc: 0.1250 Top-5 Acc: 0.3451
2025-03-26 14:32:47,703 - INFO - train epoch 66/100 took 252.57s
2025-03-26 14:33:19,384 - INFO - val Loss: 3.8447 Acc: 0.0954 Top-5 Acc: 0.2252
2025-03-26 14:33:19,385 - INFO - val epoch 66/100 took 31.68s
2025-03-26 14:33:19,396 - INFO - Epoch 66/100, Learning rate: 0.000284
2025-03-26 14:37:31,301 - INFO - train Loss: 3.5315 Acc: 0.1264 Top-5 Acc: 0.3423
2025-03-26 14:37:31,302 - INFO - train epoch 67/100 took 251.91s
2025-03-26 14:38:03,747 - INFO - val Loss: 3.8665 Acc: 0.0881 Top-5 Acc: 0.2461
2025-03-26 14:38:03,748 - INFO - val epoch 67/100 took 32.45s
2025-03-26 14:38:03,756 - INFO - Epoch 67/100, Learning rate: 0.000269
2025-03-26 14:42:16,232 - INFO - train Loss: 3.5371 Acc: 0.1259 Top-5 Acc: 0.3462
2025-03-26 14:42:16,233 - INFO - train epoch 68/100 took 252.48s
2025-03-26 14:42:46,782 - INFO - val Loss: 3.8880 Acc: 0.0926 Top-5 Acc: 0.2507
2025-03-26 14:42:46,783 - INFO - val epoch 68/100 took 30.55s
2025-03-26 14:42:46,791 - INFO - Epoch 68/100, Learning rate: 0.000255
2025-03-26 14:46:59,548 - INFO - train Loss: 3.5242 Acc: 0.1306 Top-5 Acc: 0.3488
2025-03-26 14:46:59,549 - INFO - train epoch 69/100 took 252.76s
2025-03-26 14:47:29,943 - INFO - val Loss: 3.8940 Acc: 0.0908 Top-5 Acc: 0.2207
2025-03-26 14:47:29,943 - INFO - val epoch 69/100 took 30.39s
2025-03-26 14:47:29,951 - INFO - Epoch 69/100, Learning rate: 0.000241
2025-03-26 14:51:41,856 - INFO - train Loss: 3.5268 Acc: 0.1320 Top-5 Acc: 0.3430
2025-03-26 14:51:41,858 - INFO - train epoch 70/100 took 251.91s
2025-03-26 14:52:11,097 - INFO - val Loss: 3.8919 Acc: 0.0845 Top-5 Acc: 0.2380
2025-03-26 14:52:11,098 - INFO - val epoch 70/100 took 29.24s
2025-03-26 14:52:11,110 - INFO - Epoch 70/100, Learning rate: 0.000227
2025-03-26 14:52:11,110 - INFO - Test phase not implemented in this version.
2025-03-26 14:56:22,412 - INFO - train Loss: 3.5130 Acc: 0.1322 Top-5 Acc: 0.3502
2025-03-26 14:56:22,413 - INFO - train epoch 71/100 took 251.30s
2025-03-26 14:56:53,545 - INFO - val Loss: 3.8781 Acc: 0.0836 Top-5 Acc: 0.2425
2025-03-26 14:56:53,546 - INFO - val epoch 71/100 took 31.13s
2025-03-26 14:56:53,554 - INFO - Epoch 71/100, Learning rate: 0.000213
2025-03-26 15:01:05,333 - INFO - train Loss: 3.5190 Acc: 0.1261 Top-5 Acc: 0.3500
2025-03-26 15:01:05,334 - INFO - train epoch 72/100 took 251.78s
2025-03-26 15:01:35,110 - INFO - val Loss: 3.8300 Acc: 0.0836 Top-5 Acc: 0.2570
2025-03-26 15:01:35,110 - INFO - val epoch 72/100 took 29.78s
2025-03-26 15:01:35,118 - INFO - Epoch 72/100, Learning rate: 0.000199
2025-03-26 15:05:46,844 - INFO - train Loss: 3.5053 Acc: 0.1343 Top-5 Acc: 0.3430
2025-03-26 15:05:46,846 - INFO - train epoch 73/100 took 251.73s
2025-03-26 15:06:16,484 - INFO - val Loss: 3.8627 Acc: 0.0963 Top-5 Acc: 0.2334
2025-03-26 15:06:16,486 - INFO - val epoch 73/100 took 29.64s
2025-03-26 15:06:16,497 - INFO - Epoch 73/100, Learning rate: 0.000186
2025-03-26 15:10:28,183 - INFO - train Loss: 3.4983 Acc: 0.1310 Top-5 Acc: 0.3598
2025-03-26 15:10:28,184 - INFO - train epoch 74/100 took 251.69s
2025-03-26 15:10:57,511 - INFO - val Loss: 3.8622 Acc: 0.0854 Top-5 Acc: 0.2516
2025-03-26 15:10:57,512 - INFO - val epoch 74/100 took 29.33s
2025-03-26 15:10:57,519 - INFO - Epoch 74/100, Learning rate: 0.000174
2025-03-26 15:15:09,834 - INFO - train Loss: 3.5008 Acc: 0.1378 Top-5 Acc: 0.3546
2025-03-26 15:15:09,835 - INFO - train epoch 75/100 took 252.32s
2025-03-26 15:15:40,263 - INFO - val Loss: 3.8871 Acc: 0.0663 Top-5 Acc: 0.2198
2025-03-26 15:15:40,265 - INFO - val epoch 75/100 took 30.43s
2025-03-26 15:15:40,276 - INFO - Epoch 75/100, Learning rate: 0.000161
2025-03-26 15:19:52,184 - INFO - train Loss: 3.4961 Acc: 0.1355 Top-5 Acc: 0.3565
2025-03-26 15:19:52,185 - INFO - train epoch 76/100 took 251.91s
2025-03-26 15:20:22,743 - INFO - val Loss: 3.8972 Acc: 0.0990 Top-5 Acc: 0.2480
2025-03-26 15:20:22,744 - INFO - val epoch 76/100 took 30.56s
2025-03-26 15:20:22,752 - INFO - Epoch 76/100, Learning rate: 0.000149
2025-03-26 15:24:34,525 - INFO - train Loss: 3.4973 Acc: 0.1425 Top-5 Acc: 0.3702
2025-03-26 15:24:34,526 - INFO - train epoch 77/100 took 251.77s
2025-03-26 15:25:04,325 - INFO - val Loss: 3.9402 Acc: 0.0772 Top-5 Acc: 0.2371
2025-03-26 15:25:04,326 - INFO - val epoch 77/100 took 29.80s
2025-03-26 15:25:04,334 - INFO - Epoch 77/100, Learning rate: 0.000138
2025-03-26 15:29:19,991 - INFO - train Loss: 3.4878 Acc: 0.1385 Top-5 Acc: 0.3633
2025-03-26 15:29:19,992 - INFO - train epoch 78/100 took 255.66s
2025-03-26 15:29:49,707 - INFO - val Loss: 3.9193 Acc: 0.0872 Top-5 Acc: 0.2507
2025-03-26 15:29:49,708 - INFO - val epoch 78/100 took 29.72s
2025-03-26 15:29:49,716 - INFO - Epoch 78/100, Learning rate: 0.000127
2025-03-26 15:34:02,517 - INFO - train Loss: 3.4731 Acc: 0.1404 Top-5 Acc: 0.3684
2025-03-26 15:34:02,518 - INFO - train epoch 79/100 took 252.80s
2025-03-26 15:34:33,185 - INFO - val Loss: 3.9273 Acc: 0.0845 Top-5 Acc: 0.2434
2025-03-26 15:34:33,186 - INFO - val epoch 79/100 took 30.67s
2025-03-26 15:34:33,197 - INFO - Epoch 79/100, Learning rate: 0.000116
2025-03-26 15:38:45,137 - INFO - train Loss: 3.4881 Acc: 0.1380 Top-5 Acc: 0.3616
2025-03-26 15:38:45,137 - INFO - train epoch 80/100 took 251.94s
2025-03-26 15:39:16,081 - INFO - val Loss: 3.9189 Acc: 0.0799 Top-5 Acc: 0.2352
2025-03-26 15:39:16,082 - INFO - val epoch 80/100 took 30.94s
2025-03-26 15:39:16,091 - INFO - Epoch 80/100, Learning rate: 0.000105
2025-03-26 15:39:16,642 - INFO - Saved checkpoint: /usr/users/volterrakernel/lepretre_cle/volterra/models/default_version/Basic_rgb_vnn_Five_Layers-hmdb51_epoch-79.pth.tar
2025-03-26 15:39:16,643 - INFO - Test phase not implemented in this version.
2025-03-26 15:43:29,390 - INFO - train Loss: 3.4751 Acc: 0.1348 Top-5 Acc: 0.3684
2025-03-26 15:43:29,391 - INFO - train epoch 81/100 took 252.75s
2025-03-26 15:44:00,241 - INFO - val Loss: 3.8644 Acc: 0.0963 Top-5 Acc: 0.2407
2025-03-26 15:44:00,241 - INFO - val epoch 81/100 took 30.85s
2025-03-26 15:44:00,249 - INFO - Epoch 81/100, Learning rate: 0.000095
2025-03-26 15:48:12,998 - INFO - train Loss: 3.4711 Acc: 0.1408 Top-5 Acc: 0.3730
2025-03-26 15:48:12,998 - INFO - train epoch 82/100 took 252.75s
2025-03-26 15:48:43,319 - INFO - val Loss: 3.9566 Acc: 0.0872 Top-5 Acc: 0.2361
2025-03-26 15:48:43,319 - INFO - val epoch 82/100 took 30.32s
2025-03-26 15:48:43,327 - INFO - Epoch 82/100, Learning rate: 0.000086
2025-03-26 15:52:55,885 - INFO - train Loss: 3.4676 Acc: 0.1420 Top-5 Acc: 0.3698
2025-03-26 15:52:55,886 - INFO - train epoch 83/100 took 252.56s
2025-03-26 15:53:27,418 - INFO - val Loss: 3.8366 Acc: 0.0908 Top-5 Acc: 0.2407
2025-03-26 15:53:27,419 - INFO - val epoch 83/100 took 31.53s
2025-03-26 15:53:27,430 - INFO - Epoch 83/100, Learning rate: 0.000077
2025-03-26 15:57:45,407 - INFO - train Loss: 3.4640 Acc: 0.1401 Top-5 Acc: 0.3721
2025-03-26 15:57:45,408 - INFO - train epoch 84/100 took 257.98s
2025-03-26 15:58:15,691 - INFO - val Loss: 3.8661 Acc: 0.0763 Top-5 Acc: 0.2480
2025-03-26 15:58:15,691 - INFO - val epoch 84/100 took 30.28s
2025-03-26 15:58:15,699 - INFO - Epoch 84/100, Learning rate: 0.000068
2025-03-26 16:02:28,802 - INFO - train Loss: 3.4602 Acc: 0.1471 Top-5 Acc: 0.3784
2025-03-26 16:02:28,804 - INFO - train epoch 85/100 took 253.10s
2025-03-26 16:03:04,585 - INFO - val Loss: 3.8501 Acc: 0.1008 Top-5 Acc: 0.2589
2025-03-26 16:03:04,586 - INFO - val epoch 85/100 took 35.78s
2025-03-26 16:03:04,593 - INFO - Epoch 85/100, Learning rate: 0.000060
2025-03-26 16:07:22,253 - INFO - train Loss: 3.4634 Acc: 0.1413 Top-5 Acc: 0.3730
2025-03-26 16:07:22,254 - INFO - train epoch 86/100 took 257.66s
2025-03-26 16:08:02,696 - INFO - val Loss: 3.8987 Acc: 0.0863 Top-5 Acc: 0.2589
2025-03-26 16:08:02,697 - INFO - val epoch 86/100 took 40.44s
2025-03-26 16:08:02,708 - INFO - Epoch 86/100, Learning rate: 0.000053
2025-03-26 16:12:14,682 - INFO - train Loss: 3.4492 Acc: 0.1436 Top-5 Acc: 0.3796
2025-03-26 16:12:14,683 - INFO - train epoch 87/100 took 251.98s
2025-03-26 16:12:44,792 - INFO - val Loss: 3.8901 Acc: 0.0799 Top-5 Acc: 0.2189
2025-03-26 16:12:44,793 - INFO - val epoch 87/100 took 30.11s
2025-03-26 16:12:44,800 - INFO - Epoch 87/100, Learning rate: 0.000045
2025-03-26 16:16:57,396 - INFO - train Loss: 3.4430 Acc: 0.1446 Top-5 Acc: 0.3819
2025-03-26 16:16:57,397 - INFO - train epoch 88/100 took 252.60s
2025-03-26 16:17:26,701 - INFO - val Loss: 4.0317 Acc: 0.0954 Top-5 Acc: 0.2234
2025-03-26 16:17:26,701 - INFO - val epoch 88/100 took 29.30s
2025-03-26 16:17:26,709 - INFO - Epoch 88/100, Learning rate: 0.000039
2025-03-26 16:21:38,814 - INFO - train Loss: 3.4485 Acc: 0.1448 Top-5 Acc: 0.3770
2025-03-26 16:21:38,815 - INFO - train epoch 89/100 took 252.11s
2025-03-26 16:22:08,545 - INFO - val Loss: 3.8782 Acc: 0.0854 Top-5 Acc: 0.2534
2025-03-26 16:22:08,546 - INFO - val epoch 89/100 took 29.73s
2025-03-26 16:22:08,557 - INFO - Epoch 89/100, Learning rate: 0.000033
2025-03-26 16:26:20,448 - INFO - train Loss: 3.4311 Acc: 0.1488 Top-5 Acc: 0.3891
2025-03-26 16:26:20,450 - INFO - train epoch 90/100 took 251.89s
2025-03-26 16:26:49,792 - INFO - val Loss: 3.8921 Acc: 0.0972 Top-5 Acc: 0.2543
2025-03-26 16:26:49,794 - INFO - val epoch 90/100 took 29.34s
2025-03-26 16:26:49,804 - INFO - Epoch 90/100, Learning rate: 0.000027
2025-03-26 16:26:49,804 - INFO - Test phase not implemented in this version.
2025-03-26 16:31:04,724 - INFO - train Loss: 3.4398 Acc: 0.1450 Top-5 Acc: 0.3719
2025-03-26 16:31:04,725 - INFO - train epoch 91/100 took 254.92s
2025-03-26 16:31:35,680 - INFO - val Loss: 3.8186 Acc: 0.0881 Top-5 Acc: 0.2443
2025-03-26 16:31:35,680 - INFO - val epoch 91/100 took 30.95s
2025-03-26 16:31:35,688 - INFO - Epoch 91/100, Learning rate: 0.000022
2025-03-26 16:35:47,724 - INFO - train Loss: 3.4358 Acc: 0.1462 Top-5 Acc: 0.3847
2025-03-26 16:35:47,726 - INFO - train epoch 92/100 took 252.04s
2025-03-26 16:36:17,249 - INFO - val Loss: 4.0644 Acc: 0.0763 Top-5 Acc: 0.2407
2025-03-26 16:36:17,249 - INFO - val epoch 92/100 took 29.52s
2025-03-26 16:36:17,257 - INFO - Epoch 92/100, Learning rate: 0.000017
2025-03-26 16:40:29,243 - INFO - train Loss: 3.4308 Acc: 0.1448 Top-5 Acc: 0.3950
2025-03-26 16:40:29,244 - INFO - train epoch 93/100 took 251.99s
2025-03-26 16:40:59,410 - INFO - val Loss: 3.8558 Acc: 0.0699 Top-5 Acc: 0.2252
2025-03-26 16:40:59,411 - INFO - val epoch 93/100 took 30.17s
2025-03-26 16:40:59,420 - INFO - Epoch 93/100, Learning rate: 0.000013
2025-03-26 16:45:11,230 - INFO - train Loss: 3.4367 Acc: 0.1411 Top-5 Acc: 0.3791
2025-03-26 16:45:11,231 - INFO - train epoch 94/100 took 251.81s
2025-03-26 16:45:40,841 - INFO - val Loss: 3.8300 Acc: 0.0899 Top-5 Acc: 0.2561
2025-03-26 16:45:40,841 - INFO - val epoch 94/100 took 29.61s
2025-03-26 16:45:40,850 - INFO - Epoch 94/100, Learning rate: 0.000010
2025-03-26 16:49:52,844 - INFO - train Loss: 3.4270 Acc: 0.1518 Top-5 Acc: 0.3924
2025-03-26 16:49:52,845 - INFO - train epoch 95/100 took 252.00s
2025-03-26 16:50:25,260 - INFO - val Loss: 3.8505 Acc: 0.0854 Top-5 Acc: 0.2334
2025-03-26 16:50:25,262 - INFO - val epoch 95/100 took 32.42s
2025-03-26 16:50:25,272 - INFO - Epoch 95/100, Learning rate: 0.000007
2025-03-26 16:54:39,304 - INFO - train Loss: 3.4290 Acc: 0.1606 Top-5 Acc: 0.3933
2025-03-26 16:54:39,305 - INFO - train epoch 96/100 took 254.03s
2025-03-26 16:55:08,986 - INFO - val Loss: 3.8380 Acc: 0.0799 Top-5 Acc: 0.2525
2025-03-26 16:55:08,986 - INFO - val epoch 96/100 took 29.68s
2025-03-26 16:55:08,994 - INFO - Epoch 96/100, Learning rate: 0.000004
2025-03-26 16:59:22,324 - INFO - train Loss: 3.4239 Acc: 0.1457 Top-5 Acc: 0.3884
2025-03-26 16:59:22,325 - INFO - train epoch 97/100 took 253.33s
2025-03-26 16:59:53,393 - INFO - val Loss: 3.8136 Acc: 0.0836 Top-5 Acc: 0.2489
2025-03-26 16:59:53,394 - INFO - val epoch 97/100 took 31.07s
2025-03-26 16:59:53,402 - INFO - Epoch 97/100, Learning rate: 0.000002
2025-03-26 17:04:05,939 - INFO - train Loss: 3.4172 Acc: 0.1536 Top-5 Acc: 0.4015
2025-03-26 17:04:05,940 - INFO - train epoch 98/100 took 252.54s
2025-03-26 17:04:36,900 - INFO - val Loss: 3.8921 Acc: 0.0908 Top-5 Acc: 0.2298
2025-03-26 17:04:36,900 - INFO - val epoch 98/100 took 30.96s
2025-03-26 17:04:36,909 - INFO - Epoch 98/100, Learning rate: 0.000001
