2025-03-27 16:43:33,661 - INFO - Logging initialized. Normal logs to .out, warnings/errors to .err
2025-03-27 16:43:33,661 - INFO - Model version: test
2025-03-27 16:43:33,662 - INFO - Logging initialized. Normal logs to .out, warnings/errors to .err
2025-03-27 16:43:33,662 - INFO - Model version: test
2025-03-27 16:43:33,714 - INFO - Logging initialized. Normal logs to .out, warnings/errors to .err
2025-03-27 16:43:33,714 - INFO - Model version: test
2025-03-27 16:43:33,714 - INFO - Using device: cuda:0
2025-03-27 16:43:37,325 - INFO - Total parameters: 20106131
2025-03-27 16:43:37,326 - INFO - Dataset: hmdb51, Root: ./data/HMDB51/videos, Output: ./data/HMDB51/preprocessed
2025-03-27 16:43:37,650 - INFO - Number of train videos: 4289
2025-03-27 16:43:37,757 - INFO - Dataset: hmdb51, Root: ./data/HMDB51/videos, Output: ./data/HMDB51/preprocessed
2025-03-27 16:43:38,015 - INFO - Number of val videos: 1101
2025-03-27 16:43:38,020 - INFO - Dataset: hmdb51, Root: ./data/HMDB51/videos, Output: ./data/HMDB51/preprocessed
2025-03-27 16:43:38,301 - INFO - Number of test videos: 1376
2025-03-27 16:45:26,118 - INFO - train Loss: 13.6797 Acc: 0.0212 Top-5 Acc: 0.1066
2025-03-27 16:45:26,120 - INFO - train epoch 1/100 took 107.81s
2025-03-27 16:45:54,471 - INFO - val Loss: 8.5440 Acc: 0.0209 Top-5 Acc: 0.1081
2025-03-27 16:45:54,472 - INFO - val epoch 1/100 took 28.35s
2025-03-27 16:45:54,488 - INFO - Epoch 1/100, Learning rate: 0.000028
2025-03-27 16:47:47,365 - INFO - train Loss: 13.1290 Acc: 0.0233 Top-5 Acc: 0.1003
2025-03-27 16:47:47,366 - INFO - train epoch 2/100 took 112.88s
2025-03-27 16:48:19,893 - INFO - val Loss: 9.4422 Acc: 0.0245 Top-5 Acc: 0.1045
2025-03-27 16:48:19,894 - INFO - val epoch 2/100 took 32.53s
2025-03-27 16:48:19,903 - INFO - Epoch 2/100, Learning rate: 0.000046
2025-03-27 16:50:11,929 - INFO - train Loss: 12.6663 Acc: 0.0210 Top-5 Acc: 0.1054
2025-03-27 16:50:11,930 - INFO - train epoch 3/100 took 112.03s
2025-03-27 16:50:44,520 - INFO - val Loss: 7.6926 Acc: 0.0209 Top-5 Acc: 0.1253
2025-03-27 16:50:44,522 - INFO - val epoch 3/100 took 32.59s
2025-03-27 16:50:44,530 - INFO - Epoch 3/100, Learning rate: 0.000064
2025-03-27 16:52:34,306 - INFO - train Loss: 12.6186 Acc: 0.0247 Top-5 Acc: 0.1135
2025-03-27 16:52:34,307 - INFO - train epoch 4/100 took 109.78s
2025-03-27 16:53:05,367 - INFO - val Loss: 8.5010 Acc: 0.0254 Top-5 Acc: 0.1317
2025-03-27 16:53:05,367 - INFO - val epoch 4/100 took 31.06s
2025-03-27 16:53:05,374 - INFO - Epoch 4/100, Learning rate: 0.000082
2025-03-27 16:54:59,606 - INFO - train Loss: 12.4808 Acc: 0.0228 Top-5 Acc: 0.1096
2025-03-27 16:54:59,606 - INFO - train epoch 5/100 took 114.23s
2025-03-27 16:55:32,071 - INFO - val Loss: 8.1612 Acc: 0.0218 Top-5 Acc: 0.1126
2025-03-27 16:55:32,072 - INFO - val epoch 5/100 took 32.47s
2025-03-27 16:55:32,084 - INFO - Epoch 5/100, Learning rate: 0.000100
2025-03-27 16:57:24,218 - INFO - train Loss: 12.2704 Acc: 0.0256 Top-5 Acc: 0.1168
2025-03-27 16:57:24,219 - INFO - train epoch 6/100 took 112.14s
2025-03-27 16:57:58,001 - INFO - val Loss: 8.0731 Acc: 0.0272 Top-5 Acc: 0.1253
2025-03-27 16:57:58,002 - INFO - val epoch 6/100 took 33.78s
2025-03-27 16:57:58,016 - INFO - Epoch 6/100, Learning rate: 0.000100
2025-03-27 16:59:50,681 - INFO - train Loss: 12.1434 Acc: 0.0291 Top-5 Acc: 0.1170
2025-03-27 16:59:50,682 - INFO - train epoch 7/100 took 112.67s
2025-03-27 17:00:21,555 - INFO - val Loss: 6.8268 Acc: 0.0254 Top-5 Acc: 0.1299
2025-03-27 17:00:21,557 - INFO - val epoch 7/100 took 30.87s
2025-03-27 17:00:21,566 - INFO - Epoch 7/100, Learning rate: 0.000100
2025-03-27 17:02:14,514 - INFO - train Loss: 12.0846 Acc: 0.0215 Top-5 Acc: 0.1161
2025-03-27 17:02:14,515 - INFO - train epoch 8/100 took 112.95s
2025-03-27 17:02:47,076 - INFO - val Loss: 14.0068 Acc: 0.0345 Top-5 Acc: 0.1362
2025-03-27 17:02:47,076 - INFO - val epoch 8/100 took 32.56s
2025-03-27 17:02:47,084 - INFO - Epoch 8/100, Learning rate: 0.000100
2025-03-27 17:04:41,451 - INFO - train Loss: 12.4904 Acc: 0.0270 Top-5 Acc: 0.1224
2025-03-27 17:04:41,452 - INFO - train epoch 9/100 took 114.37s
2025-03-27 17:05:13,846 - INFO - val Loss: 6.3734 Acc: 0.0209 Top-5 Acc: 0.1253
2025-03-27 17:05:13,847 - INFO - val epoch 9/100 took 32.39s
2025-03-27 17:05:13,854 - INFO - Epoch 9/100, Learning rate: 0.000100
2025-03-27 17:07:07,257 - INFO - train Loss: 12.0416 Acc: 0.0210 Top-5 Acc: 0.1133
2025-03-27 17:07:07,258 - INFO - train epoch 10/100 took 113.40s
2025-03-27 17:07:37,741 - INFO - val Loss: 7.4621 Acc: 0.0245 Top-5 Acc: 0.1426
2025-03-27 17:07:37,742 - INFO - val epoch 10/100 took 30.48s
2025-03-27 17:07:37,750 - INFO - Epoch 10/100, Learning rate: 0.000099
2025-03-27 17:07:37,750 - INFO - Test phase not implemented in this version.
2025-03-27 17:09:31,759 - INFO - train Loss: 12.2667 Acc: 0.0245 Top-5 Acc: 0.1024
2025-03-27 17:09:31,761 - INFO - train epoch 11/100 took 114.01s
2025-03-27 17:10:06,035 - INFO - val Loss: 15.0541 Acc: 0.0291 Top-5 Acc: 0.1281
2025-03-27 17:10:06,036 - INFO - val epoch 11/100 took 34.27s
2025-03-27 17:10:06,044 - INFO - Epoch 11/100, Learning rate: 0.000099
2025-03-27 17:11:57,962 - INFO - train Loss: 11.8703 Acc: 0.0233 Top-5 Acc: 0.1061
2025-03-27 17:11:57,963 - INFO - train epoch 12/100 took 111.92s
2025-03-27 17:12:29,415 - INFO - val Loss: 16.7471 Acc: 0.0263 Top-5 Acc: 0.1226
2025-03-27 17:12:29,416 - INFO - val epoch 12/100 took 31.45s
2025-03-27 17:12:29,425 - INFO - Epoch 12/100, Learning rate: 0.000099
2025-03-27 17:14:22,584 - INFO - train Loss: 11.9812 Acc: 0.0189 Top-5 Acc: 0.1054
2025-03-27 17:14:22,585 - INFO - train epoch 13/100 took 113.16s
2025-03-27 17:14:52,963 - INFO - val Loss: 9.5667 Acc: 0.0336 Top-5 Acc: 0.1390
2025-03-27 17:14:52,964 - INFO - val epoch 13/100 took 30.38s
2025-03-27 17:14:52,972 - INFO - Epoch 13/100, Learning rate: 0.000098
2025-03-27 17:16:46,426 - INFO - train Loss: 11.8662 Acc: 0.0242 Top-5 Acc: 0.1159
2025-03-27 17:16:46,427 - INFO - train epoch 14/100 took 113.46s
2025-03-27 17:17:20,523 - INFO - val Loss: 25.4484 Acc: 0.0209 Top-5 Acc: 0.1335
2025-03-27 17:17:20,524 - INFO - val epoch 14/100 took 34.10s
2025-03-27 17:17:20,530 - INFO - Epoch 14/100, Learning rate: 0.000098
2025-03-27 17:19:11,789 - INFO - train Loss: 11.9181 Acc: 0.0266 Top-5 Acc: 0.1168
2025-03-27 17:19:11,790 - INFO - train epoch 15/100 took 111.26s
2025-03-27 17:19:42,084 - INFO - val Loss: 8.6775 Acc: 0.0218 Top-5 Acc: 0.1490
2025-03-27 17:19:42,084 - INFO - val epoch 15/100 took 30.29s
2025-03-27 17:19:42,091 - INFO - Epoch 15/100, Learning rate: 0.000097
2025-03-27 17:21:33,436 - INFO - train Loss: 12.0856 Acc: 0.0233 Top-5 Acc: 0.1105
2025-03-27 17:21:33,439 - INFO - train epoch 16/100 took 111.35s
2025-03-27 17:22:03,840 - INFO - val Loss: 7.8191 Acc: 0.0227 Top-5 Acc: 0.1281
2025-03-27 17:22:03,841 - INFO - val epoch 16/100 took 30.40s
2025-03-27 17:22:03,849 - INFO - Epoch 16/100, Learning rate: 0.000097
2025-03-27 17:23:54,880 - INFO - train Loss: 11.7913 Acc: 0.0245 Top-5 Acc: 0.1154
2025-03-27 17:23:54,881 - INFO - train epoch 17/100 took 111.03s
2025-03-27 17:24:28,439 - INFO - val Loss: 8.0305 Acc: 0.0191 Top-5 Acc: 0.1262
2025-03-27 17:24:28,440 - INFO - val epoch 17/100 took 33.56s
2025-03-27 17:24:28,449 - INFO - Epoch 17/100, Learning rate: 0.000096
2025-03-27 17:26:22,847 - INFO - train Loss: 11.7836 Acc: 0.0175 Top-5 Acc: 0.1066
2025-03-27 17:26:22,848 - INFO - train epoch 18/100 took 114.40s
2025-03-27 17:26:53,768 - INFO - val Loss: 6.0921 Acc: 0.0227 Top-5 Acc: 0.1163
2025-03-27 17:26:53,770 - INFO - val epoch 18/100 took 30.92s
2025-03-27 17:26:53,781 - INFO - Epoch 18/100, Learning rate: 0.000095
2025-03-27 17:28:45,136 - INFO - train Loss: 11.5696 Acc: 0.0242 Top-5 Acc: 0.1084
2025-03-27 17:28:45,138 - INFO - train epoch 19/100 took 111.36s
2025-03-27 17:29:15,062 - INFO - val Loss: 12.9829 Acc: 0.0318 Top-5 Acc: 0.1226
2025-03-27 17:29:15,063 - INFO - val epoch 19/100 took 29.92s
2025-03-27 17:29:15,071 - INFO - Epoch 19/100, Learning rate: 0.000095
2025-03-27 17:31:06,735 - INFO - train Loss: 11.1886 Acc: 0.0282 Top-5 Acc: 0.1196
2025-03-27 17:31:06,737 - INFO - train epoch 20/100 took 111.67s
2025-03-27 17:31:40,796 - INFO - val Loss: 5.7584 Acc: 0.0236 Top-5 Acc: 0.1381
2025-03-27 17:31:40,798 - INFO - val epoch 20/100 took 34.06s
2025-03-27 17:31:40,810 - INFO - Epoch 20/100, Learning rate: 0.000094
2025-03-27 17:31:41,492 - INFO - Saved checkpoint: /usr/users/volterrakernel/lepretre_cle/volterra/models/default_version/Basic_rgb_vnn_Five_Layers-hmdb51_epoch-19.pth.tar
2025-03-27 17:31:41,493 - INFO - Test phase not implemented in this version.
2025-03-27 17:33:35,550 - INFO - train Loss: 11.3679 Acc: 0.0242 Top-5 Acc: 0.1184
2025-03-27 17:33:35,551 - INFO - train epoch 21/100 took 114.06s
2025-03-27 17:34:06,125 - INFO - val Loss: 9.4134 Acc: 0.0309 Top-5 Acc: 0.1290
2025-03-27 17:34:06,126 - INFO - val epoch 21/100 took 30.57s
2025-03-27 17:34:06,137 - INFO - Epoch 21/100, Learning rate: 0.000093
2025-03-27 17:35:59,703 - INFO - train Loss: 11.3762 Acc: 0.0219 Top-5 Acc: 0.1084
2025-03-27 17:35:59,704 - INFO - train epoch 22/100 took 113.57s
2025-03-27 17:36:30,687 - INFO - val Loss: 12.8404 Acc: 0.0309 Top-5 Acc: 0.1417
2025-03-27 17:36:30,688 - INFO - val epoch 22/100 took 30.98s
2025-03-27 17:36:30,696 - INFO - Epoch 22/100, Learning rate: 0.000092
2025-03-27 17:38:24,385 - INFO - train Loss: 11.2007 Acc: 0.0226 Top-5 Acc: 0.1107
2025-03-27 17:38:24,386 - INFO - train epoch 23/100 took 113.69s
2025-03-27 17:38:57,555 - INFO - val Loss: 20.8748 Acc: 0.0309 Top-5 Acc: 0.1562
2025-03-27 17:38:57,557 - INFO - val epoch 23/100 took 33.17s
2025-03-27 17:38:57,568 - INFO - Epoch 23/100, Learning rate: 0.000091
2025-03-27 17:40:50,613 - INFO - train Loss: 11.3658 Acc: 0.0259 Top-5 Acc: 0.1215
2025-03-27 17:40:50,614 - INFO - train epoch 24/100 took 113.05s
2025-03-27 17:41:20,881 - INFO - val Loss: 9.0525 Acc: 0.0254 Top-5 Acc: 0.1462
2025-03-27 17:41:20,882 - INFO - val epoch 24/100 took 30.27s
2025-03-27 17:41:20,890 - INFO - Epoch 24/100, Learning rate: 0.000090
2025-03-27 17:43:16,256 - INFO - train Loss: 11.1779 Acc: 0.0208 Top-5 Acc: 0.1040
2025-03-27 17:43:16,257 - INFO - train epoch 25/100 took 115.37s
2025-03-27 17:43:47,243 - INFO - val Loss: 23.0759 Acc: 0.0363 Top-5 Acc: 0.1480
2025-03-27 17:43:47,244 - INFO - val epoch 25/100 took 30.99s
2025-03-27 17:43:47,252 - INFO - Epoch 25/100, Learning rate: 0.000089
2025-03-27 17:45:41,593 - INFO - train Loss: 11.3530 Acc: 0.0261 Top-5 Acc: 0.1184
2025-03-27 17:45:41,593 - INFO - train epoch 26/100 took 114.34s
2025-03-27 17:46:13,781 - INFO - val Loss: 6.4005 Acc: 0.0282 Top-5 Acc: 0.1381
2025-03-27 17:46:13,782 - INFO - val epoch 26/100 took 32.19s
2025-03-27 17:46:13,789 - INFO - Epoch 26/100, Learning rate: 0.000088
2025-03-27 17:48:06,282 - INFO - train Loss: 11.2368 Acc: 0.0217 Top-5 Acc: 0.1119
2025-03-27 17:48:06,283 - INFO - train epoch 27/100 took 112.49s
2025-03-27 17:48:35,872 - INFO - val Loss: 11.8123 Acc: 0.0282 Top-5 Acc: 0.1408
2025-03-27 17:48:35,873 - INFO - val epoch 27/100 took 29.59s
2025-03-27 17:48:35,881 - INFO - Epoch 27/100, Learning rate: 0.000087
2025-03-27 17:50:27,415 - INFO - train Loss: 11.2444 Acc: 0.0238 Top-5 Acc: 0.1170
2025-03-27 17:50:27,416 - INFO - train epoch 28/100 took 111.53s
2025-03-27 17:50:58,860 - INFO - val Loss: 5.4751 Acc: 0.0227 Top-5 Acc: 0.1381
2025-03-27 17:50:58,861 - INFO - val epoch 28/100 took 31.44s
2025-03-27 17:50:58,870 - INFO - Epoch 28/100, Learning rate: 0.000086
2025-03-27 17:52:51,306 - INFO - train Loss: 11.4958 Acc: 0.0249 Top-5 Acc: 0.1145
2025-03-27 17:52:51,308 - INFO - train epoch 29/100 took 112.44s
2025-03-27 17:53:23,393 - INFO - val Loss: 25.8512 Acc: 0.0245 Top-5 Acc: 0.1344
2025-03-27 17:53:23,394 - INFO - val epoch 29/100 took 32.09s
2025-03-27 17:53:23,402 - INFO - Epoch 29/100, Learning rate: 0.000085
2025-03-27 17:55:15,332 - INFO - train Loss: 11.1519 Acc: 0.0235 Top-5 Acc: 0.1210
2025-03-27 17:55:15,333 - INFO - train epoch 30/100 took 111.93s
2025-03-27 17:55:44,681 - INFO - val Loss: 6.2155 Acc: 0.0218 Top-5 Acc: 0.1399
2025-03-27 17:55:44,682 - INFO - val epoch 30/100 took 29.35s
2025-03-27 17:55:44,690 - INFO - Epoch 30/100, Learning rate: 0.000084
2025-03-27 17:55:44,690 - INFO - Test phase not implemented in this version.
2025-03-27 17:57:36,580 - INFO - train Loss: 11.0086 Acc: 0.0252 Top-5 Acc: 0.1114
2025-03-27 17:57:36,581 - INFO - train epoch 31/100 took 111.89s
2025-03-27 17:58:07,254 - INFO - val Loss: 5.9363 Acc: 0.0245 Top-5 Acc: 0.1444
2025-03-27 17:58:07,256 - INFO - val epoch 31/100 took 30.67s
2025-03-27 17:58:07,267 - INFO - Epoch 31/100, Learning rate: 0.000083
2025-03-27 17:59:59,907 - INFO - train Loss: 11.0533 Acc: 0.0273 Top-5 Acc: 0.1245
2025-03-27 17:59:59,908 - INFO - train epoch 32/100 took 112.64s
2025-03-27 18:00:32,757 - INFO - val Loss: 216.5856 Acc: 0.0227 Top-5 Acc: 0.1190
2025-03-27 18:00:32,758 - INFO - val epoch 32/100 took 32.85s
2025-03-27 18:00:32,766 - INFO - Epoch 32/100, Learning rate: 0.000081
2025-03-27 18:02:24,811 - INFO - train Loss: 10.9859 Acc: 0.0226 Top-5 Acc: 0.1231
2025-03-27 18:02:24,812 - INFO - train epoch 33/100 took 112.05s
2025-03-27 18:02:54,853 - INFO - val Loss: 5.0349 Acc: 0.0191 Top-5 Acc: 0.1281
2025-03-27 18:02:54,855 - INFO - val epoch 33/100 took 30.04s
2025-03-27 18:02:54,866 - INFO - Epoch 33/100, Learning rate: 0.000080
2025-03-27 18:04:45,801 - INFO - train Loss: 11.0045 Acc: 0.0259 Top-5 Acc: 0.1119
2025-03-27 18:04:45,803 - INFO - train epoch 34/100 took 110.94s
2025-03-27 18:05:16,158 - INFO - val Loss: 116.9184 Acc: 0.0245 Top-5 Acc: 0.1317
2025-03-27 18:05:16,160 - INFO - val epoch 34/100 took 30.36s
2025-03-27 18:05:16,171 - INFO - Epoch 34/100, Learning rate: 0.000079
2025-03-27 18:07:07,085 - INFO - train Loss: nan Acc: 0.0212 Top-5 Acc: 0.1128
2025-03-27 18:07:07,086 - INFO - train epoch 35/100 took 110.91s
2025-03-27 18:07:40,171 - INFO - val Loss: nan Acc: 0.0154 Top-5 Acc: 0.0817
2025-03-27 18:07:40,173 - INFO - val epoch 35/100 took 33.09s
2025-03-27 18:07:40,184 - INFO - Epoch 35/100, Learning rate: 0.000077
2025-03-27 18:09:33,441 - INFO - train Loss: nan Acc: 0.0154 Top-5 Acc: 0.0802
2025-03-27 18:09:33,442 - INFO - train epoch 36/100 took 113.26s
2025-03-27 18:10:03,525 - INFO - val Loss: nan Acc: 0.0154 Top-5 Acc: 0.0817
2025-03-27 18:10:03,526 - INFO - val epoch 36/100 took 30.08s
2025-03-27 18:10:03,534 - INFO - Epoch 36/100, Learning rate: 0.000076
2025-03-27 18:11:56,040 - INFO - train Loss: nan Acc: 0.0159 Top-5 Acc: 0.0821
2025-03-27 18:11:56,042 - INFO - train epoch 37/100 took 112.51s
2025-03-27 18:12:26,691 - INFO - val Loss: nan Acc: 0.0154 Top-5 Acc: 0.0817
2025-03-27 18:12:26,691 - INFO - val epoch 37/100 took 30.65s
2025-03-27 18:12:26,699 - INFO - Epoch 37/100, Learning rate: 0.000075
2025-03-27 18:14:18,862 - INFO - train Loss: nan Acc: 0.0159 Top-5 Acc: 0.0821
2025-03-27 18:14:18,864 - INFO - train epoch 38/100 took 112.17s
2025-03-27 18:14:51,814 - INFO - val Loss: nan Acc: 0.0154 Top-5 Acc: 0.0817
2025-03-27 18:14:51,816 - INFO - val epoch 38/100 took 32.95s
2025-03-27 18:14:51,822 - INFO - Epoch 38/100, Learning rate: 0.000073
2025-03-27 18:16:44,800 - INFO - train Loss: nan Acc: 0.0159 Top-5 Acc: 0.0821
2025-03-27 18:16:44,801 - INFO - train epoch 39/100 took 112.98s
2025-03-27 18:17:14,763 - INFO - val Loss: nan Acc: 0.0154 Top-5 Acc: 0.0817
2025-03-27 18:17:14,764 - INFO - val epoch 39/100 took 29.96s
2025-03-27 18:17:14,772 - INFO - Epoch 39/100, Learning rate: 0.000072
2025-03-27 18:19:06,750 - INFO - train Loss: nan Acc: 0.0159 Top-5 Acc: 0.0821
2025-03-27 18:19:06,751 - INFO - train epoch 40/100 took 111.98s
2025-03-27 18:19:37,013 - INFO - val Loss: nan Acc: 0.0154 Top-5 Acc: 0.0817
2025-03-27 18:19:37,014 - INFO - val epoch 40/100 took 30.26s
2025-03-27 18:19:37,021 - INFO - Epoch 40/100, Learning rate: 0.000070
2025-03-27 18:19:37,539 - INFO - Saved checkpoint: /usr/users/volterrakernel/lepretre_cle/volterra/models/default_version/Basic_rgb_vnn_Five_Layers-hmdb51_epoch-39.pth.tar
2025-03-27 18:19:37,539 - INFO - Test phase not implemented in this version.
2025-03-27 18:21:28,189 - INFO - train Loss: nan Acc: 0.0159 Top-5 Acc: 0.0821
2025-03-27 18:21:28,190 - INFO - train epoch 41/100 took 110.65s
2025-03-27 18:22:01,227 - INFO - val Loss: nan Acc: 0.0154 Top-5 Acc: 0.0817
2025-03-27 18:22:01,228 - INFO - val epoch 41/100 took 33.04s
2025-03-27 18:22:01,235 - INFO - Epoch 41/100, Learning rate: 0.000069
2025-03-27 18:23:53,726 - INFO - train Loss: nan Acc: 0.0159 Top-5 Acc: 0.0821
2025-03-27 18:23:53,728 - INFO - train epoch 42/100 took 112.49s
2025-03-27 18:24:23,953 - INFO - val Loss: nan Acc: 0.0154 Top-5 Acc: 0.0817
2025-03-27 18:24:23,955 - INFO - val epoch 42/100 took 30.23s
2025-03-27 18:24:23,963 - INFO - Epoch 42/100, Learning rate: 0.000067
2025-03-27 18:26:16,539 - INFO - train Loss: nan Acc: 0.0159 Top-5 Acc: 0.0821
2025-03-27 18:26:16,540 - INFO - train epoch 43/100 took 112.58s
2025-03-27 18:26:46,895 - INFO - val Loss: nan Acc: 0.0154 Top-5 Acc: 0.0817
2025-03-27 18:26:46,896 - INFO - val epoch 43/100 took 30.36s
2025-03-27 18:26:46,904 - INFO - Epoch 43/100, Learning rate: 0.000065
2025-03-27 18:28:37,746 - INFO - train Loss: nan Acc: 0.0159 Top-5 Acc: 0.0821
2025-03-27 18:28:37,747 - INFO - train epoch 44/100 took 110.84s
2025-03-27 18:29:09,880 - INFO - val Loss: nan Acc: 0.0154 Top-5 Acc: 0.0817
2025-03-27 18:29:09,881 - INFO - val epoch 44/100 took 32.13s
2025-03-27 18:29:09,889 - INFO - Epoch 44/100, Learning rate: 0.000064
2025-03-27 18:31:04,130 - INFO - train Loss: nan Acc: 0.0159 Top-5 Acc: 0.0821
2025-03-27 18:31:04,133 - INFO - train epoch 45/100 took 114.24s
2025-03-27 18:31:34,926 - INFO - val Loss: nan Acc: 0.0154 Top-5 Acc: 0.0817
2025-03-27 18:31:34,927 - INFO - val epoch 45/100 took 30.79s
2025-03-27 18:31:34,936 - INFO - Epoch 45/100, Learning rate: 0.000062
2025-03-27 18:33:27,541 - INFO - train Loss: nan Acc: 0.0159 Top-5 Acc: 0.0821
2025-03-27 18:33:27,542 - INFO - train epoch 46/100 took 112.61s
2025-03-27 18:33:57,800 - INFO - val Loss: nan Acc: 0.0154 Top-5 Acc: 0.0817
2025-03-27 18:33:57,801 - INFO - val epoch 46/100 took 30.26s
2025-03-27 18:33:57,809 - INFO - Epoch 46/100, Learning rate: 0.000061
2025-03-27 18:35:48,097 - INFO - train Loss: nan Acc: 0.0159 Top-5 Acc: 0.0821
2025-03-27 18:35:48,100 - INFO - train epoch 47/100 took 110.29s
2025-03-27 18:36:20,233 - INFO - val Loss: nan Acc: 0.0154 Top-5 Acc: 0.0817
2025-03-27 18:36:20,234 - INFO - val epoch 47/100 took 32.13s
2025-03-27 18:36:20,241 - INFO - Epoch 47/100, Learning rate: 0.000059
2025-03-27 18:38:14,789 - INFO - train Loss: nan Acc: 0.0159 Top-5 Acc: 0.0821
2025-03-27 18:38:14,790 - INFO - train epoch 48/100 took 114.55s
2025-03-27 18:38:45,428 - INFO - val Loss: nan Acc: 0.0154 Top-5 Acc: 0.0817
2025-03-27 18:38:45,429 - INFO - val epoch 48/100 took 30.64s
2025-03-27 18:38:45,436 - INFO - Epoch 48/100, Learning rate: 0.000057
2025-03-27 18:40:37,941 - INFO - train Loss: nan Acc: 0.0159 Top-5 Acc: 0.0821
2025-03-27 18:40:37,942 - INFO - train epoch 49/100 took 112.51s
2025-03-27 18:41:08,196 - INFO - val Loss: nan Acc: 0.0154 Top-5 Acc: 0.0817
2025-03-27 18:41:08,197 - INFO - val epoch 49/100 took 30.25s
2025-03-27 18:41:08,205 - INFO - Epoch 49/100, Learning rate: 0.000056
2025-03-27 18:42:58,910 - INFO - train Loss: nan Acc: 0.0159 Top-5 Acc: 0.0821
2025-03-27 18:42:58,911 - INFO - train epoch 50/100 took 110.71s
2025-03-27 18:43:31,351 - INFO - val Loss: nan Acc: 0.0154 Top-5 Acc: 0.0817
2025-03-27 18:43:31,352 - INFO - val epoch 50/100 took 32.44s
2025-03-27 18:43:31,360 - INFO - Epoch 50/100, Learning rate: 0.000054
2025-03-27 18:43:31,360 - INFO - Test phase not implemented in this version.
2025-03-27 18:45:24,736 - INFO - train Loss: nan Acc: 0.0159 Top-5 Acc: 0.0821
2025-03-27 18:45:24,738 - INFO - train epoch 51/100 took 113.38s
2025-03-27 18:45:55,337 - INFO - val Loss: nan Acc: 0.0154 Top-5 Acc: 0.0817
2025-03-27 18:45:55,338 - INFO - val epoch 51/100 took 30.60s
2025-03-27 18:45:55,345 - INFO - Epoch 51/100, Learning rate: 0.000052
2025-03-27 18:47:47,717 - INFO - train Loss: nan Acc: 0.0159 Top-5 Acc: 0.0821
2025-03-27 18:47:47,718 - INFO - train epoch 52/100 took 112.37s
2025-03-27 18:48:18,477 - INFO - val Loss: nan Acc: 0.0154 Top-5 Acc: 0.0817
2025-03-27 18:48:18,478 - INFO - val epoch 52/100 took 30.76s
2025-03-27 18:48:18,487 - INFO - Epoch 52/100, Learning rate: 0.000051
2025-03-27 18:50:12,215 - INFO - train Loss: nan Acc: 0.0159 Top-5 Acc: 0.0821
2025-03-27 18:50:12,218 - INFO - train epoch 53/100 took 113.73s
2025-03-27 18:50:45,204 - INFO - val Loss: nan Acc: 0.0154 Top-5 Acc: 0.0817
2025-03-27 18:50:45,205 - INFO - val epoch 53/100 took 32.99s
2025-03-27 18:50:45,212 - INFO - Epoch 53/100, Learning rate: 0.000049
2025-03-27 18:52:39,878 - INFO - train Loss: nan Acc: 0.0159 Top-5 Acc: 0.0821
2025-03-27 18:52:39,879 - INFO - train epoch 54/100 took 114.67s
2025-03-27 18:53:10,998 - INFO - val Loss: nan Acc: 0.0154 Top-5 Acc: 0.0817
2025-03-27 18:53:11,000 - INFO - val epoch 54/100 took 31.12s
2025-03-27 18:53:11,013 - INFO - Epoch 54/100, Learning rate: 0.000048
2025-03-27 18:55:03,905 - INFO - train Loss: nan Acc: 0.0159 Top-5 Acc: 0.0821
2025-03-27 18:55:03,907 - INFO - train epoch 55/100 took 112.89s
2025-03-27 18:55:34,229 - INFO - val Loss: nan Acc: 0.0154 Top-5 Acc: 0.0817
2025-03-27 18:55:34,230 - INFO - val epoch 55/100 took 30.32s
2025-03-27 18:55:34,239 - INFO - Epoch 55/100, Learning rate: 0.000046
2025-03-27 18:57:26,381 - INFO - train Loss: nan Acc: 0.0159 Top-5 Acc: 0.0821
2025-03-27 18:57:26,382 - INFO - train epoch 56/100 took 112.14s
2025-03-27 18:57:59,143 - INFO - val Loss: nan Acc: 0.0154 Top-5 Acc: 0.0817
2025-03-27 18:57:59,144 - INFO - val epoch 56/100 took 32.76s
2025-03-27 18:57:59,151 - INFO - Epoch 56/100, Learning rate: 0.000044
2025-03-27 18:59:52,932 - INFO - train Loss: nan Acc: 0.0159 Top-5 Acc: 0.0821
2025-03-27 18:59:52,934 - INFO - train epoch 57/100 took 113.78s
2025-03-27 19:00:23,695 - INFO - val Loss: nan Acc: 0.0154 Top-5 Acc: 0.0817
2025-03-27 19:00:23,696 - INFO - val epoch 57/100 took 30.76s
2025-03-27 19:00:23,707 - INFO - Epoch 57/100, Learning rate: 0.000043
2025-03-27 19:02:15,625 - INFO - train Loss: nan Acc: 0.0159 Top-5 Acc: 0.0821
2025-03-27 19:02:15,627 - INFO - train epoch 58/100 took 111.92s
2025-03-27 19:02:46,238 - INFO - val Loss: nan Acc: 0.0154 Top-5 Acc: 0.0817
2025-03-27 19:02:46,239 - INFO - val epoch 58/100 took 30.61s
2025-03-27 19:02:46,246 - INFO - Epoch 58/100, Learning rate: 0.000041
2025-03-27 19:04:35,245 - INFO - train Loss: nan Acc: 0.0159 Top-5 Acc: 0.0821
2025-03-27 19:04:35,247 - INFO - train epoch 59/100 took 109.00s
2025-03-27 19:05:08,345 - INFO - val Loss: nan Acc: 0.0154 Top-5 Acc: 0.0817
2025-03-27 19:05:08,346 - INFO - val epoch 59/100 took 33.10s
2025-03-27 19:05:08,357 - INFO - Epoch 59/100, Learning rate: 0.000039
2025-03-27 19:07:00,806 - INFO - train Loss: nan Acc: 0.0159 Top-5 Acc: 0.0821
2025-03-27 19:07:00,808 - INFO - train epoch 60/100 took 112.45s
2025-03-27 19:07:30,941 - INFO - val Loss: nan Acc: 0.0154 Top-5 Acc: 0.0817
2025-03-27 19:07:30,943 - INFO - val epoch 60/100 took 30.13s
2025-03-27 19:07:30,953 - INFO - Epoch 60/100, Learning rate: 0.000038
2025-03-27 19:07:31,538 - INFO - Saved checkpoint: /usr/users/volterrakernel/lepretre_cle/volterra/models/default_version/Basic_rgb_vnn_Five_Layers-hmdb51_epoch-59.pth.tar
2025-03-27 19:07:31,539 - INFO - Test phase not implemented in this version.
2025-03-27 19:09:21,162 - INFO - train Loss: nan Acc: 0.0159 Top-5 Acc: 0.0821
2025-03-27 19:09:21,164 - INFO - train epoch 61/100 took 109.62s
2025-03-27 19:09:51,890 - INFO - val Loss: nan Acc: 0.0154 Top-5 Acc: 0.0817
2025-03-27 19:09:51,891 - INFO - val epoch 61/100 took 30.73s
2025-03-27 19:09:51,898 - INFO - Epoch 61/100, Learning rate: 0.000036
2025-03-27 19:11:41,737 - INFO - train Loss: nan Acc: 0.0159 Top-5 Acc: 0.0821
2025-03-27 19:11:41,738 - INFO - train epoch 62/100 took 109.84s
2025-03-27 19:12:14,589 - INFO - val Loss: nan Acc: 0.0154 Top-5 Acc: 0.0817
2025-03-27 19:12:14,589 - INFO - val epoch 62/100 took 32.85s
2025-03-27 19:12:14,597 - INFO - Epoch 62/100, Learning rate: 0.000035
2025-03-27 19:14:08,007 - INFO - train Loss: nan Acc: 0.0159 Top-5 Acc: 0.0821
2025-03-27 19:14:08,009 - INFO - train epoch 63/100 took 113.41s
2025-03-27 19:14:38,540 - INFO - val Loss: nan Acc: 0.0154 Top-5 Acc: 0.0817
2025-03-27 19:14:38,541 - INFO - val epoch 63/100 took 30.53s
2025-03-27 19:14:38,554 - INFO - Epoch 63/100, Learning rate: 0.000033
2025-03-27 19:16:30,384 - INFO - train Loss: nan Acc: 0.0159 Top-5 Acc: 0.0821
2025-03-27 19:16:30,386 - INFO - train epoch 64/100 took 111.83s
2025-03-27 19:17:00,975 - INFO - val Loss: nan Acc: 0.0154 Top-5 Acc: 0.0817
2025-03-27 19:17:00,976 - INFO - val epoch 64/100 took 30.59s
2025-03-27 19:17:00,983 - INFO - Epoch 64/100, Learning rate: 0.000031
2025-03-27 19:18:52,149 - INFO - train Loss: nan Acc: 0.0159 Top-5 Acc: 0.0821
2025-03-27 19:18:52,150 - INFO - train epoch 65/100 took 111.17s
2025-03-27 19:19:23,971 - INFO - val Loss: nan Acc: 0.0154 Top-5 Acc: 0.0817
2025-03-27 19:19:23,972 - INFO - val epoch 65/100 took 31.82s
2025-03-27 19:19:23,980 - INFO - Epoch 65/100, Learning rate: 0.000030
2025-03-27 19:21:17,128 - INFO - train Loss: nan Acc: 0.0159 Top-5 Acc: 0.0821
2025-03-27 19:21:17,129 - INFO - train epoch 66/100 took 113.15s
2025-03-27 19:21:47,654 - INFO - val Loss: nan Acc: 0.0154 Top-5 Acc: 0.0817
2025-03-27 19:21:47,655 - INFO - val epoch 66/100 took 30.53s
2025-03-27 19:21:47,664 - INFO - Epoch 66/100, Learning rate: 0.000028
2025-03-27 19:23:37,710 - INFO - train Loss: nan Acc: 0.0159 Top-5 Acc: 0.0821
2025-03-27 19:23:37,711 - INFO - train epoch 67/100 took 110.05s
2025-03-27 19:24:08,666 - INFO - val Loss: nan Acc: 0.0154 Top-5 Acc: 0.0817
2025-03-27 19:24:08,668 - INFO - val epoch 67/100 took 30.96s
2025-03-27 19:24:08,675 - INFO - Epoch 67/100, Learning rate: 0.000027
2025-03-27 19:25:58,074 - INFO - train Loss: nan Acc: 0.0159 Top-5 Acc: 0.0821
2025-03-27 19:25:58,075 - INFO - train epoch 68/100 took 109.40s
2025-03-27 19:26:29,522 - INFO - val Loss: nan Acc: 0.0154 Top-5 Acc: 0.0817
2025-03-27 19:26:29,523 - INFO - val epoch 68/100 took 31.45s
2025-03-27 19:26:29,532 - INFO - Epoch 68/100, Learning rate: 0.000025
2025-03-27 19:28:20,978 - INFO - train Loss: nan Acc: 0.0159 Top-5 Acc: 0.0821
2025-03-27 19:28:20,980 - INFO - train epoch 69/100 took 111.45s
2025-03-27 19:28:52,153 - INFO - val Loss: nan Acc: 0.0154 Top-5 Acc: 0.0817
2025-03-27 19:28:52,154 - INFO - val epoch 69/100 took 31.17s
2025-03-27 19:28:52,162 - INFO - Epoch 69/100, Learning rate: 0.000024
2025-03-27 19:30:44,052 - INFO - train Loss: nan Acc: 0.0159 Top-5 Acc: 0.0821
2025-03-27 19:30:44,053 - INFO - train epoch 70/100 took 111.89s
2025-03-27 19:31:16,653 - INFO - val Loss: nan Acc: 0.0154 Top-5 Acc: 0.0817
2025-03-27 19:31:16,654 - INFO - val epoch 70/100 took 32.60s
2025-03-27 19:31:16,662 - INFO - Epoch 70/100, Learning rate: 0.000023
2025-03-27 19:31:16,662 - INFO - Test phase not implemented in this version.
2025-03-27 19:33:13,377 - INFO - train Loss: nan Acc: 0.0159 Top-5 Acc: 0.0821
2025-03-27 19:33:13,379 - INFO - train epoch 71/100 took 116.72s
2025-03-27 19:33:44,409 - INFO - val Loss: nan Acc: 0.0154 Top-5 Acc: 0.0817
2025-03-27 19:33:44,410 - INFO - val epoch 71/100 took 31.03s
2025-03-27 19:33:44,418 - INFO - Epoch 71/100, Learning rate: 0.000021
2025-03-27 19:35:44,327 - INFO - train Loss: nan Acc: 0.0159 Top-5 Acc: 0.0821
2025-03-27 19:35:44,328 - INFO - train epoch 72/100 took 119.91s
2025-03-27 19:36:14,988 - INFO - val Loss: nan Acc: 0.0154 Top-5 Acc: 0.0817
2025-03-27 19:36:14,989 - INFO - val epoch 72/100 took 30.66s
2025-03-27 19:36:14,996 - INFO - Epoch 72/100, Learning rate: 0.000020
2025-03-27 19:38:07,073 - INFO - train Loss: nan Acc: 0.0159 Top-5 Acc: 0.0821
2025-03-27 19:38:07,074 - INFO - train epoch 73/100 took 112.08s
2025-03-27 19:38:39,086 - INFO - val Loss: nan Acc: 0.0154 Top-5 Acc: 0.0817
2025-03-27 19:38:39,087 - INFO - val epoch 73/100 took 32.01s
2025-03-27 19:38:39,095 - INFO - Epoch 73/100, Learning rate: 0.000019
2025-03-27 19:40:32,641 - INFO - train Loss: nan Acc: 0.0159 Top-5 Acc: 0.0821
2025-03-27 19:40:32,642 - INFO - train epoch 74/100 took 113.55s
2025-03-27 19:41:04,972 - INFO - val Loss: nan Acc: 0.0154 Top-5 Acc: 0.0817
2025-03-27 19:41:04,973 - INFO - val epoch 74/100 took 32.33s
2025-03-27 19:41:04,980 - INFO - Epoch 74/100, Learning rate: 0.000017
2025-03-27 19:42:55,476 - INFO - train Loss: nan Acc: 0.0159 Top-5 Acc: 0.0821
2025-03-27 19:42:55,477 - INFO - train epoch 75/100 took 110.50s
2025-03-27 19:43:27,012 - INFO - val Loss: nan Acc: 0.0154 Top-5 Acc: 0.0817
2025-03-27 19:43:27,013 - INFO - val epoch 75/100 took 31.54s
2025-03-27 19:43:27,020 - INFO - Epoch 75/100, Learning rate: 0.000016
2025-03-27 19:45:18,537 - INFO - train Loss: nan Acc: 0.0159 Top-5 Acc: 0.0821
2025-03-27 19:45:18,539 - INFO - train epoch 76/100 took 111.52s
2025-03-27 19:45:50,327 - INFO - val Loss: nan Acc: 0.0154 Top-5 Acc: 0.0817
2025-03-27 19:45:50,328 - INFO - val epoch 76/100 took 31.79s
2025-03-27 19:45:50,336 - INFO - Epoch 76/100, Learning rate: 0.000015
2025-03-27 19:47:40,086 - INFO - train Loss: nan Acc: 0.0159 Top-5 Acc: 0.0821
2025-03-27 19:47:40,087 - INFO - train epoch 77/100 took 109.75s
2025-03-27 19:48:13,010 - INFO - val Loss: nan Acc: 0.0154 Top-5 Acc: 0.0817
2025-03-27 19:48:13,011 - INFO - val epoch 77/100 took 32.92s
2025-03-27 19:48:13,018 - INFO - Epoch 77/100, Learning rate: 0.000014
2025-03-27 19:50:03,905 - INFO - train Loss: nan Acc: 0.0159 Top-5 Acc: 0.0821
2025-03-27 19:50:03,906 - INFO - train epoch 78/100 took 110.89s
2025-03-27 19:50:35,331 - INFO - val Loss: nan Acc: 0.0154 Top-5 Acc: 0.0817
2025-03-27 19:50:35,333 - INFO - val epoch 78/100 took 31.43s
2025-03-27 19:50:35,341 - INFO - Epoch 78/100, Learning rate: 0.000013
2025-03-27 19:52:27,785 - INFO - train Loss: nan Acc: 0.0159 Top-5 Acc: 0.0821
2025-03-27 19:52:27,786 - INFO - train epoch 79/100 took 112.45s
2025-03-27 19:52:59,864 - INFO - val Loss: nan Acc: 0.0154 Top-5 Acc: 0.0817
2025-03-27 19:52:59,865 - INFO - val epoch 79/100 took 32.08s
2025-03-27 19:52:59,872 - INFO - Epoch 79/100, Learning rate: 0.000012
2025-03-27 19:54:52,145 - INFO - train Loss: nan Acc: 0.0159 Top-5 Acc: 0.0821
2025-03-27 19:54:52,146 - INFO - train epoch 80/100 took 112.27s
2025-03-27 19:55:24,886 - INFO - val Loss: nan Acc: 0.0154 Top-5 Acc: 0.0817
2025-03-27 19:55:24,887 - INFO - val epoch 80/100 took 32.74s
2025-03-27 19:55:24,894 - INFO - Epoch 80/100, Learning rate: 0.000011
2025-03-27 19:55:25,453 - INFO - Saved checkpoint: /usr/users/volterrakernel/lepretre_cle/volterra/models/default_version/Basic_rgb_vnn_Five_Layers-hmdb51_epoch-79.pth.tar
2025-03-27 19:55:25,453 - INFO - Test phase not implemented in this version.
2025-03-27 19:57:16,701 - INFO - train Loss: nan Acc: 0.0159 Top-5 Acc: 0.0821
2025-03-27 19:57:16,702 - INFO - train epoch 81/100 took 111.25s
2025-03-27 19:57:48,150 - INFO - val Loss: nan Acc: 0.0154 Top-5 Acc: 0.0817
2025-03-27 19:57:48,151 - INFO - val epoch 81/100 took 31.45s
2025-03-27 19:57:48,158 - INFO - Epoch 81/100, Learning rate: 0.000010
2025-03-27 19:59:41,372 - INFO - train Loss: nan Acc: 0.0159 Top-5 Acc: 0.0821
2025-03-27 19:59:41,374 - INFO - train epoch 82/100 took 113.22s
2025-03-27 20:00:13,849 - INFO - val Loss: nan Acc: 0.0154 Top-5 Acc: 0.0817
2025-03-27 20:00:13,851 - INFO - val epoch 82/100 took 32.48s
2025-03-27 20:00:13,859 - INFO - Epoch 82/100, Learning rate: 0.000009
2025-03-27 20:02:05,852 - INFO - train Loss: nan Acc: 0.0159 Top-5 Acc: 0.0821
2025-03-27 20:02:05,854 - INFO - train epoch 83/100 took 111.99s
2025-03-27 20:02:38,373 - INFO - val Loss: nan Acc: 0.0154 Top-5 Acc: 0.0817
2025-03-27 20:02:38,374 - INFO - val epoch 83/100 took 32.52s
2025-03-27 20:02:38,382 - INFO - Epoch 83/100, Learning rate: 0.000008
2025-03-27 20:04:30,843 - INFO - train Loss: nan Acc: 0.0159 Top-5 Acc: 0.0821
2025-03-27 20:04:30,854 - INFO - train epoch 84/100 took 112.47s
2025-03-27 20:05:02,828 - INFO - val Loss: nan Acc: 0.0154 Top-5 Acc: 0.0817
2025-03-27 20:05:02,829 - INFO - val epoch 84/100 took 31.97s
2025-03-27 20:05:02,837 - INFO - Epoch 84/100, Learning rate: 0.000007
2025-03-27 20:06:54,611 - INFO - train Loss: nan Acc: 0.0159 Top-5 Acc: 0.0821
2025-03-27 20:06:54,613 - INFO - train epoch 85/100 took 111.78s
2025-03-27 20:07:26,898 - INFO - val Loss: nan Acc: 0.0154 Top-5 Acc: 0.0817
2025-03-27 20:07:26,899 - INFO - val epoch 85/100 took 32.29s
2025-03-27 20:07:26,907 - INFO - Epoch 85/100, Learning rate: 0.000006
2025-03-27 20:09:20,211 - INFO - train Loss: nan Acc: 0.0159 Top-5 Acc: 0.0821
2025-03-27 20:09:20,212 - INFO - train epoch 86/100 took 113.31s
2025-03-27 20:09:51,482 - INFO - val Loss: nan Acc: 0.0154 Top-5 Acc: 0.0817
2025-03-27 20:09:51,484 - INFO - val epoch 86/100 took 31.27s
2025-03-27 20:09:51,496 - INFO - Epoch 86/100, Learning rate: 0.000005
2025-03-27 20:11:44,388 - INFO - train Loss: nan Acc: 0.0159 Top-5 Acc: 0.0821
2025-03-27 20:11:44,389 - INFO - train epoch 87/100 took 112.89s
2025-03-27 20:12:16,365 - INFO - val Loss: nan Acc: 0.0154 Top-5 Acc: 0.0817
2025-03-27 20:12:16,366 - INFO - val epoch 87/100 took 31.98s
2025-03-27 20:12:16,374 - INFO - Epoch 87/100, Learning rate: 0.000005
2025-03-27 20:14:08,763 - INFO - train Loss: nan Acc: 0.0159 Top-5 Acc: 0.0821
2025-03-27 20:14:08,764 - INFO - train epoch 88/100 took 112.39s
2025-03-27 20:14:41,028 - INFO - val Loss: nan Acc: 0.0154 Top-5 Acc: 0.0817
2025-03-27 20:14:41,029 - INFO - val epoch 88/100 took 32.26s
2025-03-27 20:14:41,036 - INFO - Epoch 88/100, Learning rate: 0.000004
2025-03-27 20:16:35,082 - INFO - train Loss: nan Acc: 0.0159 Top-5 Acc: 0.0821
2025-03-27 20:16:35,083 - INFO - train epoch 89/100 took 114.05s
2025-03-27 20:17:07,064 - INFO - val Loss: nan Acc: 0.0154 Top-5 Acc: 0.0817
2025-03-27 20:17:07,065 - INFO - val epoch 89/100 took 31.98s
2025-03-27 20:17:07,073 - INFO - Epoch 89/100, Learning rate: 0.000003
2025-03-27 20:19:00,429 - INFO - train Loss: nan Acc: 0.0159 Top-5 Acc: 0.0821
2025-03-27 20:19:00,430 - INFO - train epoch 90/100 took 113.36s
2025-03-27 20:19:32,016 - INFO - val Loss: nan Acc: 0.0154 Top-5 Acc: 0.0817
2025-03-27 20:19:32,017 - INFO - val epoch 90/100 took 31.59s
2025-03-27 20:19:32,025 - INFO - Epoch 90/100, Learning rate: 0.000003
2025-03-27 20:19:32,025 - INFO - Test phase not implemented in this version.
2025-03-27 20:21:24,753 - INFO - train Loss: nan Acc: 0.0159 Top-5 Acc: 0.0821
2025-03-27 20:21:24,755 - INFO - train epoch 91/100 took 112.73s
2025-03-27 20:21:58,457 - INFO - val Loss: nan Acc: 0.0154 Top-5 Acc: 0.0817
2025-03-27 20:21:58,459 - INFO - val epoch 91/100 took 33.70s
2025-03-27 20:21:58,471 - INFO - Epoch 91/100, Learning rate: 0.000002
2025-03-27 20:23:54,158 - INFO - train Loss: nan Acc: 0.0159 Top-5 Acc: 0.0821
2025-03-27 20:23:54,159 - INFO - train epoch 92/100 took 115.69s
2025-03-27 20:24:26,080 - INFO - val Loss: nan Acc: 0.0154 Top-5 Acc: 0.0817
2025-03-27 20:24:26,081 - INFO - val epoch 92/100 took 31.92s
2025-03-27 20:24:26,091 - INFO - Epoch 92/100, Learning rate: 0.000002
2025-03-27 20:26:17,152 - INFO - train Loss: nan Acc: 0.0159 Top-5 Acc: 0.0821
2025-03-27 20:26:17,153 - INFO - train epoch 93/100 took 111.06s
2025-03-27 20:26:48,957 - INFO - val Loss: nan Acc: 0.0154 Top-5 Acc: 0.0817
2025-03-27 20:26:48,958 - INFO - val epoch 93/100 took 31.80s
2025-03-27 20:26:48,968 - INFO - Epoch 93/100, Learning rate: 0.000001
2025-03-27 20:28:39,712 - INFO - train Loss: nan Acc: 0.0159 Top-5 Acc: 0.0821
2025-03-27 20:28:39,713 - INFO - train epoch 94/100 took 110.74s
2025-03-27 20:29:12,934 - INFO - val Loss: nan Acc: 0.0154 Top-5 Acc: 0.0817
2025-03-27 20:29:12,936 - INFO - val epoch 94/100 took 33.22s
2025-03-27 20:29:12,949 - INFO - Epoch 94/100, Learning rate: 0.000001
2025-03-27 20:31:06,122 - INFO - train Loss: nan Acc: 0.0159 Top-5 Acc: 0.0821
2025-03-27 20:31:06,123 - INFO - train epoch 95/100 took 113.17s
2025-03-27 20:31:37,939 - INFO - val Loss: nan Acc: 0.0154 Top-5 Acc: 0.0817
2025-03-27 20:31:37,941 - INFO - val epoch 95/100 took 31.82s
2025-03-27 20:31:37,948 - INFO - Epoch 95/100, Learning rate: 0.000001
2025-03-27 20:33:31,299 - INFO - train Loss: nan Acc: 0.0159 Top-5 Acc: 0.0821
2025-03-27 20:33:31,301 - INFO - train epoch 96/100 took 113.35s
2025-03-27 20:34:02,949 - INFO - val Loss: nan Acc: 0.0154 Top-5 Acc: 0.0817
2025-03-27 20:34:02,950 - INFO - val epoch 96/100 took 31.65s
2025-03-27 20:34:02,957 - INFO - Epoch 96/100, Learning rate: 0.000000
2025-03-27 20:35:54,348 - INFO - train Loss: nan Acc: 0.0159 Top-5 Acc: 0.0821
2025-03-27 20:35:54,350 - INFO - train epoch 97/100 took 111.39s
2025-03-27 20:36:26,768 - INFO - val Loss: nan Acc: 0.0154 Top-5 Acc: 0.0817
2025-03-27 20:36:26,769 - INFO - val epoch 97/100 took 32.42s
2025-03-27 20:36:26,777 - INFO - Epoch 97/100, Learning rate: 0.000000
2025-03-27 20:38:20,373 - INFO - train Loss: nan Acc: 0.0159 Top-5 Acc: 0.0821
2025-03-27 20:38:20,374 - INFO - train epoch 98/100 took 113.60s
2025-03-27 20:38:52,230 - INFO - val Loss: nan Acc: 0.0154 Top-5 Acc: 0.0817
2025-03-27 20:38:52,231 - INFO - val epoch 98/100 took 31.86s
2025-03-27 20:38:52,238 - INFO - Epoch 98/100, Learning rate: 0.000000
2025-03-27 20:40:46,033 - INFO - train Loss: nan Acc: 0.0159 Top-5 Acc: 0.0821
2025-03-27 20:40:46,034 - INFO - train epoch 99/100 took 113.80s
2025-03-27 20:41:17,986 - INFO - val Loss: nan Acc: 0.0154 Top-5 Acc: 0.0817
2025-03-27 20:41:17,987 - INFO - val epoch 99/100 took 31.95s
2025-03-27 20:41:17,995 - INFO - Epoch 99/100, Learning rate: 0.000000
2025-03-27 20:43:09,206 - INFO - train Loss: nan Acc: 0.0159 Top-5 Acc: 0.0821
2025-03-27 20:43:09,207 - INFO - train epoch 100/100 took 111.21s
2025-03-27 20:43:41,556 - INFO - val Loss: nan Acc: 0.0154 Top-5 Acc: 0.0817
2025-03-27 20:43:41,557 - INFO - val epoch 100/100 took 32.35s
2025-03-27 20:43:41,567 - INFO - Epoch 100/100, Learning rate: 0.000000
2025-03-27 20:43:42,023 - INFO - Saved checkpoint: /usr/users/volterrakernel/lepretre_cle/volterra/models/default_version/Basic_rgb_vnn_Five_Layers-hmdb51_epoch-99.pth.tar
2025-03-27 20:43:42,023 - INFO - Test phase not implemented in this version.
